[0.192s] DEBUG:colcon:Command line arguments: ['/usr/bin/colcon', 'build']
[0.192s] DEBUG:colcon:Parsed command line arguments: Namespace(log_base=None, log_level=None, verb_name='build', build_base='build', install_base='install', merge_install=False, symlink_install=False, test_result_base=None, continue_on_error=False, executor='parallel', parallel_workers=12, event_handlers=None, ignore_user_meta=False, metas=['./colcon.meta'], base_paths=['.'], packages_ignore=None, packages_ignore_regex=None, paths=None, packages_up_to=None, packages_up_to_regex=None, packages_above=None, packages_above_and_dependencies=None, packages_above_depth=None, packages_select_by_dep=None, packages_skip_by_dep=None, packages_skip_up_to=None, packages_select_build_failed=False, packages_skip_build_finished=False, packages_select_test_failures=False, packages_skip_test_passed=False, packages_select=None, packages_skip=None, packages_select_regex=None, packages_skip_regex=None, packages_start=None, packages_end=None, cmake_args=None, cmake_target=None, cmake_target_skip_unavailable=False, cmake_clean_cache=False, cmake_clean_first=False, cmake_force_configure=False, ament_cmake_args=None, catkin_cmake_args=None, catkin_skip_building_tests=False, mixin_files=None, mixin=None, verb_parser=<colcon_mixin.mixin.mixin_argument.MixinArgumentDecorator object at 0x7fee295ee020>, verb_extension=<colcon_core.verb.build.BuildVerb object at 0x7fee29de2b60>, main=<bound method BuildVerb.main of <colcon_core.verb.build.BuildVerb object at 0x7fee29de2b60>>, mixin_verb=('build',))
[0.213s] Level 1:colcon.colcon_core.package_discovery:discover_packages(colcon_meta) check parameters
[0.213s] INFO:colcon.colcon_metadata.package_discovery.colcon_meta:Using configuration from '/root/.colcon/metadata/default/Gazebo.meta'
[0.213s] INFO:colcon.colcon_metadata.package_discovery.colcon_meta:Using configuration from '/root/.colcon/metadata/default/fastrtps.meta'
[0.213s] Level 1:colcon.colcon_core.package_discovery:discover_packages(recursive) check parameters
[0.213s] Level 1:colcon.colcon_core.package_discovery:discover_packages(ignore) check parameters
[0.214s] Level 1:colcon.colcon_core.package_discovery:discover_packages(path) check parameters
[0.214s] Level 1:colcon.colcon_core.package_discovery:discover_packages(colcon_meta) discover
[0.214s] Level 1:colcon.colcon_core.package_discovery:discover_packages(recursive) discover
[0.214s] INFO:colcon.colcon_core.package_discovery:Crawling recursively for packages in '/root/slam/slam/osm/osm-nav'
[0.214s] Level 1:colcon.colcon_core.package_identification:_identify(.) by extensions ['ignore', 'ignore_ament_install']
[0.214s] Level 1:colcon.colcon_core.package_identification:_identify(.) by extension 'ignore'
[0.214s] Level 1:colcon.colcon_core.package_identification:_identify(.) by extension 'ignore_ament_install'
[0.214s] Level 1:colcon.colcon_core.package_identification:_identify(.) by extensions ['colcon_pkg']
[0.214s] Level 1:colcon.colcon_core.package_identification:_identify(.) by extension 'colcon_pkg'
[0.214s] Level 1:colcon.colcon_core.package_identification:_identify(.) by extensions ['colcon_meta']
[0.214s] Level 1:colcon.colcon_core.package_identification:_identify(.) by extension 'colcon_meta'
[0.214s] Level 1:colcon.colcon_core.package_identification:_identify(.) by extensions ['ros']
[0.214s] Level 1:colcon.colcon_core.package_identification:_identify(.) by extension 'ros'
[0.222s] Level 1:colcon.colcon_core.package_identification:_identify(.) by extensions ['cmake', 'python']
[0.222s] Level 1:colcon.colcon_core.package_identification:_identify(.) by extension 'cmake'
[0.222s] Level 1:colcon.colcon_core.package_identification:_identify(.) by extension 'python'
[0.222s] Level 1:colcon.colcon_core.package_identification:_identify(.) by extensions ['python_setup_py']
[0.222s] Level 1:colcon.colcon_core.package_identification:_identify(.) by extension 'python_setup_py'
[0.222s] Level 1:colcon.colcon_core.package_identification:_identify(build) by extensions ['ignore', 'ignore_ament_install']
[0.222s] Level 1:colcon.colcon_core.package_identification:_identify(build) by extension 'ignore'
[0.223s] Level 1:colcon.colcon_core.package_identification:_identify(build) ignored
[0.223s] Level 1:colcon.colcon_core.package_identification:_identify(install) by extensions ['ignore', 'ignore_ament_install']
[0.223s] Level 1:colcon.colcon_core.package_identification:_identify(install) by extension 'ignore'
[0.223s] Level 1:colcon.colcon_core.package_identification:_identify(install) ignored
[0.223s] Level 1:colcon.colcon_core.package_identification:_identify(log) by extensions ['ignore', 'ignore_ament_install']
[0.223s] Level 1:colcon.colcon_core.package_identification:_identify(log) by extension 'ignore'
[0.223s] Level 1:colcon.colcon_core.package_identification:_identify(log) ignored
[0.223s] Level 1:colcon.colcon_core.package_identification:_identify(src) by extensions ['ignore', 'ignore_ament_install']
[0.223s] Level 1:colcon.colcon_core.package_identification:_identify(src) by extension 'ignore'
[0.223s] Level 1:colcon.colcon_core.package_identification:_identify(src) by extension 'ignore_ament_install'
[0.223s] Level 1:colcon.colcon_core.package_identification:_identify(src) by extensions ['colcon_pkg']
[0.223s] Level 1:colcon.colcon_core.package_identification:_identify(src) by extension 'colcon_pkg'
[0.223s] Level 1:colcon.colcon_core.package_identification:_identify(src) by extensions ['colcon_meta']
[0.223s] Level 1:colcon.colcon_core.package_identification:_identify(src) by extension 'colcon_meta'
[0.223s] Level 1:colcon.colcon_core.package_identification:_identify(src) by extensions ['ros']
[0.223s] Level 1:colcon.colcon_core.package_identification:_identify(src) by extension 'ros'
[0.223s] Level 1:colcon.colcon_core.package_identification:_identify(src) by extensions ['cmake', 'python']
[0.223s] Level 1:colcon.colcon_core.package_identification:_identify(src) by extension 'cmake'
[0.223s] Level 1:colcon.colcon_core.package_identification:_identify(src) by extension 'python'
[0.223s] Level 1:colcon.colcon_core.package_identification:_identify(src) by extensions ['python_setup_py']
[0.223s] Level 1:colcon.colcon_core.package_identification:_identify(src) by extension 'python_setup_py'
[0.223s] Level 1:colcon.colcon_core.package_identification:_identify(src/osm_nav_interface) by extensions ['ignore', 'ignore_ament_install']
[0.224s] Level 1:colcon.colcon_core.package_identification:_identify(src/osm_nav_interface) by extension 'ignore'
[0.224s] Level 1:colcon.colcon_core.package_identification:_identify(src/osm_nav_interface) by extension 'ignore_ament_install'
[0.224s] Level 1:colcon.colcon_core.package_identification:_identify(src/osm_nav_interface) by extensions ['colcon_pkg']
[0.224s] Level 1:colcon.colcon_core.package_identification:_identify(src/osm_nav_interface) by extension 'colcon_pkg'
[0.224s] Level 1:colcon.colcon_core.package_identification:_identify(src/osm_nav_interface) by extensions ['colcon_meta']
[0.224s] Level 1:colcon.colcon_core.package_identification:_identify(src/osm_nav_interface) by extension 'colcon_meta'
[0.224s] Level 1:colcon.colcon_core.package_identification:_identify(src/osm_nav_interface) by extensions ['ros']
[0.224s] Level 1:colcon.colcon_core.package_identification:_identify(src/osm_nav_interface) by extension 'ros'
[0.225s] DEBUG:colcon.colcon_core.package_identification:Package 'src/osm_nav_interface' with type 'ros.ament_cmake' and name 'osm_nav_interface'
[0.226s] Level 1:colcon.colcon_core.package_identification:_identify(src/osm_navigation) by extensions ['ignore', 'ignore_ament_install']
[0.226s] Level 1:colcon.colcon_core.package_identification:_identify(src/osm_navigation) by extension 'ignore'
[0.226s] Level 1:colcon.colcon_core.package_identification:_identify(src/osm_navigation) by extension 'ignore_ament_install'
[0.226s] Level 1:colcon.colcon_core.package_identification:_identify(src/osm_navigation) by extensions ['colcon_pkg']
[0.226s] Level 1:colcon.colcon_core.package_identification:_identify(src/osm_navigation) by extension 'colcon_pkg'
[0.226s] Level 1:colcon.colcon_core.package_identification:_identify(src/osm_navigation) by extensions ['colcon_meta']
[0.226s] Level 1:colcon.colcon_core.package_identification:_identify(src/osm_navigation) by extension 'colcon_meta'
[0.226s] Level 1:colcon.colcon_core.package_identification:_identify(src/osm_navigation) by extensions ['ros']
[0.226s] Level 1:colcon.colcon_core.package_identification:_identify(src/osm_navigation) by extension 'ros'
[0.226s] DEBUG:colcon.colcon_core.package_identification:Package 'src/osm_navigation' with type 'ros.ament_cmake' and name 'osm_nav'
[0.226s] Level 1:colcon.colcon_core.package_discovery:discover_packages(recursive) using defaults
[0.226s] Level 1:colcon.colcon_core.package_discovery:discover_packages(ignore) discover
[0.226s] Level 1:colcon.colcon_core.package_discovery:discover_packages(ignore) using defaults
[0.226s] Level 1:colcon.colcon_core.package_discovery:discover_packages(path) discover
[0.226s] Level 1:colcon.colcon_core.package_discovery:discover_packages(path) using defaults
[0.242s] Level 5:colcon.colcon_core.verb:set package 'osm_nav_interface' build argument 'cmake_args' from command line to 'None'
[0.242s] Level 5:colcon.colcon_core.verb:set package 'osm_nav_interface' build argument 'cmake_target' from command line to 'None'
[0.242s] Level 5:colcon.colcon_core.verb:set package 'osm_nav_interface' build argument 'cmake_target_skip_unavailable' from command line to 'False'
[0.242s] Level 5:colcon.colcon_core.verb:set package 'osm_nav_interface' build argument 'cmake_clean_cache' from command line to 'False'
[0.242s] Level 5:colcon.colcon_core.verb:set package 'osm_nav_interface' build argument 'cmake_clean_first' from command line to 'False'
[0.242s] Level 5:colcon.colcon_core.verb:set package 'osm_nav_interface' build argument 'cmake_force_configure' from command line to 'False'
[0.242s] Level 5:colcon.colcon_core.verb:set package 'osm_nav_interface' build argument 'ament_cmake_args' from command line to 'None'
[0.242s] Level 5:colcon.colcon_core.verb:set package 'osm_nav_interface' build argument 'catkin_cmake_args' from command line to 'None'
[0.242s] Level 5:colcon.colcon_core.verb:set package 'osm_nav_interface' build argument 'catkin_skip_building_tests' from command line to 'False'
[0.242s] DEBUG:colcon.colcon_core.verb:Building package 'osm_nav_interface' with the following arguments: {'ament_cmake_args': None, 'build_base': '/root/slam/slam/osm/osm-nav/build/osm_nav_interface', 'catkin_cmake_args': None, 'catkin_skip_building_tests': False, 'cmake_args': None, 'cmake_clean_cache': False, 'cmake_clean_first': False, 'cmake_force_configure': False, 'cmake_target': None, 'cmake_target_skip_unavailable': False, 'install_base': '/root/slam/slam/osm/osm-nav/install/osm_nav_interface', 'merge_install': False, 'path': '/root/slam/slam/osm/osm-nav/src/osm_nav_interface', 'symlink_install': False, 'test_result_base': None}
[0.243s] Level 5:colcon.colcon_core.verb:set package 'osm_nav' build argument 'cmake_args' from command line to 'None'
[0.243s] Level 5:colcon.colcon_core.verb:set package 'osm_nav' build argument 'cmake_target' from command line to 'None'
[0.243s] Level 5:colcon.colcon_core.verb:set package 'osm_nav' build argument 'cmake_target_skip_unavailable' from command line to 'False'
[0.243s] Level 5:colcon.colcon_core.verb:set package 'osm_nav' build argument 'cmake_clean_cache' from command line to 'False'
[0.243s] Level 5:colcon.colcon_core.verb:set package 'osm_nav' build argument 'cmake_clean_first' from command line to 'False'
[0.243s] Level 5:colcon.colcon_core.verb:set package 'osm_nav' build argument 'cmake_force_configure' from command line to 'False'
[0.243s] Level 5:colcon.colcon_core.verb:set package 'osm_nav' build argument 'ament_cmake_args' from command line to 'None'
[0.243s] Level 5:colcon.colcon_core.verb:set package 'osm_nav' build argument 'catkin_cmake_args' from command line to 'None'
[0.243s] Level 5:colcon.colcon_core.verb:set package 'osm_nav' build argument 'catkin_skip_building_tests' from command line to 'False'
[0.243s] DEBUG:colcon.colcon_core.verb:Building package 'osm_nav' with the following arguments: {'ament_cmake_args': None, 'build_base': '/root/slam/slam/osm/osm-nav/build/osm_nav', 'catkin_cmake_args': None, 'catkin_skip_building_tests': False, 'cmake_args': None, 'cmake_clean_cache': False, 'cmake_clean_first': False, 'cmake_force_configure': False, 'cmake_target': None, 'cmake_target_skip_unavailable': False, 'install_base': '/root/slam/slam/osm/osm-nav/install/osm_nav', 'merge_install': False, 'path': '/root/slam/slam/osm/osm-nav/src/osm_navigation', 'symlink_install': False, 'test_result_base': None}
[0.243s] INFO:colcon.colcon_core.executor:Executing jobs using 'parallel' executor
[0.245s] DEBUG:colcon.colcon_parallel_executor.executor.parallel:run_until_complete
[0.245s] INFO:colcon.colcon_ros.task.ament_cmake.build:Building ROS package in '/root/slam/slam/osm/osm-nav/src/osm_nav_interface' with build type 'ament_cmake'
[0.246s] INFO:colcon.colcon_cmake.task.cmake.build:Building CMake package in '/root/slam/slam/osm/osm-nav/src/osm_nav_interface'
[0.248s] INFO:colcon.colcon_core.plugin_system:Skipping extension 'colcon_core.shell.bat': Not used on non-Windows systems
[0.248s] INFO:colcon.colcon_core.shell:Skip shell extension 'powershell' for command environment: Not usable outside of PowerShell
[0.248s] DEBUG:colcon.colcon_core.shell:Skip shell extension 'dsv' for command environment
[0.255s] DEBUG:colcon.colcon_core.event_handler.log_command:Invoking command in '/root/slam/slam/osm/osm-nav/build/osm_nav_interface': CMAKE_PREFIX_PATH=${CMAKE_PREFIX_PATH}:/opt/ros/humble CONDA_PROMPT_MODIFIER=(openalt) /usr/bin/cmake --build /root/slam/slam/osm/osm-nav/build/osm_nav_interface -- -j12 -l12
[1.862s] DEBUG:colcon.colcon_core.event_handler.log_command:Invoked command in '/root/slam/slam/osm/osm-nav/build/osm_nav_interface' returned '0': CMAKE_PREFIX_PATH=${CMAKE_PREFIX_PATH}:/opt/ros/humble CONDA_PROMPT_MODIFIER=(openalt) /usr/bin/cmake --build /root/slam/slam/osm/osm-nav/build/osm_nav_interface -- -j12 -l12
[1.902s] DEBUG:colcon.colcon_core.event_handler.log_command:Invoking command in '/root/slam/slam/osm/osm-nav/build/osm_nav_interface': CMAKE_PREFIX_PATH=${CMAKE_PREFIX_PATH}:/opt/ros/humble CONDA_PROMPT_MODIFIER=(openalt) /usr/bin/cmake --install /root/slam/slam/osm/osm-nav/build/osm_nav_interface
[1.940s] Level 1:colcon.colcon_core.environment:create_environment_scripts_only(osm_nav_interface)
[1.940s] DEBUG:colcon.colcon_core.event_handler.log_command:Invoked command in '/root/slam/slam/osm/osm-nav/build/osm_nav_interface' returned '0': CMAKE_PREFIX_PATH=${CMAKE_PREFIX_PATH}:/opt/ros/humble CONDA_PROMPT_MODIFIER=(openalt) /usr/bin/cmake --install /root/slam/slam/osm/osm-nav/build/osm_nav_interface
[1.943s] Level 1:colcon.colcon_core.environment:checking '/root/slam/slam/osm/osm-nav/install/osm_nav_interface' for CMake module files
[1.943s] Level 1:colcon.colcon_core.environment:checking '/root/slam/slam/osm/osm-nav/install/osm_nav_interface' for CMake config files
[1.943s] Level 1:colcon.colcon_core.shell:create_environment_hook('osm_nav_interface', 'cmake_prefix_path')
[1.944s] INFO:colcon.colcon_core.shell:Creating environment hook '/root/slam/slam/osm/osm-nav/install/osm_nav_interface/share/osm_nav_interface/hook/cmake_prefix_path.ps1'
[1.944s] INFO:colcon.colcon_core.shell:Creating environment descriptor '/root/slam/slam/osm/osm-nav/install/osm_nav_interface/share/osm_nav_interface/hook/cmake_prefix_path.dsv'
[1.945s] INFO:colcon.colcon_core.shell:Creating environment hook '/root/slam/slam/osm/osm-nav/install/osm_nav_interface/share/osm_nav_interface/hook/cmake_prefix_path.sh'
[1.945s] Level 1:colcon.colcon_core.environment:checking '/root/slam/slam/osm/osm-nav/install/osm_nav_interface/lib'
[1.945s] Level 1:colcon.colcon_core.shell:create_environment_hook('osm_nav_interface', 'ld_library_path_lib')
[1.946s] INFO:colcon.colcon_core.shell:Creating environment hook '/root/slam/slam/osm/osm-nav/install/osm_nav_interface/share/osm_nav_interface/hook/ld_library_path_lib.ps1'
[1.946s] INFO:colcon.colcon_core.shell:Creating environment descriptor '/root/slam/slam/osm/osm-nav/install/osm_nav_interface/share/osm_nav_interface/hook/ld_library_path_lib.dsv'
[1.946s] INFO:colcon.colcon_core.shell:Creating environment hook '/root/slam/slam/osm/osm-nav/install/osm_nav_interface/share/osm_nav_interface/hook/ld_library_path_lib.sh'
[1.946s] Level 1:colcon.colcon_core.environment:checking '/root/slam/slam/osm/osm-nav/install/osm_nav_interface/bin'
[1.946s] Level 1:colcon.colcon_core.environment:checking '/root/slam/slam/osm/osm-nav/install/osm_nav_interface/lib/pkgconfig/osm_nav_interface.pc'
[1.947s] Level 1:colcon.colcon_core.environment:checking '/root/slam/slam/osm/osm-nav/install/osm_nav_interface/lib/python3.10/site-packages'
[1.948s] Level 1:colcon.colcon_core.environment:checking '/root/slam/slam/osm/osm-nav/install/osm_nav_interface/bin'
[1.948s] INFO:colcon.colcon_core.shell:Creating package script '/root/slam/slam/osm/osm-nav/install/osm_nav_interface/share/osm_nav_interface/package.ps1'
[1.949s] INFO:colcon.colcon_core.shell:Creating package descriptor '/root/slam/slam/osm/osm-nav/install/osm_nav_interface/share/osm_nav_interface/package.dsv'
[1.949s] INFO:colcon.colcon_core.shell:Creating package script '/root/slam/slam/osm/osm-nav/install/osm_nav_interface/share/osm_nav_interface/package.sh'
[1.949s] INFO:colcon.colcon_core.shell:Creating package script '/root/slam/slam/osm/osm-nav/install/osm_nav_interface/share/osm_nav_interface/package.bash'
[1.950s] INFO:colcon.colcon_core.shell:Creating package script '/root/slam/slam/osm/osm-nav/install/osm_nav_interface/share/osm_nav_interface/package.zsh'
[1.950s] Level 1:colcon.colcon_core.environment:create_file_with_runtime_dependencies(/root/slam/slam/osm/osm-nav/install/osm_nav_interface/share/colcon-core/packages/osm_nav_interface)
[1.983s] Level 1:colcon.colcon_core.environment:create_environment_scripts_only(osm_nav_interface)
[1.984s] Level 1:colcon.colcon_core.environment:checking '/root/slam/slam/osm/osm-nav/install/osm_nav_interface' for CMake module files
[1.984s] Level 1:colcon.colcon_core.environment:checking '/root/slam/slam/osm/osm-nav/install/osm_nav_interface' for CMake config files
[1.984s] Level 1:colcon.colcon_core.shell:create_environment_hook('osm_nav_interface', 'cmake_prefix_path')
[1.985s] INFO:colcon.colcon_core.shell:Creating environment hook '/root/slam/slam/osm/osm-nav/install/osm_nav_interface/share/osm_nav_interface/hook/cmake_prefix_path.ps1'
[1.985s] INFO:colcon.colcon_core.shell:Creating environment descriptor '/root/slam/slam/osm/osm-nav/install/osm_nav_interface/share/osm_nav_interface/hook/cmake_prefix_path.dsv'
[1.986s] INFO:colcon.colcon_core.shell:Creating environment hook '/root/slam/slam/osm/osm-nav/install/osm_nav_interface/share/osm_nav_interface/hook/cmake_prefix_path.sh'
[1.986s] Level 1:colcon.colcon_core.environment:checking '/root/slam/slam/osm/osm-nav/install/osm_nav_interface/lib'
[1.986s] Level 1:colcon.colcon_core.shell:create_environment_hook('osm_nav_interface', 'ld_library_path_lib')
[1.987s] INFO:colcon.colcon_core.shell:Creating environment hook '/root/slam/slam/osm/osm-nav/install/osm_nav_interface/share/osm_nav_interface/hook/ld_library_path_lib.ps1'
[1.987s] INFO:colcon.colcon_core.shell:Creating environment descriptor '/root/slam/slam/osm/osm-nav/install/osm_nav_interface/share/osm_nav_interface/hook/ld_library_path_lib.dsv'
[1.987s] INFO:colcon.colcon_core.shell:Creating environment hook '/root/slam/slam/osm/osm-nav/install/osm_nav_interface/share/osm_nav_interface/hook/ld_library_path_lib.sh'
[1.988s] Level 1:colcon.colcon_core.environment:checking '/root/slam/slam/osm/osm-nav/install/osm_nav_interface/bin'
[1.988s] Level 1:colcon.colcon_core.environment:checking '/root/slam/slam/osm/osm-nav/install/osm_nav_interface/lib/pkgconfig/osm_nav_interface.pc'
[1.988s] Level 1:colcon.colcon_core.environment:checking '/root/slam/slam/osm/osm-nav/install/osm_nav_interface/lib/python3.10/site-packages'
[1.988s] Level 1:colcon.colcon_core.environment:checking '/root/slam/slam/osm/osm-nav/install/osm_nav_interface/bin'
[1.989s] INFO:colcon.colcon_core.shell:Creating package script '/root/slam/slam/osm/osm-nav/install/osm_nav_interface/share/osm_nav_interface/package.ps1'
[1.989s] INFO:colcon.colcon_core.shell:Creating package descriptor '/root/slam/slam/osm/osm-nav/install/osm_nav_interface/share/osm_nav_interface/package.dsv'
[1.989s] INFO:colcon.colcon_core.shell:Creating package script '/root/slam/slam/osm/osm-nav/install/osm_nav_interface/share/osm_nav_interface/package.sh'
[1.989s] INFO:colcon.colcon_core.shell:Creating package script '/root/slam/slam/osm/osm-nav/install/osm_nav_interface/share/osm_nav_interface/package.bash'
[1.990s] INFO:colcon.colcon_core.shell:Creating package script '/root/slam/slam/osm/osm-nav/install/osm_nav_interface/share/osm_nav_interface/package.zsh'
[1.990s] Level 1:colcon.colcon_core.environment:create_file_with_runtime_dependencies(/root/slam/slam/osm/osm-nav/install/osm_nav_interface/share/colcon-core/packages/osm_nav_interface)
[1.990s] INFO:colcon.colcon_ros.task.ament_cmake.build:Building ROS package in '/root/slam/slam/osm/osm-nav/src/osm_navigation' with build type 'ament_cmake'
[1.990s] INFO:colcon.colcon_cmake.task.cmake.build:Building CMake package in '/root/slam/slam/osm/osm-nav/src/osm_navigation'
[1.991s] INFO:colcon.colcon_core.shell:Skip shell extension 'powershell' for command environment: Not usable outside of PowerShell
[1.991s] DEBUG:colcon.colcon_core.shell:Skip shell extension 'dsv' for command environment
[1.999s] DEBUG:colcon.colcon_core.event_handler.log_command:Invoking command in '/root/slam/slam/osm/osm-nav/build/osm_nav': CMAKE_PREFIX_PATH=/root/slam/slam/osm/osm-nav/install/osm_nav_interface:/root/slam/slam/osm/osm-nav/install/osm_nav:/opt/ros/humble CONDA_PROMPT_MODIFIER=(openalt) /usr/bin/cmake --build /root/slam/slam/osm/osm-nav/build/osm_nav -- -j12 -l12
[10.669s] DEBUG:colcon.colcon_core.event_handler.log_command:Invoked command in '/root/slam/slam/osm/osm-nav/build/osm_nav' returned '0': CMAKE_PREFIX_PATH=/root/slam/slam/osm/osm-nav/install/osm_nav_interface:/root/slam/slam/osm/osm-nav/install/osm_nav:/opt/ros/humble CONDA_PROMPT_MODIFIER=(openalt) /usr/bin/cmake --build /root/slam/slam/osm/osm-nav/build/osm_nav -- -j12 -l12
[10.687s] DEBUG:colcon.colcon_core.event_handler.log_command:Invoking command in '/root/slam/slam/osm/osm-nav/build/osm_nav': CMAKE_PREFIX_PATH=/root/slam/slam/osm/osm-nav/install/osm_nav_interface:/root/slam/slam/osm/osm-nav/install/osm_nav:/opt/ros/humble CONDA_PROMPT_MODIFIER=(openalt) /usr/bin/cmake --install /root/slam/slam/osm/osm-nav/build/osm_nav
[10.696s] Level 1:colcon.colcon_core.environment:create_environment_scripts_only(osm_nav)
[10.698s] Level 1:colcon.colcon_core.environment:checking '/root/slam/slam/osm/osm-nav/install/osm_nav' for CMake module files
[10.698s] DEBUG:colcon.colcon_core.event_handler.log_command:Invoked command in '/root/slam/slam/osm/osm-nav/build/osm_nav' returned '0': CMAKE_PREFIX_PATH=/root/slam/slam/osm/osm-nav/install/osm_nav_interface:/root/slam/slam/osm/osm-nav/install/osm_nav:/opt/ros/humble CONDA_PROMPT_MODIFIER=(openalt) /usr/bin/cmake --install /root/slam/slam/osm/osm-nav/build/osm_nav
[10.699s] Level 1:colcon.colcon_core.environment:checking '/root/slam/slam/osm/osm-nav/install/osm_nav' for CMake config files
[10.699s] Level 1:colcon.colcon_core.shell:create_environment_hook('osm_nav', 'cmake_prefix_path')
[10.700s] INFO:colcon.colcon_core.shell:Creating environment hook '/root/slam/slam/osm/osm-nav/install/osm_nav/share/osm_nav/hook/cmake_prefix_path.ps1'
[10.700s] INFO:colcon.colcon_core.shell:Creating environment descriptor '/root/slam/slam/osm/osm-nav/install/osm_nav/share/osm_nav/hook/cmake_prefix_path.dsv'
[10.700s] INFO:colcon.colcon_core.shell:Creating environment hook '/root/slam/slam/osm/osm-nav/install/osm_nav/share/osm_nav/hook/cmake_prefix_path.sh'
[10.701s] Level 1:colcon.colcon_core.environment:checking '/root/slam/slam/osm/osm-nav/install/osm_nav/lib'
[10.701s] Level 1:colcon.colcon_core.environment:checking '/root/slam/slam/osm/osm-nav/install/osm_nav/bin'
[10.701s] Level 1:colcon.colcon_core.environment:checking '/root/slam/slam/osm/osm-nav/install/osm_nav/lib/pkgconfig/osm_nav.pc'
[10.701s] Level 1:colcon.colcon_core.environment:checking '/root/slam/slam/osm/osm-nav/install/osm_nav/lib/python3.10/site-packages'
[10.701s] Level 1:colcon.colcon_core.environment:checking '/root/slam/slam/osm/osm-nav/install/osm_nav/bin'
[10.702s] INFO:colcon.colcon_core.shell:Creating package script '/root/slam/slam/osm/osm-nav/install/osm_nav/share/osm_nav/package.ps1'
[10.702s] INFO:colcon.colcon_core.shell:Creating package descriptor '/root/slam/slam/osm/osm-nav/install/osm_nav/share/osm_nav/package.dsv'
[10.703s] INFO:colcon.colcon_core.shell:Creating package script '/root/slam/slam/osm/osm-nav/install/osm_nav/share/osm_nav/package.sh'
[10.703s] INFO:colcon.colcon_core.shell:Creating package script '/root/slam/slam/osm/osm-nav/install/osm_nav/share/osm_nav/package.bash'
[10.703s] INFO:colcon.colcon_core.shell:Creating package script '/root/slam/slam/osm/osm-nav/install/osm_nav/share/osm_nav/package.zsh'
[10.703s] Level 1:colcon.colcon_core.environment:create_file_with_runtime_dependencies(/root/slam/slam/osm/osm-nav/install/osm_nav/share/colcon-core/packages/osm_nav)
[10.721s] Level 1:colcon.colcon_core.environment:create_environment_scripts_only(osm_nav)
[10.723s] Level 1:colcon.colcon_core.environment:checking '/root/slam/slam/osm/osm-nav/install/osm_nav' for CMake module files
[10.723s] Level 1:colcon.colcon_core.environment:checking '/root/slam/slam/osm/osm-nav/install/osm_nav' for CMake config files
[10.723s] Level 1:colcon.colcon_core.shell:create_environment_hook('osm_nav', 'cmake_prefix_path')
[10.724s] INFO:colcon.colcon_core.shell:Creating environment hook '/root/slam/slam/osm/osm-nav/install/osm_nav/share/osm_nav/hook/cmake_prefix_path.ps1'
[10.725s] INFO:colcon.colcon_core.shell:Creating environment descriptor '/root/slam/slam/osm/osm-nav/install/osm_nav/share/osm_nav/hook/cmake_prefix_path.dsv'
[10.725s] INFO:colcon.colcon_core.shell:Creating environment hook '/root/slam/slam/osm/osm-nav/install/osm_nav/share/osm_nav/hook/cmake_prefix_path.sh'
[10.725s] Level 1:colcon.colcon_core.environment:checking '/root/slam/slam/osm/osm-nav/install/osm_nav/lib'
[10.725s] Level 1:colcon.colcon_core.environment:checking '/root/slam/slam/osm/osm-nav/install/osm_nav/bin'
[10.725s] Level 1:colcon.colcon_core.environment:checking '/root/slam/slam/osm/osm-nav/install/osm_nav/lib/pkgconfig/osm_nav.pc'
[10.725s] Level 1:colcon.colcon_core.environment:checking '/root/slam/slam/osm/osm-nav/install/osm_nav/lib/python3.10/site-packages'
[10.726s] Level 1:colcon.colcon_core.environment:checking '/root/slam/slam/osm/osm-nav/install/osm_nav/bin'
[10.726s] INFO:colcon.colcon_core.shell:Creating package script '/root/slam/slam/osm/osm-nav/install/osm_nav/share/osm_nav/package.ps1'
[10.727s] INFO:colcon.colcon_core.shell:Creating package descriptor '/root/slam/slam/osm/osm-nav/install/osm_nav/share/osm_nav/package.dsv'
[10.727s] INFO:colcon.colcon_core.shell:Creating package script '/root/slam/slam/osm/osm-nav/install/osm_nav/share/osm_nav/package.sh'
[10.727s] INFO:colcon.colcon_core.shell:Creating package script '/root/slam/slam/osm/osm-nav/install/osm_nav/share/osm_nav/package.bash'
[10.727s] INFO:colcon.colcon_core.shell:Creating package script '/root/slam/slam/osm/osm-nav/install/osm_nav/share/osm_nav/package.zsh'
[10.728s] Level 1:colcon.colcon_core.environment:create_file_with_runtime_dependencies(/root/slam/slam/osm/osm-nav/install/osm_nav/share/colcon-core/packages/osm_nav)
[10.728s] DEBUG:colcon.colcon_parallel_executor.executor.parallel:closing loop
[10.728s] DEBUG:colcon.colcon_parallel_executor.executor.parallel:loop closed
[10.728s] DEBUG:colcon.colcon_parallel_executor.executor.parallel:run_until_complete finished with '0'
[10.728s] DEBUG:colcon.colcon_core.event_reactor:joining thread
[10.731s] INFO:colcon.colcon_core.plugin_system:Skipping extension 'colcon_notification.desktop_notification.notify_send': Could not find 'notify-send'
[10.731s] INFO:colcon.colcon_core.plugin_system:Skipping extension 'colcon_notification.desktop_notification.terminal_notifier': Not used on non-Darwin systems
[10.731s] INFO:colcon.colcon_core.plugin_system:Skipping extension 'colcon_notification.desktop_notification.win32': Not used on non-Windows systems
[10.732s] INFO:colcon.colcon_notification.desktop_notification:Sending desktop notification using 'notify2'
[10.733s] DEBUG:colcon.colcon_notification.desktop_notification.notify2:Failed to initialize notify2: org.freedesktop.DBus.Error.Spawn.ExecFailed: /usr/bin/dbus-launch terminated abnormally without any error message
[10.733s] DEBUG:colcon.colcon_core.event_reactor:joined thread
[10.734s] INFO:colcon.colcon_core.shell:Creating prefix script '/root/slam/slam/osm/osm-nav/install/local_setup.ps1'
[10.734s] INFO:colcon.colcon_core.shell:Creating prefix util module '/root/slam/slam/osm/osm-nav/install/_local_setup_util_ps1.py'
[10.735s] INFO:colcon.colcon_core.shell:Creating prefix chain script '/root/slam/slam/osm/osm-nav/install/setup.ps1'
[10.736s] INFO:colcon.colcon_core.shell:Creating prefix script '/root/slam/slam/osm/osm-nav/install/local_setup.sh'
[10.736s] INFO:colcon.colcon_core.shell:Creating prefix util module '/root/slam/slam/osm/osm-nav/install/_local_setup_util_sh.py'
[10.737s] INFO:colcon.colcon_core.shell:Creating prefix chain script '/root/slam/slam/osm/osm-nav/install/setup.sh'
[10.738s] INFO:colcon.colcon_core.shell:Creating prefix script '/root/slam/slam/osm/osm-nav/install/local_setup.bash'
[10.738s] INFO:colcon.colcon_core.shell:Creating prefix chain script '/root/slam/slam/osm/osm-nav/install/setup.bash'
[10.739s] INFO:colcon.colcon_core.shell:Creating prefix script '/root/slam/slam/osm/osm-nav/install/local_setup.zsh'
[10.740s] INFO:colcon.colcon_core.shell:Creating prefix chain script '/root/slam/slam/osm/osm-nav/install/setup.zsh'
