[0.009s] Invoking command in '/root/slam/slam/osm/osm-nav/build/osm_nav_interface': CMAKE_PREFIX_PATH=${CMAKE_PREFIX_PATH}:/opt/ros/humble CONDA_PROMPT_MODIFIER=(openalt) /usr/bin/cmake --build /root/slam/slam/osm/osm-nav/build/osm_nav_interface -- -j12 -l12
[0.028s] -- Found ament_cmake: 1.3.5 (/opt/ros/humble/share/ament_cmake/cmake)
[0.126s] -- Found rclcpp: 16.0.5 (/opt/ros/humble/share/rclcpp/cmake)
[0.153s] -- Found rosidl_generator_c: 3.1.5 (/opt/ros/humble/share/rosidl_generator_c/cmake)
[0.155s] -- Found rosidl_adapter: 3.1.5 (/opt/ros/humble/share/rosidl_adapter/cmake)
[0.161s] -- Found rosidl_generator_cpp: 3.1.5 (/opt/ros/humble/share/rosidl_generator_cpp/cmake)
[0.171s] -- Using all available rosidl_typesupport_c: rosidl_typesupport_fastrtps_c;rosidl_typesupport_introspection_c
[0.183s] -- Using all available rosidl_typesupport_cpp: rosidl_typesupport_fastrtps_cpp;rosidl_typesupport_introspection_cpp
[0.220s] -- Found rmw_implementation_cmake: 6.1.1 (/opt/ros/humble/share/rmw_implementation_cmake/cmake)
[0.221s] -- Found rmw_fastrtps_cpp: 6.2.3 (/opt/ros/humble/share/rmw_fastrtps_cpp/cmake)
[0.324s] -- Using RMW implementation 'rmw_fastrtps_cpp' as default
[0.430s] -- Found rosidl_default_generators: 1.2.0 (/opt/ros/humble/share/rosidl_default_generators/cmake)
[0.599s] -- Found ament_cmake_ros: 0.10.0 (/opt/ros/humble/share/ament_cmake_ros/cmake)
[0.810s] -- Using all available rosidl_typesupport_c: rosidl_typesupport_fastrtps_c;rosidl_typesupport_introspection_c
[0.890s] -- Using all available rosidl_typesupport_cpp: rosidl_typesupport_fastrtps_cpp;rosidl_typesupport_introspection_cpp
[0.900s] -- Found python_cmake_module: 0.10.0 (/opt/ros/humble/share/python_cmake_module/cmake)
[0.910s] -- Using PYTHON_EXECUTABLE: /root/miniconda3/envs/openalt/bin/python3
[0.910s] -- Using PYTHON_INCLUDE_DIRS: /root/miniconda3/envs/openalt/include/python3.11
[0.910s] -- Using PYTHON_LIBRARIES: /root/miniconda3/envs/openalt/lib/libpython3.11.so
[0.989s] -- Using numpy include directory: /root/miniconda3/envs/openalt/lib/python3.11/site-packages/numpy/core/include
[0.995s] -- Found ament_lint_auto: 0.12.7 (/opt/ros/humble/share/ament_lint_auto/cmake)
[1.002s] -- Added test 'lint_cmake' to check CMake code style
[1.003s] -- Added test 'xmllint' to check XML markup files
[1.004s] -- Configuring done
[1.025s] -- Generating done
[1.029s] -- Build files have been written to: /root/slam/slam/osm/osm-nav/build/osm_nav_interface
[1.044s] [35m[1mConsolidate compiler generated dependencies of target osm_nav_interface__rosidl_generator_c[0m
[1.050s] [  3%] [32mBuilding C object CMakeFiles/osm_nav_interface__rosidl_generator_c.dir/rosidl_generator_c/osm_nav_interface/srv/detail/planner__functions.c.o[0m
[1.056s] [  3%] Built target ament_cmake_python_copy_osm_nav_interface
[1.057s] [  6%] Built target osm_nav_interface__cpp
[1.063s] [35m[1mConsolidate compiler generated dependencies of target osm_nav_interface__rosidl_typesupport_cpp[0m
[1.065s] [35m[1mConsolidate compiler generated dependencies of target osm_nav_interface__rosidl_typesupport_fastrtps_cpp[0m
[1.065s] [35m[1mConsolidate compiler generated dependencies of target osm_nav_interface__rosidl_typesupport_introspection_cpp[0m
[1.072s] [  9%] [32m[1mLinking CXX shared library libosm_nav_interface__rosidl_typesupport_cpp.so[0m
[1.075s] [ 12%] [32mBuilding CXX object CMakeFiles/osm_nav_interface__rosidl_typesupport_introspection_cpp.dir/rosidl_typesupport_introspection_cpp/osm_nav_interface/srv/detail/planner__type_support.cpp.o[0m
[1.077s] [ 16%] [32mBuilding CXX object CMakeFiles/osm_nav_interface__rosidl_typesupport_fastrtps_cpp.dir/rosidl_typesupport_fastrtps_cpp/osm_nav_interface/srv/detail/dds_fastrtps/planner__type_support.cpp.o[0m
[1.092s] [ 19%] [32m[1mLinking C shared library libosm_nav_interface__rosidl_generator_c.so[0m
[1.106s] [ 25%] Built target osm_nav_interface__rosidl_typesupport_cpp
[1.118s] [ 29%] Built target osm_nav_interface__rosidl_generator_c
[1.127s] [35m[1mConsolidate compiler generated dependencies of target osm_nav_interface__rosidl_typesupport_fastrtps_c[0m
[1.131s] [35m[1mConsolidate compiler generated dependencies of target osm_nav_interface__rosidl_typesupport_introspection_c[0m
[1.134s] [35m[1mConsolidate compiler generated dependencies of target osm_nav_interface__rosidl_typesupport_c[0m
[1.169s] [ 32%] [32mBuilding CXX object CMakeFiles/osm_nav_interface__rosidl_typesupport_c.dir/rosidl_typesupport_c/osm_nav_interface/srv/planner__type_support.cpp.o[0m
[1.169s] [ 35%] [32m[1mLinking CXX shared library libosm_nav_interface__rosidl_typesupport_fastrtps_c.so[0m
[1.170s] [ 38%] [32m[1mLinking C shared library libosm_nav_interface__rosidl_typesupport_introspection_c.so[0m
[1.206s] [ 41%] [32m[1mLinking CXX shared library libosm_nav_interface__rosidl_typesupport_c.so[0m
[1.220s] [ 48%] Built target osm_nav_interface__rosidl_typesupport_introspection_c
[1.251s] [ 54%] Built target osm_nav_interface__rosidl_typesupport_fastrtps_c
[1.257s] [ 58%] Built target osm_nav_interface__rosidl_typesupport_c
[1.286s] running egg_info
[1.287s] writing osm_nav_interface.egg-info/PKG-INFO
[1.287s] writing dependency_links to osm_nav_interface.egg-info/dependency_links.txt
[1.287s] writing top-level names to osm_nav_interface.egg-info/top_level.txt
[1.290s] reading manifest file 'osm_nav_interface.egg-info/SOURCES.txt'
[1.291s] writing manifest file 'osm_nav_interface.egg-info/SOURCES.txt'
[1.319s] [ 58%] Built target ament_cmake_python_build_osm_nav_interface_egg
[1.367s] [ 61%] [32m[1mLinking CXX shared library libosm_nav_interface__rosidl_typesupport_fastrtps_cpp.so[0m
[1.390s] [ 64%] [32m[1mLinking CXX shared library libosm_nav_interface__rosidl_typesupport_introspection_cpp.so[0m
[1.416s] [ 67%] Built target osm_nav_interface__rosidl_typesupport_introspection_cpp
[1.429s] [ 70%] Built target osm_nav_interface__rosidl_typesupport_fastrtps_cpp
[1.440s] [ 70%] Built target osm_nav_interface
[1.451s] [ 74%] Built target osm_nav_interface__py
[1.457s] [35m[1mConsolidate compiler generated dependencies of target osm_nav_interface__rosidl_generator_py[0m
[1.463s] [ 77%] [32m[1mLinking C shared library rosidl_generator_py/osm_nav_interface/libosm_nav_interface__rosidl_generator_py.so[0m
[1.487s] [ 80%] Built target osm_nav_interface__rosidl_generator_py
[1.493s] [35m[1mConsolidate compiler generated dependencies of target osm_nav_interface__rosidl_typesupport_fastrtps_c__pyext[0m
[1.493s] [35m[1mConsolidate compiler generated dependencies of target osm_nav_interface__rosidl_typesupport_c__pyext[0m
[1.494s] [35m[1mConsolidate compiler generated dependencies of target osm_nav_interface__rosidl_typesupport_introspection_c__pyext[0m
[1.505s] [ 83%] [32m[1mLinking C shared library rosidl_generator_py/osm_nav_interface/osm_nav_interface_s__rosidl_typesupport_c.cpython-311-x86_64-linux-gnu.so[0m
[1.508s] [ 87%] [32m[1mLinking C shared library rosidl_generator_py/osm_nav_interface/osm_nav_interface_s__rosidl_typesupport_introspection_c.cpython-311-x86_64-linux-gnu.so[0m
[1.511s] [ 90%] [32mBuilding C object CMakeFiles/osm_nav_interface__rosidl_typesupport_fastrtps_c__pyext.dir/rosidl_generator_py/osm_nav_interface/_osm_nav_interface_s.ep.rosidl_typesupport_fastrtps_c.c.o[0m
[1.536s] [ 93%] Built target osm_nav_interface__rosidl_typesupport_introspection_c__pyext
[1.537s] [ 96%] Built target osm_nav_interface__rosidl_typesupport_c__pyext
[1.588s] [100%] [32m[1mLinking C shared library rosidl_generator_py/osm_nav_interface/osm_nav_interface_s__rosidl_typesupport_fastrtps_c.cpython-311-x86_64-linux-gnu.so[0m
[1.611s] [100%] Built target osm_nav_interface__rosidl_typesupport_fastrtps_c__pyext
[1.616s] Invoked command in '/root/slam/slam/osm/osm-nav/build/osm_nav_interface' returned '0': CMAKE_PREFIX_PATH=${CMAKE_PREFIX_PATH}:/opt/ros/humble CONDA_PROMPT_MODIFIER=(openalt) /usr/bin/cmake --build /root/slam/slam/osm/osm-nav/build/osm_nav_interface -- -j12 -l12
[1.656s] Invoking command in '/root/slam/slam/osm/osm-nav/build/osm_nav_interface': CMAKE_PREFIX_PATH=${CMAKE_PREFIX_PATH}:/opt/ros/humble CONDA_PROMPT_MODIFIER=(openalt) /usr/bin/cmake --install /root/slam/slam/osm/osm-nav/build/osm_nav_interface
[1.662s] -- Install configuration: ""
[1.662s] -- Up-to-date: /root/slam/slam/osm/osm-nav/install/osm_nav_interface/share/ament_index/resource_index/rosidl_interfaces/osm_nav_interface
[1.662s] -- Up-to-date: /root/slam/slam/osm/osm-nav/install/osm_nav_interface/include/osm_nav_interface/osm_nav_interface
[1.662s] -- Up-to-date: /root/slam/slam/osm/osm-nav/install/osm_nav_interface/include/osm_nav_interface/osm_nav_interface/srv
[1.662s] -- Up-to-date: /root/slam/slam/osm/osm-nav/install/osm_nav_interface/include/osm_nav_interface/osm_nav_interface/srv/detail
[1.662s] -- Up-to-date: /root/slam/slam/osm/osm-nav/install/osm_nav_interface/include/osm_nav_interface/osm_nav_interface/srv/detail/planner__type_support.h
[1.662s] -- Up-to-date: /root/slam/slam/osm/osm-nav/install/osm_nav_interface/include/osm_nav_interface/osm_nav_interface/srv/detail/planner__functions.h
[1.662s] -- Up-to-date: /root/slam/slam/osm/osm-nav/install/osm_nav_interface/include/osm_nav_interface/osm_nav_interface/srv/detail/planner__functions.c
[1.662s] -- Up-to-date: /root/slam/slam/osm/osm-nav/install/osm_nav_interface/include/osm_nav_interface/osm_nav_interface/srv/detail/planner__struct.h
[1.662s] -- Up-to-date: /root/slam/slam/osm/osm-nav/install/osm_nav_interface/include/osm_nav_interface/osm_nav_interface/srv/planner.h
[1.662s] -- Up-to-date: /root/slam/slam/osm/osm-nav/install/osm_nav_interface/include/osm_nav_interface/osm_nav_interface/msg
[1.662s] -- Up-to-date: /root/slam/slam/osm/osm-nav/install/osm_nav_interface/include/osm_nav_interface/osm_nav_interface/msg/rosidl_generator_c__visibility_control.h
[1.662s] -- Installing: /root/slam/slam/osm/osm-nav/install/osm_nav_interface/share/osm_nav_interface/environment/library_path.sh
[1.662s] -- Installing: /root/slam/slam/osm/osm-nav/install/osm_nav_interface/share/osm_nav_interface/environment/library_path.dsv
[1.662s] -- Installing: /root/slam/slam/osm/osm-nav/install/osm_nav_interface/lib/libosm_nav_interface__rosidl_generator_c.so
[1.663s] -- Set runtime path of "/root/slam/slam/osm/osm-nav/install/osm_nav_interface/lib/libosm_nav_interface__rosidl_generator_c.so" to ""
[1.663s] -- Up-to-date: /root/slam/slam/osm/osm-nav/install/osm_nav_interface/include/osm_nav_interface/osm_nav_interface
[1.663s] -- Up-to-date: /root/slam/slam/osm/osm-nav/install/osm_nav_interface/include/osm_nav_interface/osm_nav_interface/srv
[1.663s] -- Up-to-date: /root/slam/slam/osm/osm-nav/install/osm_nav_interface/include/osm_nav_interface/osm_nav_interface/srv/detail
[1.663s] -- Up-to-date: /root/slam/slam/osm/osm-nav/install/osm_nav_interface/include/osm_nav_interface/osm_nav_interface/srv/detail/planner__rosidl_typesupport_fastrtps_c.h
[1.663s] -- Up-to-date: /root/slam/slam/osm/osm-nav/install/osm_nav_interface/include/osm_nav_interface/osm_nav_interface/msg
[1.663s] -- Up-to-date: /root/slam/slam/osm/osm-nav/install/osm_nav_interface/include/osm_nav_interface/osm_nav_interface/msg/rosidl_typesupport_fastrtps_c__visibility_control.h
[1.663s] -- Installing: /root/slam/slam/osm/osm-nav/install/osm_nav_interface/lib/libosm_nav_interface__rosidl_typesupport_fastrtps_c.so
[1.663s] -- Set runtime path of "/root/slam/slam/osm/osm-nav/install/osm_nav_interface/lib/libosm_nav_interface__rosidl_typesupport_fastrtps_c.so" to ""
[1.663s] -- Up-to-date: /root/slam/slam/osm/osm-nav/install/osm_nav_interface/include/osm_nav_interface/osm_nav_interface
[1.663s] -- Up-to-date: /root/slam/slam/osm/osm-nav/install/osm_nav_interface/include/osm_nav_interface/osm_nav_interface/srv
[1.663s] -- Up-to-date: /root/slam/slam/osm/osm-nav/install/osm_nav_interface/include/osm_nav_interface/osm_nav_interface/srv/planner.hpp
[1.663s] -- Up-to-date: /root/slam/slam/osm/osm-nav/install/osm_nav_interface/include/osm_nav_interface/osm_nav_interface/srv/detail
[1.663s] -- Up-to-date: /root/slam/slam/osm/osm-nav/install/osm_nav_interface/include/osm_nav_interface/osm_nav_interface/srv/detail/planner__builder.hpp
[1.663s] -- Up-to-date: /root/slam/slam/osm/osm-nav/install/osm_nav_interface/include/osm_nav_interface/osm_nav_interface/srv/detail/planner__traits.hpp
[1.663s] -- Up-to-date: /root/slam/slam/osm/osm-nav/install/osm_nav_interface/include/osm_nav_interface/osm_nav_interface/srv/detail/planner__struct.hpp
[1.663s] -- Up-to-date: /root/slam/slam/osm/osm-nav/install/osm_nav_interface/include/osm_nav_interface/osm_nav_interface
[1.663s] -- Up-to-date: /root/slam/slam/osm/osm-nav/install/osm_nav_interface/include/osm_nav_interface/osm_nav_interface/srv
[1.663s] -- Up-to-date: /root/slam/slam/osm/osm-nav/install/osm_nav_interface/include/osm_nav_interface/osm_nav_interface/srv/detail
[1.664s] -- Up-to-date: /root/slam/slam/osm/osm-nav/install/osm_nav_interface/include/osm_nav_interface/osm_nav_interface/srv/detail/dds_fastrtps
[1.664s] -- Up-to-date: /root/slam/slam/osm/osm-nav/install/osm_nav_interface/include/osm_nav_interface/osm_nav_interface/srv/detail/planner__rosidl_typesupport_fastrtps_cpp.hpp
[1.664s] -- Up-to-date: /root/slam/slam/osm/osm-nav/install/osm_nav_interface/include/osm_nav_interface/osm_nav_interface/msg
[1.664s] -- Up-to-date: /root/slam/slam/osm/osm-nav/install/osm_nav_interface/include/osm_nav_interface/osm_nav_interface/msg/rosidl_typesupport_fastrtps_cpp__visibility_control.h
[1.664s] -- Installing: /root/slam/slam/osm/osm-nav/install/osm_nav_interface/lib/libosm_nav_interface__rosidl_typesupport_fastrtps_cpp.so
[1.664s] -- Set runtime path of "/root/slam/slam/osm/osm-nav/install/osm_nav_interface/lib/libosm_nav_interface__rosidl_typesupport_fastrtps_cpp.so" to ""
[1.664s] -- Up-to-date: /root/slam/slam/osm/osm-nav/install/osm_nav_interface/include/osm_nav_interface/osm_nav_interface
[1.664s] -- Up-to-date: /root/slam/slam/osm/osm-nav/install/osm_nav_interface/include/osm_nav_interface/osm_nav_interface/srv
[1.664s] -- Up-to-date: /root/slam/slam/osm/osm-nav/install/osm_nav_interface/include/osm_nav_interface/osm_nav_interface/srv/detail
[1.664s] -- Up-to-date: /root/slam/slam/osm/osm-nav/install/osm_nav_interface/include/osm_nav_interface/osm_nav_interface/srv/detail/planner__rosidl_typesupport_introspection_c.h
[1.664s] -- Up-to-date: /root/slam/slam/osm/osm-nav/install/osm_nav_interface/include/osm_nav_interface/osm_nav_interface/srv/detail/planner__type_support.c
[1.664s] -- Up-to-date: /root/slam/slam/osm/osm-nav/install/osm_nav_interface/include/osm_nav_interface/osm_nav_interface/msg
[1.664s] -- Up-to-date: /root/slam/slam/osm/osm-nav/install/osm_nav_interface/include/osm_nav_interface/osm_nav_interface/msg/rosidl_typesupport_introspection_c__visibility_control.h
[1.664s] -- Installing: /root/slam/slam/osm/osm-nav/install/osm_nav_interface/lib/libosm_nav_interface__rosidl_typesupport_introspection_c.so
[1.664s] -- Set runtime path of "/root/slam/slam/osm/osm-nav/install/osm_nav_interface/lib/libosm_nav_interface__rosidl_typesupport_introspection_c.so" to ""
[1.664s] -- Installing: /root/slam/slam/osm/osm-nav/install/osm_nav_interface/lib/libosm_nav_interface__rosidl_typesupport_c.so
[1.664s] -- Set runtime path of "/root/slam/slam/osm/osm-nav/install/osm_nav_interface/lib/libosm_nav_interface__rosidl_typesupport_c.so" to ""
[1.664s] -- Up-to-date: /root/slam/slam/osm/osm-nav/install/osm_nav_interface/include/osm_nav_interface/osm_nav_interface
[1.664s] -- Up-to-date: /root/slam/slam/osm/osm-nav/install/osm_nav_interface/include/osm_nav_interface/osm_nav_interface/srv
[1.664s] -- Up-to-date: /root/slam/slam/osm/osm-nav/install/osm_nav_interface/include/osm_nav_interface/osm_nav_interface/srv/detail
[1.665s] -- Up-to-date: /root/slam/slam/osm/osm-nav/install/osm_nav_interface/include/osm_nav_interface/osm_nav_interface/srv/detail/planner__type_support.cpp
[1.665s] -- Up-to-date: /root/slam/slam/osm/osm-nav/install/osm_nav_interface/include/osm_nav_interface/osm_nav_interface/srv/detail/planner__rosidl_typesupport_introspection_cpp.hpp
[1.665s] -- Installing: /root/slam/slam/osm/osm-nav/install/osm_nav_interface/lib/libosm_nav_interface__rosidl_typesupport_introspection_cpp.so
[1.665s] -- Set runtime path of "/root/slam/slam/osm/osm-nav/install/osm_nav_interface/lib/libosm_nav_interface__rosidl_typesupport_introspection_cpp.so" to ""
[1.665s] -- Installing: /root/slam/slam/osm/osm-nav/install/osm_nav_interface/lib/libosm_nav_interface__rosidl_typesupport_cpp.so
[1.665s] -- Set runtime path of "/root/slam/slam/osm/osm-nav/install/osm_nav_interface/lib/libosm_nav_interface__rosidl_typesupport_cpp.so" to ""
[1.665s] -- Up-to-date: /root/slam/slam/osm/osm-nav/install/osm_nav_interface/share/osm_nav_interface/environment/pythonpath.sh
[1.665s] -- Installing: /root/slam/slam/osm/osm-nav/install/osm_nav_interface/share/osm_nav_interface/environment/pythonpath.dsv
[1.665s] -- Up-to-date: /root/slam/slam/osm/osm-nav/install/osm_nav_interface/local/lib/python3.10/dist-packages/osm_nav_interface-0.0.0-py3.10.egg-info
[1.665s] -- Installing: /root/slam/slam/osm/osm-nav/install/osm_nav_interface/local/lib/python3.10/dist-packages/osm_nav_interface-0.0.0-py3.10.egg-info/PKG-INFO
[1.665s] -- Installing: /root/slam/slam/osm/osm-nav/install/osm_nav_interface/local/lib/python3.10/dist-packages/osm_nav_interface-0.0.0-py3.10.egg-info/dependency_links.txt
[1.665s] -- Installing: /root/slam/slam/osm/osm-nav/install/osm_nav_interface/local/lib/python3.10/dist-packages/osm_nav_interface-0.0.0-py3.10.egg-info/top_level.txt
[1.665s] -- Installing: /root/slam/slam/osm/osm-nav/install/osm_nav_interface/local/lib/python3.10/dist-packages/osm_nav_interface-0.0.0-py3.10.egg-info/SOURCES.txt
[1.665s] -- Up-to-date: /root/slam/slam/osm/osm-nav/install/osm_nav_interface/local/lib/python3.10/dist-packages/osm_nav_interface
[1.665s] -- Up-to-date: /root/slam/slam/osm/osm-nav/install/osm_nav_interface/local/lib/python3.10/dist-packages/osm_nav_interface/srv
[1.665s] -- Up-to-date: /root/slam/slam/osm/osm-nav/install/osm_nav_interface/local/lib/python3.10/dist-packages/osm_nav_interface/srv/__init__.py
[1.665s] -- Up-to-date: /root/slam/slam/osm/osm-nav/install/osm_nav_interface/local/lib/python3.10/dist-packages/osm_nav_interface/srv/_planner.py
[1.665s] -- Up-to-date: /root/slam/slam/osm/osm-nav/install/osm_nav_interface/local/lib/python3.10/dist-packages/osm_nav_interface/srv/_planner_s.c
[1.665s] -- Installing: /root/slam/slam/osm/osm-nav/install/osm_nav_interface/local/lib/python3.10/dist-packages/osm_nav_interface/osm_nav_interface_s__rosidl_typesupport_fastrtps_c.cpython-311-x86_64-linux-gnu.so
[1.666s] -- Up-to-date: /root/slam/slam/osm/osm-nav/install/osm_nav_interface/local/lib/python3.10/dist-packages/osm_nav_interface/_osm_nav_interface_s.ep.rosidl_typesupport_fastrtps_c.c
[1.666s] -- Installing: /root/slam/slam/osm/osm-nav/install/osm_nav_interface/local/lib/python3.10/dist-packages/osm_nav_interface/libosm_nav_interface__rosidl_generator_py.so
[1.666s] -- Up-to-date: /root/slam/slam/osm/osm-nav/install/osm_nav_interface/local/lib/python3.10/dist-packages/osm_nav_interface/_osm_nav_interface_s.ep.rosidl_typesupport_c.c
[1.666s] -- Up-to-date: /root/slam/slam/osm/osm-nav/install/osm_nav_interface/local/lib/python3.10/dist-packages/osm_nav_interface/_osm_nav_interface_s.ep.rosidl_typesupport_introspection_c.c
[1.666s] -- Installing: /root/slam/slam/osm/osm-nav/install/osm_nav_interface/local/lib/python3.10/dist-packages/osm_nav_interface/__init__.py
[1.666s] -- Installing: /root/slam/slam/osm/osm-nav/install/osm_nav_interface/local/lib/python3.10/dist-packages/osm_nav_interface/osm_nav_interface_s__rosidl_typesupport_c.cpython-311-x86_64-linux-gnu.so
[1.666s] -- Installing: /root/slam/slam/osm/osm-nav/install/osm_nav_interface/local/lib/python3.10/dist-packages/osm_nav_interface/osm_nav_interface_s__rosidl_typesupport_introspection_c.cpython-311-x86_64-linux-gnu.so
[1.687s] Listing '/root/slam/slam/osm/osm-nav/install/osm_nav_interface/local/lib/python3.10/dist-packages/osm_nav_interface'...
[1.687s] Compiling '/root/slam/slam/osm/osm-nav/install/osm_nav_interface/local/lib/python3.10/dist-packages/osm_nav_interface/__init__.py'...
[1.687s] Listing '/root/slam/slam/osm/osm-nav/install/osm_nav_interface/local/lib/python3.10/dist-packages/osm_nav_interface/srv'...
[1.687s] Compiling '/root/slam/slam/osm/osm-nav/install/osm_nav_interface/local/lib/python3.10/dist-packages/osm_nav_interface/srv/__init__.py'...
[1.687s] Compiling '/root/slam/slam/osm/osm-nav/install/osm_nav_interface/local/lib/python3.10/dist-packages/osm_nav_interface/srv/_planner.py'...
[1.690s] -- Installing: /root/slam/slam/osm/osm-nav/install/osm_nav_interface/local/lib/python3.10/dist-packages/osm_nav_interface/osm_nav_interface_s__rosidl_typesupport_fastrtps_c.cpython-311-x86_64-linux-gnu.so
[1.690s] -- Set runtime path of "/root/slam/slam/osm/osm-nav/install/osm_nav_interface/local/lib/python3.10/dist-packages/osm_nav_interface/osm_nav_interface_s__rosidl_typesupport_fastrtps_c.cpython-311-x86_64-linux-gnu.so" to ""
[1.690s] -- Installing: /root/slam/slam/osm/osm-nav/install/osm_nav_interface/local/lib/python3.10/dist-packages/osm_nav_interface/osm_nav_interface_s__rosidl_typesupport_introspection_c.cpython-311-x86_64-linux-gnu.so
[1.690s] -- Set runtime path of "/root/slam/slam/osm/osm-nav/install/osm_nav_interface/local/lib/python3.10/dist-packages/osm_nav_interface/osm_nav_interface_s__rosidl_typesupport_introspection_c.cpython-311-x86_64-linux-gnu.so" to ""
[1.690s] -- Installing: /root/slam/slam/osm/osm-nav/install/osm_nav_interface/local/lib/python3.10/dist-packages/osm_nav_interface/osm_nav_interface_s__rosidl_typesupport_c.cpython-311-x86_64-linux-gnu.so
[1.690s] -- Set runtime path of "/root/slam/slam/osm/osm-nav/install/osm_nav_interface/local/lib/python3.10/dist-packages/osm_nav_interface/osm_nav_interface_s__rosidl_typesupport_c.cpython-311-x86_64-linux-gnu.so" to ""
[1.690s] -- Installing: /root/slam/slam/osm/osm-nav/install/osm_nav_interface/lib/libosm_nav_interface__rosidl_generator_py.so
[1.691s] -- Set runtime path of "/root/slam/slam/osm/osm-nav/install/osm_nav_interface/lib/libosm_nav_interface__rosidl_generator_py.so" to ""
[1.691s] -- Up-to-date: /root/slam/slam/osm/osm-nav/install/osm_nav_interface/share/osm_nav_interface/srv/Planner.idl
[1.691s] -- Up-to-date: /root/slam/slam/osm/osm-nav/install/osm_nav_interface/share/osm_nav_interface/srv/Planner.srv
[1.691s] -- Up-to-date: /root/slam/slam/osm/osm-nav/install/osm_nav_interface/share/osm_nav_interface/srv/Planner_Request.msg
[1.691s] -- Up-to-date: /root/slam/slam/osm/osm-nav/install/osm_nav_interface/share/osm_nav_interface/srv/Planner_Response.msg
[1.691s] -- Up-to-date: /root/slam/slam/osm/osm-nav/install/osm_nav_interface/share/ament_index/resource_index/package_run_dependencies/osm_nav_interface
[1.691s] -- Up-to-date: /root/slam/slam/osm/osm-nav/install/osm_nav_interface/share/ament_index/resource_index/parent_prefix_path/osm_nav_interface
[1.691s] -- Installing: /root/slam/slam/osm/osm-nav/install/osm_nav_interface/share/osm_nav_interface/environment/ament_prefix_path.sh
[1.691s] -- Installing: /root/slam/slam/osm/osm-nav/install/osm_nav_interface/share/osm_nav_interface/environment/ament_prefix_path.dsv
[1.691s] -- Installing: /root/slam/slam/osm/osm-nav/install/osm_nav_interface/share/osm_nav_interface/environment/path.sh
[1.691s] -- Installing: /root/slam/slam/osm/osm-nav/install/osm_nav_interface/share/osm_nav_interface/environment/path.dsv
[1.691s] -- Up-to-date: /root/slam/slam/osm/osm-nav/install/osm_nav_interface/share/osm_nav_interface/local_setup.bash
[1.691s] -- Up-to-date: /root/slam/slam/osm/osm-nav/install/osm_nav_interface/share/osm_nav_interface/local_setup.sh
[1.691s] -- Up-to-date: /root/slam/slam/osm/osm-nav/install/osm_nav_interface/share/osm_nav_interface/local_setup.zsh
[1.691s] -- Installing: /root/slam/slam/osm/osm-nav/install/osm_nav_interface/share/osm_nav_interface/local_setup.dsv
[1.691s] -- Installing: /root/slam/slam/osm/osm-nav/install/osm_nav_interface/share/osm_nav_interface/package.dsv
[1.691s] -- Up-to-date: /root/slam/slam/osm/osm-nav/install/osm_nav_interface/share/ament_index/resource_index/packages/osm_nav_interface
[1.692s] -- Up-to-date: /root/slam/slam/osm/osm-nav/install/osm_nav_interface/share/osm_nav_interface/cmake/export_osm_nav_interface__rosidl_generator_cExport.cmake
[1.692s] -- Up-to-date: /root/slam/slam/osm/osm-nav/install/osm_nav_interface/share/osm_nav_interface/cmake/export_osm_nav_interface__rosidl_generator_cExport-noconfig.cmake
[1.692s] -- Up-to-date: /root/slam/slam/osm/osm-nav/install/osm_nav_interface/share/osm_nav_interface/cmake/export_osm_nav_interface__rosidl_typesupport_fastrtps_cExport.cmake
[1.692s] -- Up-to-date: /root/slam/slam/osm/osm-nav/install/osm_nav_interface/share/osm_nav_interface/cmake/export_osm_nav_interface__rosidl_typesupport_fastrtps_cExport-noconfig.cmake
[1.692s] -- Up-to-date: /root/slam/slam/osm/osm-nav/install/osm_nav_interface/share/osm_nav_interface/cmake/export_osm_nav_interface__rosidl_generator_cppExport.cmake
[1.692s] -- Up-to-date: /root/slam/slam/osm/osm-nav/install/osm_nav_interface/share/osm_nav_interface/cmake/export_osm_nav_interface__rosidl_typesupport_fastrtps_cppExport.cmake
[1.692s] -- Up-to-date: /root/slam/slam/osm/osm-nav/install/osm_nav_interface/share/osm_nav_interface/cmake/export_osm_nav_interface__rosidl_typesupport_fastrtps_cppExport-noconfig.cmake
[1.692s] -- Up-to-date: /root/slam/slam/osm/osm-nav/install/osm_nav_interface/share/osm_nav_interface/cmake/osm_nav_interface__rosidl_typesupport_introspection_cExport.cmake
[1.692s] -- Up-to-date: /root/slam/slam/osm/osm-nav/install/osm_nav_interface/share/osm_nav_interface/cmake/osm_nav_interface__rosidl_typesupport_introspection_cExport-noconfig.cmake
[1.692s] -- Up-to-date: /root/slam/slam/osm/osm-nav/install/osm_nav_interface/share/osm_nav_interface/cmake/osm_nav_interface__rosidl_typesupport_cExport.cmake
[1.692s] -- Up-to-date: /root/slam/slam/osm/osm-nav/install/osm_nav_interface/share/osm_nav_interface/cmake/osm_nav_interface__rosidl_typesupport_cExport-noconfig.cmake
[1.692s] -- Up-to-date: /root/slam/slam/osm/osm-nav/install/osm_nav_interface/share/osm_nav_interface/cmake/osm_nav_interface__rosidl_typesupport_introspection_cppExport.cmake
[1.692s] -- Up-to-date: /root/slam/slam/osm/osm-nav/install/osm_nav_interface/share/osm_nav_interface/cmake/osm_nav_interface__rosidl_typesupport_introspection_cppExport-noconfig.cmake
[1.692s] -- Up-to-date: /root/slam/slam/osm/osm-nav/install/osm_nav_interface/share/osm_nav_interface/cmake/osm_nav_interface__rosidl_typesupport_cppExport.cmake
[1.692s] -- Up-to-date: /root/slam/slam/osm/osm-nav/install/osm_nav_interface/share/osm_nav_interface/cmake/osm_nav_interface__rosidl_typesupport_cppExport-noconfig.cmake
[1.692s] -- Up-to-date: /root/slam/slam/osm/osm-nav/install/osm_nav_interface/share/osm_nav_interface/cmake/export_osm_nav_interface__rosidl_generator_pyExport.cmake
[1.692s] -- Up-to-date: /root/slam/slam/osm/osm-nav/install/osm_nav_interface/share/osm_nav_interface/cmake/export_osm_nav_interface__rosidl_generator_pyExport-noconfig.cmake
[1.692s] -- Up-to-date: /root/slam/slam/osm/osm-nav/install/osm_nav_interface/share/osm_nav_interface/cmake/rosidl_cmake-extras.cmake
[1.692s] -- Up-to-date: /root/slam/slam/osm/osm-nav/install/osm_nav_interface/share/osm_nav_interface/cmake/ament_cmake_export_include_directories-extras.cmake
[1.693s] -- Up-to-date: /root/slam/slam/osm/osm-nav/install/osm_nav_interface/share/osm_nav_interface/cmake/ament_cmake_export_libraries-extras.cmake
[1.693s] -- Up-to-date: /root/slam/slam/osm/osm-nav/install/osm_nav_interface/share/osm_nav_interface/cmake/ament_cmake_export_targets-extras.cmake
[1.693s] -- Up-to-date: /root/slam/slam/osm/osm-nav/install/osm_nav_interface/share/osm_nav_interface/cmake/rosidl_cmake_export_typesupport_targets-extras.cmake
[1.693s] -- Up-to-date: /root/slam/slam/osm/osm-nav/install/osm_nav_interface/share/osm_nav_interface/cmake/ament_cmake_export_dependencies-extras.cmake
[1.693s] -- Up-to-date: /root/slam/slam/osm/osm-nav/install/osm_nav_interface/share/osm_nav_interface/cmake/rosidl_cmake_export_typesupport_libraries-extras.cmake
[1.693s] -- Up-to-date: /root/slam/slam/osm/osm-nav/install/osm_nav_interface/share/osm_nav_interface/cmake/osm_nav_interfaceConfig.cmake
[1.693s] -- Up-to-date: /root/slam/slam/osm/osm-nav/install/osm_nav_interface/share/osm_nav_interface/cmake/osm_nav_interfaceConfig-version.cmake
[1.693s] -- Up-to-date: /root/slam/slam/osm/osm-nav/install/osm_nav_interface/share/osm_nav_interface/package.xml
[1.695s] Invoked command in '/root/slam/slam/osm/osm-nav/build/osm_nav_interface' returned '0': CMAKE_PREFIX_PATH=${CMAKE_PREFIX_PATH}:/opt/ros/humble CONDA_PROMPT_MODIFIER=(openalt) /usr/bin/cmake --install /root/slam/slam/osm/osm-nav/build/osm_nav_interface
