In file included from [01m[K/root/slam/slam/osm/osm-nav/src/osm_navigation/app/osm_node.cpp:13[m[K:
[01m[K/root/slam/slam/osm/osm-nav/src/osm_navigation/./include/osm/osm_parser.hpp:[m[K In lambda function:
[01m[K/root/slam/slam/osm/osm-nav/src/osm_navigation/./include/osm/osm_parser.hpp:352:22:[m[K [01;31m[Kerror: [m[K‘[01m[Kstruct std::pair<const long int, osm_nav::TmpNode>[m[K’ has no member named ‘[01m[Kcost[m[K’
  352 |                 if(n.[01;31m[Kcost[m[K < min){
      |                      [01;31m[K^~~~[m[K
[01m[K/root/slam/slam/osm/osm-nav/src/osm_navigation/./include/osm/osm_parser.hpp:353:29:[m[K [01;31m[Kerror: [m[K‘[01m[Kstruct std::pair<const long int, osm_nav::TmpNode>[m[K’ has no member named ‘[01m[Kcost[m[K’
  353 |                     min = n.[01;31m[Kcost[m[K;
      |                             [01;31m[K^~~~[m[K
[01m[K/root/slam/slam/osm/osm-nav/src/osm_navigation/./include/osm/osm_parser.hpp:354:27:[m[K [01;31m[Kerror: [m[Kno match for ‘[01m[Koperator=[m[K’ (operand types are ‘[01m[Kosm_nav::TmpNode_t[m[K’ {aka ‘[01m[Kosm_nav::TmpNode[m[K’} and ‘[01m[Kstd::pair<const long int, osm_nav::TmpNode>[m[K’)
  354 |                     ret = [01;31m[Kn[m[K;
      |                           [01;31m[K^[m[K
In file included from [01m[K/root/slam/slam/osm/osm-nav/src/osm_navigation/app/osm_node.cpp:13[m[K:
[01m[K/root/slam/slam/osm/osm-nav/src/osm_navigation/./include/osm/osm_parser.hpp:58:16:[m[K [01;36m[Knote: [m[Kcandidate: ‘[01m[Kconstexpr osm_nav::TmpNode& osm_nav::TmpNode::operator=(const osm_nav::TmpNode&)[m[K’
   58 | typedef struct [01;36m[KTmpNode[m[K{
      |                [01;36m[K^~~~~~~[m[K
[01m[K/root/slam/slam/osm/osm-nav/src/osm_navigation/./include/osm/osm_parser.hpp:58:16:[m[K [01;36m[Knote: [m[K  no known conversion for argument 1 from ‘[01m[Kstd::pair<const long int, osm_nav::TmpNode>[m[K’ to ‘[01m[Kconst osm_nav::TmpNode&[m[K’
[01m[K/root/slam/slam/osm/osm-nav/src/osm_navigation/./include/osm/osm_parser.hpp:58:16:[m[K [01;36m[Knote: [m[Kcandidate: ‘[01m[Kconstexpr osm_nav::TmpNode& osm_nav::TmpNode::operator=(osm_nav::TmpNode&&)[m[K’
[01m[K/root/slam/slam/osm/osm-nav/src/osm_navigation/./include/osm/osm_parser.hpp:58:16:[m[K [01;36m[Knote: [m[K  no known conversion for argument 1 from ‘[01m[Kstd::pair<const long int, osm_nav::TmpNode>[m[K’ to ‘[01m[Kosm_nav::TmpNode&&[m[K’
In file included from [01m[K/root/slam/slam/osm/osm-nav/src/osm_navigation/app/osm_node.cpp:13[m[K:
[01m[K/root/slam/slam/osm/osm-nav/src/osm_navigation/./include/osm/osm_parser.hpp:[m[K In member function ‘[01m[Kvoid osm_nav::OsmParser::planner_request_cb(osm_nav_interface::srv::Planner_Request_<std::allocator<void> >::SharedPtr, osm_nav_interface::srv::Planner_Response_<std::allocator<void> >::SharedPtr)[m[K’:
[01m[K/root/slam/slam/osm/osm-nav/src/osm_navigation/./include/osm/osm_parser.hpp:371:39:[m[K [01;31m[Kerror: [m[K‘[01m[Kcost_now[m[K’ was not declared in this scope
  371 |                 double tmp = n.cost + [01;31m[Kcost_now[m[K + distance_in_two_node(n.id, end1);
      |                                       [01;31m[K^~~~~~~~[m[K
In file included from [01m[K/root/slam/slam/osm/osm-nav/src/osm_navigation/osm/osm_parser.cpp:1[m[K:
[01m[K/root/slam/slam/osm/osm-nav/src/osm_navigation/./include/osm/osm_parser.hpp:[m[K In lambda function:
[01m[K/root/slam/slam/osm/osm-nav/src/osm_navigation/./include/osm/osm_parser.hpp:352:22:[m[K [01;31m[Kerror: [m[K‘[01m[Kstruct std::pair<const long int, osm_nav::TmpNode>[m[K’ has no member named ‘[01m[Kcost[m[K’
  352 |                 if(n.[01;31m[Kcost[m[K < min){
      |                      [01;31m[K^~~~[m[K
[01m[K/root/slam/slam/osm/osm-nav/src/osm_navigation/./include/osm/osm_parser.hpp:353:29:[m[K [01;31m[Kerror: [m[K‘[01m[Kstruct std::pair<const long int, osm_nav::TmpNode>[m[K’ has no member named ‘[01m[Kcost[m[K’
  353 |                     min = n.[01;31m[Kcost[m[K;
      |                             [01;31m[K^~~~[m[K
[01m[K/root/slam/slam/osm/osm-nav/src/osm_navigation/./include/osm/osm_parser.hpp:354:27:[m[K [01;31m[Kerror: [m[Kno match for ‘[01m[Koperator=[m[K’ (operand types are ‘[01m[Kosm_nav::TmpNode_t[m[K’ {aka ‘[01m[Kosm_nav::TmpNode[m[K’} and ‘[01m[Kstd::pair<const long int, osm_nav::TmpNode>[m[K’)
  354 |                     ret = [01;31m[Kn[m[K;
      |                           [01;31m[K^[m[K
In file included from [01m[K/root/slam/slam/osm/osm-nav/src/osm_navigation/osm/osm_parser.cpp:1[m[K:
[01m[K/root/slam/slam/osm/osm-nav/src/osm_navigation/./include/osm/osm_parser.hpp:58:16:[m[K [01;36m[Knote: [m[Kcandidate: ‘[01m[Kconstexpr osm_nav::TmpNode& osm_nav::TmpNode::operator=(const osm_nav::TmpNode&)[m[K’
   58 | typedef struct [01;36m[KTmpNode[m[K{
      |                [01;36m[K^~~~~~~[m[K
[01m[K/root/slam/slam/osm/osm-nav/src/osm_navigation/./include/osm/osm_parser.hpp:58:16:[m[K [01;36m[Knote: [m[K  no known conversion for argument 1 from ‘[01m[Kstd::pair<const long int, osm_nav::TmpNode>[m[K’ to ‘[01m[Kconst osm_nav::TmpNode&[m[K’
[01m[K/root/slam/slam/osm/osm-nav/src/osm_navigation/./include/osm/osm_parser.hpp:58:16:[m[K [01;36m[Knote: [m[Kcandidate: ‘[01m[Kconstexpr osm_nav::TmpNode& osm_nav::TmpNode::operator=(osm_nav::TmpNode&&)[m[K’
[01m[K/root/slam/slam/osm/osm-nav/src/osm_navigation/./include/osm/osm_parser.hpp:58:16:[m[K [01;36m[Knote: [m[K  no known conversion for argument 1 from ‘[01m[Kstd::pair<const long int, osm_nav::TmpNode>[m[K’ to ‘[01m[Kosm_nav::TmpNode&&[m[K’
In file included from [01m[K/root/slam/slam/osm/osm-nav/src/osm_navigation/osm/osm_parser.cpp:1[m[K:
[01m[K/root/slam/slam/osm/osm-nav/src/osm_navigation/./include/osm/osm_parser.hpp:[m[K In member function ‘[01m[Kvoid osm_nav::OsmParser::planner_request_cb(osm_nav_interface::srv::Planner_Request_<std::allocator<void> >::SharedPtr, osm_nav_interface::srv::Planner_Response_<std::allocator<void> >::SharedPtr)[m[K’:
[01m[K/root/slam/slam/osm/osm-nav/src/osm_navigation/./include/osm/osm_parser.hpp:371:39:[m[K [01;31m[Kerror: [m[K‘[01m[Kcost_now[m[K’ was not declared in this scope
  371 |                 double tmp = n.cost + [01;31m[Kcost_now[m[K + distance_in_two_node(n.id, end1);
      |                                       [01;31m[K^~~~~~~~[m[K
gmake[2]: *** [CMakeFiles/osm_navigation.dir/build.make:76: CMakeFiles/osm_navigation.dir/osm/osm_parser.cpp.o] Error 1
gmake[2]: *** Waiting for unfinished jobs....
gmake[2]: *** [CMakeFiles/osm_navigation.dir/build.make:90: CMakeFiles/osm_navigation.dir/app/osm_node.cpp.o] Error 1
gmake[1]: *** [CMakeFiles/Makefile2:137: CMakeFiles/osm_navigation.dir/all] Error 2
gmake: *** [Makefile:146: all] Error 2
