[0.006s] Invoking command in '/root/slam/slam/osm/osm-nav/build/osm_nav': CMAKE_PREFIX_PATH=/root/slam/slam/osm/osm-nav/install/osm_nav_interface:/root/slam/slam/osm/osm-nav/install/osm_nav:/opt/ros/humble CONDA_PROMPT_MODIFIER=(openalt) /usr/bin/cmake --build /root/slam/slam/osm/osm-nav/build/osm_nav -- -j12 -l12
[0.033s] [35m[1mConsolidate compiler generated dependencies of target osm_navigation[0m
[0.042s] gmake[2]: Warning: File '/root/slam/slam/osm/osm-nav/src/osm_navigation/app/osm_node.cpp' has modification time 7798 s in the future
[0.046s] [ 33%] [32mBuilding CXX object CMakeFiles/osm_navigation.dir/osm/osm_parser.cpp.o[0m
[0.046s] [ 66%] [32mBuilding CXX object CMakeFiles/osm_navigation.dir/app/osm_node.cpp.o[0m
[5.977s] [100%] [32m[1mLinking CXX executable osm_navigation[0m
[6.277s] gmake[2]: warning:  Clock skew detected.  Your build may be incomplete.
[6.281s] [100%] Built target osm_navigation
[6.287s] Invoked command in '/root/slam/slam/osm/osm-nav/build/osm_nav' returned '0': CMAKE_PREFIX_PATH=/root/slam/slam/osm/osm-nav/install/osm_nav_interface:/root/slam/slam/osm/osm-nav/install/osm_nav:/opt/ros/humble CONDA_PROMPT_MODIFIER=(openalt) /usr/bin/cmake --build /root/slam/slam/osm/osm-nav/build/osm_nav -- -j12 -l12
[6.302s] Invoking command in '/root/slam/slam/osm/osm-nav/build/osm_nav': CMAKE_PREFIX_PATH=/root/slam/slam/osm/osm-nav/install/osm_nav_interface:/root/slam/slam/osm/osm-nav/install/osm_nav:/opt/ros/humble CONDA_PROMPT_MODIFIER=(openalt) /usr/bin/cmake --install /root/slam/slam/osm/osm-nav/build/osm_nav
[6.305s] -- Install configuration: ""
[6.305s] -- Installing: /root/slam/slam/osm/osm-nav/install/osm_nav/lib/osm_nav/osm_navigation
[6.307s] -- Set runtime path of "/root/slam/slam/osm/osm-nav/install/osm_nav/lib/osm_nav/osm_navigation" to ""
[6.307s] -- Installing: /root/slam/slam/osm/osm-nav/install/osm_nav/share/osm_nav/launch
[6.307s] -- Installing: /root/slam/slam/osm/osm-nav/install/osm_nav/share/osm_nav/launch/osm_parser.launch.py
[6.307s] -- Installing: /root/slam/slam/osm/osm-nav/install/osm_nav/share/osm_nav/config
[6.307s] -- Installing: /root/slam/slam/osm/osm-nav/install/osm_nav/share/osm_nav/config/osm_parser.yaml
[6.317s] -- Installing: /root/slam/slam/osm/osm-nav/install/osm_nav/share/ament_index/resource_index/package_run_dependencies/osm_nav
[6.317s] -- Installing: /root/slam/slam/osm/osm-nav/install/osm_nav/share/ament_index/resource_index/parent_prefix_path/osm_nav
[6.317s] -- Installing: /root/slam/slam/osm/osm-nav/install/osm_nav/share/osm_nav/environment/ament_prefix_path.sh
[6.317s] -- Installing: /root/slam/slam/osm/osm-nav/install/osm_nav/share/osm_nav/environment/ament_prefix_path.dsv
[6.317s] -- Installing: /root/slam/slam/osm/osm-nav/install/osm_nav/share/osm_nav/environment/path.sh
[6.317s] -- Installing: /root/slam/slam/osm/osm-nav/install/osm_nav/share/osm_nav/environment/path.dsv
[6.317s] -- Installing: /root/slam/slam/osm/osm-nav/install/osm_nav/share/osm_nav/local_setup.bash
[6.318s] -- Installing: /root/slam/slam/osm/osm-nav/install/osm_nav/share/osm_nav/local_setup.sh
[6.318s] -- Installing: /root/slam/slam/osm/osm-nav/install/osm_nav/share/osm_nav/local_setup.zsh
[6.318s] -- Installing: /root/slam/slam/osm/osm-nav/install/osm_nav/share/osm_nav/local_setup.dsv
[6.318s] -- Installing: /root/slam/slam/osm/osm-nav/install/osm_nav/share/osm_nav/package.dsv
[6.318s] -- Installing: /root/slam/slam/osm/osm-nav/install/osm_nav/share/ament_index/resource_index/packages/osm_nav
[6.318s] -- Installing: /root/slam/slam/osm/osm-nav/install/osm_nav/share/osm_nav/cmake/osm_navConfig.cmake
[6.318s] -- Installing: /root/slam/slam/osm/osm-nav/install/osm_nav/share/osm_nav/cmake/osm_navConfig-version.cmake
[6.318s] -- Installing: /root/slam/slam/osm/osm-nav/install/osm_nav/share/osm_nav/package.xml
[6.320s] Invoked command in '/root/slam/slam/osm/osm-nav/build/osm_nav' returned '0': CMAKE_PREFIX_PATH=/root/slam/slam/osm/osm-nav/install/osm_nav_interface:/root/slam/slam/osm/osm-nav/install/osm_nav:/opt/ros/humble CONDA_PROMPT_MODIFIER=(openalt) /usr/bin/cmake --install /root/slam/slam/osm/osm-nav/build/osm_nav
