[0.008s] Invoking command in '/root/slam/slam/osm/osm-nav/build/osm_nav_interface': CMAKE_PREFIX_PATH=${CMAKE_PREFIX_PATH}:/opt/ros/humble CONDA_PROMPT_MODIFIER=(openalt) /usr/bin/cmake /root/slam/slam/osm/osm-nav/src/osm_nav_interface -DCMAKE_INSTALL_PREFIX=/root/slam/slam/osm/osm-nav/install/osm_nav_interface
[0.040s] -- The C compiler identification is GNU 11.4.0
[0.077s] -- The CXX compiler identification is GNU 11.4.0
[0.081s] -- Detecting C compiler ABI info
[0.121s] -- Detecting C compiler ABI info - done
[0.126s] -- Check for working C compiler: /usr/bin/cc - skipped
[0.126s] -- Detecting C compile features
[0.126s] -- Detecting C compile features - done
[0.128s] -- Detecting CXX compiler ABI info
[0.173s] -- Detecting CXX compiler ABI info - done
[0.178s] -- Check for working CXX compiler: /usr/bin/c++ - skipped
[0.178s] -- Detecting CXX compile features
[0.178s] -- Detecting CXX compile features - done
[0.180s] -- Found ament_cmake: 1.3.5 (/opt/ros/humble/share/ament_cmake/cmake)
[0.295s] -- Found Python3: /usr/bin/python3.10 (found version "3.10.12") found components: Interpreter 
[0.372s] -- Found rclcpp: 16.0.5 (/opt/ros/humble/share/rclcpp/cmake)
[0.412s] -- Found rosidl_generator_c: 3.1.5 (/opt/ros/humble/share/rosidl_generator_c/cmake)
[0.416s] -- Found rosidl_adapter: 3.1.5 (/opt/ros/humble/share/rosidl_adapter/cmake)
[0.423s] -- Found rosidl_generator_cpp: 3.1.5 (/opt/ros/humble/share/rosidl_generator_cpp/cmake)
[0.432s] -- Using all available rosidl_typesupport_c: rosidl_typesupport_fastrtps_c;rosidl_typesupport_introspection_c
[0.446s] -- Using all available rosidl_typesupport_cpp: rosidl_typesupport_fastrtps_cpp;rosidl_typesupport_introspection_cpp
[0.495s] -- Found rmw_implementation_cmake: 6.1.1 (/opt/ros/humble/share/rmw_implementation_cmake/cmake)
[0.497s] -- Found rmw_fastrtps_cpp: 6.2.3 (/opt/ros/humble/share/rmw_fastrtps_cpp/cmake)
[0.560s] -- Found OpenSSL: /usr/lib/x86_64-linux-gnu/libcrypto.so (found version "3.0.2")  
[0.583s] -- Found FastRTPS: /opt/ros/humble/include  
[0.620s] -- Using RMW implementation 'rmw_fastrtps_cpp' as default
[0.629s] -- Looking for pthread.h
[0.668s] -- Looking for pthread.h - found
[0.668s] -- Performing Test CMAKE_HAVE_LIBC_PTHREAD
[0.708s] -- Performing Test CMAKE_HAVE_LIBC_PTHREAD - Success
[0.709s] -- Found Threads: TRUE  
[0.818s] -- Found rosidl_default_generators: 1.2.0 (/opt/ros/humble/share/rosidl_default_generators/cmake)
[0.978s] -- Found ament_cmake_ros: 0.10.0 (/opt/ros/humble/share/ament_cmake_ros/cmake)
[1.170s] -- Using all available rosidl_typesupport_c: rosidl_typesupport_fastrtps_c;rosidl_typesupport_introspection_c
[1.246s] -- Using all available rosidl_typesupport_cpp: rosidl_typesupport_fastrtps_cpp;rosidl_typesupport_introspection_cpp
[1.257s] -- Found PythonInterp: /root/miniconda3/envs/openalt/bin/python3 (found suitable version "3.11.5", minimum required is "3.6") 
[1.259s] -- Found python_cmake_module: 0.10.0 (/opt/ros/humble/share/python_cmake_module/cmake)
[1.273s] -- Found PythonLibs: /root/miniconda3/envs/openalt/lib/libpython3.11.so (found suitable version "3.11.5", minimum required is "3.5") 
[1.273s] -- Using PYTHON_EXECUTABLE: /root/miniconda3/envs/openalt/bin/python3
[1.273s] -- Using PYTHON_INCLUDE_DIRS: /root/miniconda3/envs/openalt/include/python3.11
[1.273s] -- Using PYTHON_LIBRARIES: /root/miniconda3/envs/openalt/lib/libpython3.11.so
[1.287s] -- Found PythonExtra: .so  
[1.461s] -- Using numpy include directory: /root/miniconda3/envs/openalt/lib/python3.11/site-packages/numpy/core/include
[1.466s] -- Found ament_lint_auto: 0.12.7 (/opt/ros/humble/share/ament_lint_auto/cmake)
[1.481s] -- Added test 'lint_cmake' to check CMake code style
[1.481s] -- Added test 'xmllint' to check XML markup files
[1.483s] -- Configuring done
[1.499s] -- Generating done
[1.501s] -- Build files have been written to: /root/slam/slam/osm/osm-nav/build/osm_nav_interface
[1.508s] Invoked command in '/root/slam/slam/osm/osm-nav/build/osm_nav_interface' returned '0': CMAKE_PREFIX_PATH=${CMAKE_PREFIX_PATH}:/opt/ros/humble CONDA_PROMPT_MODIFIER=(openalt) /usr/bin/cmake /root/slam/slam/osm/osm-nav/src/osm_nav_interface -DCMAKE_INSTALL_PREFIX=/root/slam/slam/osm/osm-nav/install/osm_nav_interface
[1.509s] Invoking command in '/root/slam/slam/osm/osm-nav/build/osm_nav_interface': CMAKE_PREFIX_PATH=${CMAKE_PREFIX_PATH}:/opt/ros/humble CONDA_PROMPT_MODIFIER=(openalt) /usr/bin/cmake --build /root/slam/slam/osm/osm-nav/build/osm_nav_interface -- -j12 -l12
[1.530s] [  3%] [34m[1mGenerating C code for ROS interfaces[0m
[1.534s] [  6%] [34m[1mGenerating C++ code for ROS interfaces[0m
[1.540s] [  6%] Built target ament_cmake_python_copy_osm_nav_interface
[1.693s] running egg_info
[1.694s] creating osm_nav_interface.egg-info
[1.694s] writing osm_nav_interface.egg-info/PKG-INFO
[1.694s] writing dependency_links to osm_nav_interface.egg-info/dependency_links.txt
[1.694s] writing top-level names to osm_nav_interface.egg-info/top_level.txt
[1.694s] writing manifest file 'osm_nav_interface.egg-info/SOURCES.txt'
[1.695s] reading manifest file 'osm_nav_interface.egg-info/SOURCES.txt'
[1.695s] writing manifest file 'osm_nav_interface.egg-info/SOURCES.txt'
[1.699s] [  9%] [32mBuilding C object CMakeFiles/osm_nav_interface__rosidl_generator_c.dir/rosidl_generator_c/osm_nav_interface/srv/detail/planner__functions.c.o[0m
[1.718s] [  9%] Built target ament_cmake_python_build_osm_nav_interface_egg
[1.736s] [ 12%] [32m[1mLinking C shared library libosm_nav_interface__rosidl_generator_c.so[0m
[1.755s] [ 12%] Built target osm_nav_interface__cpp
[1.760s] [ 12%] Built target osm_nav_interface__rosidl_generator_c
[1.760s] [ 19%] [34m[1mGenerating C++ type support for eProsima Fast-RTPS[0m
[1.760s] [ 19%] [34m[1mGenerating C++ type support dispatch for ROS interfaces[0m
[1.766s] [ 22%] [34m[1mGenerating C++ introspection for ROS interfaces[0m
[1.766s] [ 29%] [34m[1mGenerating C type support dispatch for ROS interfaces[0m
[1.766s] [ 29%] [34m[1mGenerating C type support for eProsima Fast-RTPS[0m
[1.771s] [ 32%] [34m[1mGenerating C introspection for ROS interfaces[0m
[1.923s] [ 35%] [32mBuilding CXX object CMakeFiles/osm_nav_interface__rosidl_typesupport_introspection_cpp.dir/rosidl_typesupport_introspection_cpp/osm_nav_interface/srv/detail/planner__type_support.cpp.o[0m
[1.925s] [ 38%] [32mBuilding CXX object CMakeFiles/osm_nav_interface__rosidl_typesupport_fastrtps_cpp.dir/rosidl_typesupport_fastrtps_cpp/osm_nav_interface/srv/detail/dds_fastrtps/planner__type_support.cpp.o[0m
[1.938s] [ 41%] [32mBuilding CXX object CMakeFiles/osm_nav_interface__rosidl_typesupport_c.dir/rosidl_typesupport_c/osm_nav_interface/srv/planner__type_support.cpp.o[0m
[1.955s] [ 45%] [32mBuilding C object CMakeFiles/osm_nav_interface__rosidl_typesupport_introspection_c.dir/rosidl_typesupport_introspection_c/osm_nav_interface/srv/detail/planner__type_support.c.o[0m
[1.963s] [ 48%] [32m[1mLinking CXX shared library libosm_nav_interface__rosidl_typesupport_c.so[0m
[1.978s] [ 51%] [32m[1mLinking C shared library libosm_nav_interface__rosidl_typesupport_introspection_c.so[0m
[2.001s] [ 51%] Built target osm_nav_interface__rosidl_typesupport_c
[2.004s] [ 54%] [32mBuilding CXX object CMakeFiles/osm_nav_interface__rosidl_typesupport_cpp.dir/rosidl_typesupport_cpp/osm_nav_interface/srv/planner__type_support.cpp.o[0m
[2.010s] [ 54%] Built target osm_nav_interface__rosidl_typesupport_introspection_c
[2.025s] [ 58%] [32mBuilding CXX object CMakeFiles/osm_nav_interface__rosidl_typesupport_fastrtps_c.dir/rosidl_typesupport_fastrtps_c/osm_nav_interface/srv/detail/planner__type_support_c.cpp.o[0m
[2.203s] [ 61%] [32m[1mLinking CXX shared library libosm_nav_interface__rosidl_typesupport_cpp.so[0m
[2.217s] [ 64%] [32m[1mLinking CXX shared library libosm_nav_interface__rosidl_typesupport_introspection_cpp.so[0m
[2.229s] [ 67%] [32m[1mLinking CXX shared library libosm_nav_interface__rosidl_typesupport_fastrtps_cpp.so[0m
[2.243s] [ 67%] Built target osm_nav_interface__rosidl_typesupport_cpp
[2.248s] [ 70%] [32m[1mLinking CXX shared library libosm_nav_interface__rosidl_typesupport_fastrtps_c.so[0m
[2.253s] [ 70%] Built target osm_nav_interface__rosidl_typesupport_introspection_cpp
[2.295s] [ 70%] Built target osm_nav_interface__rosidl_typesupport_fastrtps_cpp
[2.311s] [ 70%] Built target osm_nav_interface__rosidl_typesupport_fastrtps_c
[2.320s] [ 70%] Built target osm_nav_interface
[2.331s] [ 74%] [34m[1mGenerating Python code for ROS interfaces[0m
[2.552s] [ 74%] Built target osm_nav_interface__py
[2.564s] [ 77%] [32mBuilding C object CMakeFiles/osm_nav_interface__rosidl_generator_py.dir/rosidl_generator_py/osm_nav_interface/srv/_planner_s.c.o[0m
[2.656s] [ 80%] [32m[1mLinking C shared library rosidl_generator_py/osm_nav_interface/libosm_nav_interface__rosidl_generator_py.so[0m
[2.682s] [ 80%] Built target osm_nav_interface__rosidl_generator_py
[2.695s] [ 87%] [32mBuilding C object CMakeFiles/osm_nav_interface__rosidl_typesupport_introspection_c__pyext.dir/rosidl_generator_py/osm_nav_interface/_osm_nav_interface_s.ep.rosidl_typesupport_introspection_c.c.o[0m
[2.695s] [ 87%] [32mBuilding C object CMakeFiles/osm_nav_interface__rosidl_typesupport_fastrtps_c__pyext.dir/rosidl_generator_py/osm_nav_interface/_osm_nav_interface_s.ep.rosidl_typesupport_fastrtps_c.c.o[0m
[2.701s] [ 90%] [32mBuilding C object CMakeFiles/osm_nav_interface__rosidl_typesupport_c__pyext.dir/rosidl_generator_py/osm_nav_interface/_osm_nav_interface_s.ep.rosidl_typesupport_c.c.o[0m
[2.757s] [ 93%] [32m[1mLinking C shared library rosidl_generator_py/osm_nav_interface/osm_nav_interface_s__rosidl_typesupport_introspection_c.cpython-311-x86_64-linux-gnu.so[0m
[2.760s] [ 96%] [32m[1mLinking C shared library rosidl_generator_py/osm_nav_interface/osm_nav_interface_s__rosidl_typesupport_fastrtps_c.cpython-311-x86_64-linux-gnu.so[0m
[2.768s] [100%] [32m[1mLinking C shared library rosidl_generator_py/osm_nav_interface/osm_nav_interface_s__rosidl_typesupport_c.cpython-311-x86_64-linux-gnu.so[0m
[2.778s] [100%] Built target osm_nav_interface__rosidl_typesupport_fastrtps_c__pyext
[2.778s] [100%] Built target osm_nav_interface__rosidl_typesupport_introspection_c__pyext
[2.788s] [100%] Built target osm_nav_interface__rosidl_typesupport_c__pyext
[2.795s] Invoked command in '/root/slam/slam/osm/osm-nav/build/osm_nav_interface' returned '0': CMAKE_PREFIX_PATH=${CMAKE_PREFIX_PATH}:/opt/ros/humble CONDA_PROMPT_MODIFIER=(openalt) /usr/bin/cmake --build /root/slam/slam/osm/osm-nav/build/osm_nav_interface -- -j12 -l12
[2.830s] Invoking command in '/root/slam/slam/osm/osm-nav/build/osm_nav_interface': CMAKE_PREFIX_PATH=${CMAKE_PREFIX_PATH}:/opt/ros/humble CONDA_PROMPT_MODIFIER=(openalt) /usr/bin/cmake --install /root/slam/slam/osm/osm-nav/build/osm_nav_interface
[2.834s] -- Install configuration: ""
[2.834s] -- Installing: /root/slam/slam/osm/osm-nav/install/osm_nav_interface/share/ament_index/resource_index/rosidl_interfaces/osm_nav_interface
[2.834s] -- Installing: /root/slam/slam/osm/osm-nav/install/osm_nav_interface/include/osm_nav_interface/osm_nav_interface
[2.835s] -- Installing: /root/slam/slam/osm/osm-nav/install/osm_nav_interface/include/osm_nav_interface/osm_nav_interface/srv
[2.835s] -- Installing: /root/slam/slam/osm/osm-nav/install/osm_nav_interface/include/osm_nav_interface/osm_nav_interface/srv/detail
[2.835s] -- Installing: /root/slam/slam/osm/osm-nav/install/osm_nav_interface/include/osm_nav_interface/osm_nav_interface/srv/detail/planner__type_support.h
[2.835s] -- Installing: /root/slam/slam/osm/osm-nav/install/osm_nav_interface/include/osm_nav_interface/osm_nav_interface/srv/detail/planner__functions.h
[2.835s] -- Installing: /root/slam/slam/osm/osm-nav/install/osm_nav_interface/include/osm_nav_interface/osm_nav_interface/srv/detail/planner__functions.c
[2.835s] -- Installing: /root/slam/slam/osm/osm-nav/install/osm_nav_interface/include/osm_nav_interface/osm_nav_interface/srv/detail/planner__struct.h
[2.835s] -- Installing: /root/slam/slam/osm/osm-nav/install/osm_nav_interface/include/osm_nav_interface/osm_nav_interface/srv/planner.h
[2.835s] -- Installing: /root/slam/slam/osm/osm-nav/install/osm_nav_interface/include/osm_nav_interface/osm_nav_interface/msg
[2.835s] -- Installing: /root/slam/slam/osm/osm-nav/install/osm_nav_interface/include/osm_nav_interface/osm_nav_interface/msg/rosidl_generator_c__visibility_control.h
[2.835s] -- Installing: /root/slam/slam/osm/osm-nav/install/osm_nav_interface/share/osm_nav_interface/environment/library_path.sh
[2.835s] -- Installing: /root/slam/slam/osm/osm-nav/install/osm_nav_interface/share/osm_nav_interface/environment/library_path.dsv
[2.835s] -- Installing: /root/slam/slam/osm/osm-nav/install/osm_nav_interface/lib/libosm_nav_interface__rosidl_generator_c.so
[2.835s] -- Set runtime path of "/root/slam/slam/osm/osm-nav/install/osm_nav_interface/lib/libosm_nav_interface__rosidl_generator_c.so" to ""
[2.835s] -- Up-to-date: /root/slam/slam/osm/osm-nav/install/osm_nav_interface/include/osm_nav_interface/osm_nav_interface
[2.835s] -- Up-to-date: /root/slam/slam/osm/osm-nav/install/osm_nav_interface/include/osm_nav_interface/osm_nav_interface/srv
[2.835s] -- Up-to-date: /root/slam/slam/osm/osm-nav/install/osm_nav_interface/include/osm_nav_interface/osm_nav_interface/srv/detail
[2.835s] -- Installing: /root/slam/slam/osm/osm-nav/install/osm_nav_interface/include/osm_nav_interface/osm_nav_interface/srv/detail/planner__rosidl_typesupport_fastrtps_c.h
[2.835s] -- Up-to-date: /root/slam/slam/osm/osm-nav/install/osm_nav_interface/include/osm_nav_interface/osm_nav_interface/msg
[2.835s] -- Installing: /root/slam/slam/osm/osm-nav/install/osm_nav_interface/include/osm_nav_interface/osm_nav_interface/msg/rosidl_typesupport_fastrtps_c__visibility_control.h
[2.835s] -- Installing: /root/slam/slam/osm/osm-nav/install/osm_nav_interface/lib/libosm_nav_interface__rosidl_typesupport_fastrtps_c.so
[2.835s] -- Set runtime path of "/root/slam/slam/osm/osm-nav/install/osm_nav_interface/lib/libosm_nav_interface__rosidl_typesupport_fastrtps_c.so" to ""
[2.835s] -- Up-to-date: /root/slam/slam/osm/osm-nav/install/osm_nav_interface/include/osm_nav_interface/osm_nav_interface
[2.835s] -- Up-to-date: /root/slam/slam/osm/osm-nav/install/osm_nav_interface/include/osm_nav_interface/osm_nav_interface/srv
[2.835s] -- Installing: /root/slam/slam/osm/osm-nav/install/osm_nav_interface/include/osm_nav_interface/osm_nav_interface/srv/planner.hpp
[2.835s] -- Up-to-date: /root/slam/slam/osm/osm-nav/install/osm_nav_interface/include/osm_nav_interface/osm_nav_interface/srv/detail
[2.835s] -- Installing: /root/slam/slam/osm/osm-nav/install/osm_nav_interface/include/osm_nav_interface/osm_nav_interface/srv/detail/planner__builder.hpp
[2.835s] -- Installing: /root/slam/slam/osm/osm-nav/install/osm_nav_interface/include/osm_nav_interface/osm_nav_interface/srv/detail/planner__traits.hpp
[2.836s] -- Installing: /root/slam/slam/osm/osm-nav/install/osm_nav_interface/include/osm_nav_interface/osm_nav_interface/srv/detail/planner__struct.hpp
[2.836s] -- Up-to-date: /root/slam/slam/osm/osm-nav/install/osm_nav_interface/include/osm_nav_interface/osm_nav_interface
[2.836s] -- Up-to-date: /root/slam/slam/osm/osm-nav/install/osm_nav_interface/include/osm_nav_interface/osm_nav_interface/srv
[2.836s] -- Up-to-date: /root/slam/slam/osm/osm-nav/install/osm_nav_interface/include/osm_nav_interface/osm_nav_interface/srv/detail
[2.836s] -- Installing: /root/slam/slam/osm/osm-nav/install/osm_nav_interface/include/osm_nav_interface/osm_nav_interface/srv/detail/dds_fastrtps
[2.836s] -- Installing: /root/slam/slam/osm/osm-nav/install/osm_nav_interface/include/osm_nav_interface/osm_nav_interface/srv/detail/planner__rosidl_typesupport_fastrtps_cpp.hpp
[2.836s] -- Up-to-date: /root/slam/slam/osm/osm-nav/install/osm_nav_interface/include/osm_nav_interface/osm_nav_interface/msg
[2.836s] -- Installing: /root/slam/slam/osm/osm-nav/install/osm_nav_interface/include/osm_nav_interface/osm_nav_interface/msg/rosidl_typesupport_fastrtps_cpp__visibility_control.h
[2.836s] -- Installing: /root/slam/slam/osm/osm-nav/install/osm_nav_interface/lib/libosm_nav_interface__rosidl_typesupport_fastrtps_cpp.so
[2.836s] -- Set runtime path of "/root/slam/slam/osm/osm-nav/install/osm_nav_interface/lib/libosm_nav_interface__rosidl_typesupport_fastrtps_cpp.so" to ""
[2.836s] -- Up-to-date: /root/slam/slam/osm/osm-nav/install/osm_nav_interface/include/osm_nav_interface/osm_nav_interface
[2.836s] -- Up-to-date: /root/slam/slam/osm/osm-nav/install/osm_nav_interface/include/osm_nav_interface/osm_nav_interface/srv
[2.836s] -- Up-to-date: /root/slam/slam/osm/osm-nav/install/osm_nav_interface/include/osm_nav_interface/osm_nav_interface/srv/detail
[2.836s] -- Installing: /root/slam/slam/osm/osm-nav/install/osm_nav_interface/include/osm_nav_interface/osm_nav_interface/srv/detail/planner__rosidl_typesupport_introspection_c.h
[2.836s] -- Installing: /root/slam/slam/osm/osm-nav/install/osm_nav_interface/include/osm_nav_interface/osm_nav_interface/srv/detail/planner__type_support.c
[2.836s] -- Up-to-date: /root/slam/slam/osm/osm-nav/install/osm_nav_interface/include/osm_nav_interface/osm_nav_interface/msg
[2.836s] -- Installing: /root/slam/slam/osm/osm-nav/install/osm_nav_interface/include/osm_nav_interface/osm_nav_interface/msg/rosidl_typesupport_introspection_c__visibility_control.h
[2.836s] -- Installing: /root/slam/slam/osm/osm-nav/install/osm_nav_interface/lib/libosm_nav_interface__rosidl_typesupport_introspection_c.so
[2.836s] -- Set runtime path of "/root/slam/slam/osm/osm-nav/install/osm_nav_interface/lib/libosm_nav_interface__rosidl_typesupport_introspection_c.so" to ""
[2.836s] -- Installing: /root/slam/slam/osm/osm-nav/install/osm_nav_interface/lib/libosm_nav_interface__rosidl_typesupport_c.so
[2.836s] -- Set runtime path of "/root/slam/slam/osm/osm-nav/install/osm_nav_interface/lib/libosm_nav_interface__rosidl_typesupport_c.so" to ""
[2.836s] -- Up-to-date: /root/slam/slam/osm/osm-nav/install/osm_nav_interface/include/osm_nav_interface/osm_nav_interface
[2.836s] -- Up-to-date: /root/slam/slam/osm/osm-nav/install/osm_nav_interface/include/osm_nav_interface/osm_nav_interface/srv
[2.836s] -- Up-to-date: /root/slam/slam/osm/osm-nav/install/osm_nav_interface/include/osm_nav_interface/osm_nav_interface/srv/detail
[2.836s] -- Installing: /root/slam/slam/osm/osm-nav/install/osm_nav_interface/include/osm_nav_interface/osm_nav_interface/srv/detail/planner__type_support.cpp
[2.836s] -- Installing: /root/slam/slam/osm/osm-nav/install/osm_nav_interface/include/osm_nav_interface/osm_nav_interface/srv/detail/planner__rosidl_typesupport_introspection_cpp.hpp
[2.836s] -- Installing: /root/slam/slam/osm/osm-nav/install/osm_nav_interface/lib/libosm_nav_interface__rosidl_typesupport_introspection_cpp.so
[2.836s] -- Set runtime path of "/root/slam/slam/osm/osm-nav/install/osm_nav_interface/lib/libosm_nav_interface__rosidl_typesupport_introspection_cpp.so" to ""
[2.837s] -- Installing: /root/slam/slam/osm/osm-nav/install/osm_nav_interface/lib/libosm_nav_interface__rosidl_typesupport_cpp.so
[2.837s] -- Set runtime path of "/root/slam/slam/osm/osm-nav/install/osm_nav_interface/lib/libosm_nav_interface__rosidl_typesupport_cpp.so" to ""
[2.837s] -- Installing: /root/slam/slam/osm/osm-nav/install/osm_nav_interface/share/osm_nav_interface/environment/pythonpath.sh
[2.837s] -- Installing: /root/slam/slam/osm/osm-nav/install/osm_nav_interface/share/osm_nav_interface/environment/pythonpath.dsv
[2.837s] -- Installing: /root/slam/slam/osm/osm-nav/install/osm_nav_interface/local/lib/python3.10/dist-packages/osm_nav_interface-0.0.0-py3.10.egg-info
[2.837s] -- Installing: /root/slam/slam/osm/osm-nav/install/osm_nav_interface/local/lib/python3.10/dist-packages/osm_nav_interface-0.0.0-py3.10.egg-info/PKG-INFO
[2.837s] -- Installing: /root/slam/slam/osm/osm-nav/install/osm_nav_interface/local/lib/python3.10/dist-packages/osm_nav_interface-0.0.0-py3.10.egg-info/dependency_links.txt
[2.837s] -- Installing: /root/slam/slam/osm/osm-nav/install/osm_nav_interface/local/lib/python3.10/dist-packages/osm_nav_interface-0.0.0-py3.10.egg-info/top_level.txt
[2.837s] -- Installing: /root/slam/slam/osm/osm-nav/install/osm_nav_interface/local/lib/python3.10/dist-packages/osm_nav_interface-0.0.0-py3.10.egg-info/SOURCES.txt
[2.837s] -- Installing: /root/slam/slam/osm/osm-nav/install/osm_nav_interface/local/lib/python3.10/dist-packages/osm_nav_interface
[2.837s] -- Installing: /root/slam/slam/osm/osm-nav/install/osm_nav_interface/local/lib/python3.10/dist-packages/osm_nav_interface/srv
[2.837s] -- Installing: /root/slam/slam/osm/osm-nav/install/osm_nav_interface/local/lib/python3.10/dist-packages/osm_nav_interface/srv/__init__.py
[2.837s] -- Installing: /root/slam/slam/osm/osm-nav/install/osm_nav_interface/local/lib/python3.10/dist-packages/osm_nav_interface/srv/_planner.py
[2.837s] -- Installing: /root/slam/slam/osm/osm-nav/install/osm_nav_interface/local/lib/python3.10/dist-packages/osm_nav_interface/srv/_planner_s.c
[2.837s] -- Installing: /root/slam/slam/osm/osm-nav/install/osm_nav_interface/local/lib/python3.10/dist-packages/osm_nav_interface/osm_nav_interface_s__rosidl_typesupport_fastrtps_c.cpython-311-x86_64-linux-gnu.so
[2.837s] -- Installing: /root/slam/slam/osm/osm-nav/install/osm_nav_interface/local/lib/python3.10/dist-packages/osm_nav_interface/_osm_nav_interface_s.ep.rosidl_typesupport_fastrtps_c.c
[2.837s] -- Installing: /root/slam/slam/osm/osm-nav/install/osm_nav_interface/local/lib/python3.10/dist-packages/osm_nav_interface/libosm_nav_interface__rosidl_generator_py.so
[2.837s] -- Installing: /root/slam/slam/osm/osm-nav/install/osm_nav_interface/local/lib/python3.10/dist-packages/osm_nav_interface/_osm_nav_interface_s.ep.rosidl_typesupport_c.c
[2.837s] -- Installing: /root/slam/slam/osm/osm-nav/install/osm_nav_interface/local/lib/python3.10/dist-packages/osm_nav_interface/_osm_nav_interface_s.ep.rosidl_typesupport_introspection_c.c
[2.837s] -- Installing: /root/slam/slam/osm/osm-nav/install/osm_nav_interface/local/lib/python3.10/dist-packages/osm_nav_interface/__init__.py
[2.837s] -- Installing: /root/slam/slam/osm/osm-nav/install/osm_nav_interface/local/lib/python3.10/dist-packages/osm_nav_interface/osm_nav_interface_s__rosidl_typesupport_c.cpython-311-x86_64-linux-gnu.so
[2.837s] -- Installing: /root/slam/slam/osm/osm-nav/install/osm_nav_interface/local/lib/python3.10/dist-packages/osm_nav_interface/osm_nav_interface_s__rosidl_typesupport_introspection_c.cpython-311-x86_64-linux-gnu.so
[2.859s] Listing '/root/slam/slam/osm/osm-nav/install/osm_nav_interface/local/lib/python3.10/dist-packages/osm_nav_interface'...
[2.859s] Compiling '/root/slam/slam/osm/osm-nav/install/osm_nav_interface/local/lib/python3.10/dist-packages/osm_nav_interface/__init__.py'...
[2.859s] Listing '/root/slam/slam/osm/osm-nav/install/osm_nav_interface/local/lib/python3.10/dist-packages/osm_nav_interface/srv'...
[2.859s] Compiling '/root/slam/slam/osm/osm-nav/install/osm_nav_interface/local/lib/python3.10/dist-packages/osm_nav_interface/srv/__init__.py'...
[2.859s] Compiling '/root/slam/slam/osm/osm-nav/install/osm_nav_interface/local/lib/python3.10/dist-packages/osm_nav_interface/srv/_planner.py'...
[2.862s] -- Installing: /root/slam/slam/osm/osm-nav/install/osm_nav_interface/local/lib/python3.10/dist-packages/osm_nav_interface/osm_nav_interface_s__rosidl_typesupport_fastrtps_c.cpython-311-x86_64-linux-gnu.so
[2.862s] -- Set runtime path of "/root/slam/slam/osm/osm-nav/install/osm_nav_interface/local/lib/python3.10/dist-packages/osm_nav_interface/osm_nav_interface_s__rosidl_typesupport_fastrtps_c.cpython-311-x86_64-linux-gnu.so" to ""
[2.862s] -- Installing: /root/slam/slam/osm/osm-nav/install/osm_nav_interface/local/lib/python3.10/dist-packages/osm_nav_interface/osm_nav_interface_s__rosidl_typesupport_introspection_c.cpython-311-x86_64-linux-gnu.so
[2.862s] -- Set runtime path of "/root/slam/slam/osm/osm-nav/install/osm_nav_interface/local/lib/python3.10/dist-packages/osm_nav_interface/osm_nav_interface_s__rosidl_typesupport_introspection_c.cpython-311-x86_64-linux-gnu.so" to ""
[2.862s] -- Installing: /root/slam/slam/osm/osm-nav/install/osm_nav_interface/local/lib/python3.10/dist-packages/osm_nav_interface/osm_nav_interface_s__rosidl_typesupport_c.cpython-311-x86_64-linux-gnu.so
[2.862s] -- Set runtime path of "/root/slam/slam/osm/osm-nav/install/osm_nav_interface/local/lib/python3.10/dist-packages/osm_nav_interface/osm_nav_interface_s__rosidl_typesupport_c.cpython-311-x86_64-linux-gnu.so" to ""
[2.862s] -- Installing: /root/slam/slam/osm/osm-nav/install/osm_nav_interface/lib/libosm_nav_interface__rosidl_generator_py.so
[2.862s] -- Set runtime path of "/root/slam/slam/osm/osm-nav/install/osm_nav_interface/lib/libosm_nav_interface__rosidl_generator_py.so" to ""
[2.862s] -- Installing: /root/slam/slam/osm/osm-nav/install/osm_nav_interface/share/osm_nav_interface/srv/Planner.idl
[2.862s] -- Installing: /root/slam/slam/osm/osm-nav/install/osm_nav_interface/share/osm_nav_interface/srv/Planner.srv
[2.862s] -- Installing: /root/slam/slam/osm/osm-nav/install/osm_nav_interface/share/osm_nav_interface/srv/Planner_Request.msg
[2.862s] -- Installing: /root/slam/slam/osm/osm-nav/install/osm_nav_interface/share/osm_nav_interface/srv/Planner_Response.msg
[2.862s] -- Installing: /root/slam/slam/osm/osm-nav/install/osm_nav_interface/share/ament_index/resource_index/package_run_dependencies/osm_nav_interface
[2.863s] -- Installing: /root/slam/slam/osm/osm-nav/install/osm_nav_interface/share/ament_index/resource_index/parent_prefix_path/osm_nav_interface
[2.863s] -- Installing: /root/slam/slam/osm/osm-nav/install/osm_nav_interface/share/osm_nav_interface/environment/ament_prefix_path.sh
[2.863s] -- Installing: /root/slam/slam/osm/osm-nav/install/osm_nav_interface/share/osm_nav_interface/environment/ament_prefix_path.dsv
[2.863s] -- Installing: /root/slam/slam/osm/osm-nav/install/osm_nav_interface/share/osm_nav_interface/environment/path.sh
[2.863s] -- Installing: /root/slam/slam/osm/osm-nav/install/osm_nav_interface/share/osm_nav_interface/environment/path.dsv
[2.863s] -- Installing: /root/slam/slam/osm/osm-nav/install/osm_nav_interface/share/osm_nav_interface/local_setup.bash
[2.863s] -- Installing: /root/slam/slam/osm/osm-nav/install/osm_nav_interface/share/osm_nav_interface/local_setup.sh
[2.863s] -- Installing: /root/slam/slam/osm/osm-nav/install/osm_nav_interface/share/osm_nav_interface/local_setup.zsh
[2.863s] -- Installing: /root/slam/slam/osm/osm-nav/install/osm_nav_interface/share/osm_nav_interface/local_setup.dsv
[2.863s] -- Installing: /root/slam/slam/osm/osm-nav/install/osm_nav_interface/share/osm_nav_interface/package.dsv
[2.863s] -- Installing: /root/slam/slam/osm/osm-nav/install/osm_nav_interface/share/ament_index/resource_index/packages/osm_nav_interface
[2.863s] -- Installing: /root/slam/slam/osm/osm-nav/install/osm_nav_interface/share/osm_nav_interface/cmake/export_osm_nav_interface__rosidl_generator_cExport.cmake
[2.863s] -- Installing: /root/slam/slam/osm/osm-nav/install/osm_nav_interface/share/osm_nav_interface/cmake/export_osm_nav_interface__rosidl_generator_cExport-noconfig.cmake
[2.863s] -- Installing: /root/slam/slam/osm/osm-nav/install/osm_nav_interface/share/osm_nav_interface/cmake/export_osm_nav_interface__rosidl_typesupport_fastrtps_cExport.cmake
[2.863s] -- Installing: /root/slam/slam/osm/osm-nav/install/osm_nav_interface/share/osm_nav_interface/cmake/export_osm_nav_interface__rosidl_typesupport_fastrtps_cExport-noconfig.cmake
[2.863s] -- Installing: /root/slam/slam/osm/osm-nav/install/osm_nav_interface/share/osm_nav_interface/cmake/export_osm_nav_interface__rosidl_generator_cppExport.cmake
[2.863s] -- Installing: /root/slam/slam/osm/osm-nav/install/osm_nav_interface/share/osm_nav_interface/cmake/export_osm_nav_interface__rosidl_typesupport_fastrtps_cppExport.cmake
[2.863s] -- Installing: /root/slam/slam/osm/osm-nav/install/osm_nav_interface/share/osm_nav_interface/cmake/export_osm_nav_interface__rosidl_typesupport_fastrtps_cppExport-noconfig.cmake
[2.863s] -- Installing: /root/slam/slam/osm/osm-nav/install/osm_nav_interface/share/osm_nav_interface/cmake/osm_nav_interface__rosidl_typesupport_introspection_cExport.cmake
[2.863s] -- Installing: /root/slam/slam/osm/osm-nav/install/osm_nav_interface/share/osm_nav_interface/cmake/osm_nav_interface__rosidl_typesupport_introspection_cExport-noconfig.cmake
[2.863s] -- Installing: /root/slam/slam/osm/osm-nav/install/osm_nav_interface/share/osm_nav_interface/cmake/osm_nav_interface__rosidl_typesupport_cExport.cmake
[2.863s] -- Installing: /root/slam/slam/osm/osm-nav/install/osm_nav_interface/share/osm_nav_interface/cmake/osm_nav_interface__rosidl_typesupport_cExport-noconfig.cmake
[2.864s] -- Installing: /root/slam/slam/osm/osm-nav/install/osm_nav_interface/share/osm_nav_interface/cmake/osm_nav_interface__rosidl_typesupport_introspection_cppExport.cmake
[2.864s] -- Installing: /root/slam/slam/osm/osm-nav/install/osm_nav_interface/share/osm_nav_interface/cmake/osm_nav_interface__rosidl_typesupport_introspection_cppExport-noconfig.cmake
[2.864s] -- Installing: /root/slam/slam/osm/osm-nav/install/osm_nav_interface/share/osm_nav_interface/cmake/osm_nav_interface__rosidl_typesupport_cppExport.cmake
[2.864s] -- Installing: /root/slam/slam/osm/osm-nav/install/osm_nav_interface/share/osm_nav_interface/cmake/osm_nav_interface__rosidl_typesupport_cppExport-noconfig.cmake
[2.864s] -- Installing: /root/slam/slam/osm/osm-nav/install/osm_nav_interface/share/osm_nav_interface/cmake/export_osm_nav_interface__rosidl_generator_pyExport.cmake
[2.864s] -- Installing: /root/slam/slam/osm/osm-nav/install/osm_nav_interface/share/osm_nav_interface/cmake/export_osm_nav_interface__rosidl_generator_pyExport-noconfig.cmake
[2.864s] -- Installing: /root/slam/slam/osm/osm-nav/install/osm_nav_interface/share/osm_nav_interface/cmake/rosidl_cmake-extras.cmake
[2.864s] -- Installing: /root/slam/slam/osm/osm-nav/install/osm_nav_interface/share/osm_nav_interface/cmake/ament_cmake_export_include_directories-extras.cmake
[2.864s] -- Installing: /root/slam/slam/osm/osm-nav/install/osm_nav_interface/share/osm_nav_interface/cmake/ament_cmake_export_libraries-extras.cmake
[2.864s] -- Installing: /root/slam/slam/osm/osm-nav/install/osm_nav_interface/share/osm_nav_interface/cmake/ament_cmake_export_targets-extras.cmake
[2.864s] -- Installing: /root/slam/slam/osm/osm-nav/install/osm_nav_interface/share/osm_nav_interface/cmake/rosidl_cmake_export_typesupport_targets-extras.cmake
[2.864s] -- Installing: /root/slam/slam/osm/osm-nav/install/osm_nav_interface/share/osm_nav_interface/cmake/ament_cmake_export_dependencies-extras.cmake
[2.864s] -- Installing: /root/slam/slam/osm/osm-nav/install/osm_nav_interface/share/osm_nav_interface/cmake/rosidl_cmake_export_typesupport_libraries-extras.cmake
[2.864s] -- Installing: /root/slam/slam/osm/osm-nav/install/osm_nav_interface/share/osm_nav_interface/cmake/osm_nav_interfaceConfig.cmake
[2.864s] -- Installing: /root/slam/slam/osm/osm-nav/install/osm_nav_interface/share/osm_nav_interface/cmake/osm_nav_interfaceConfig-version.cmake
[2.864s] -- Installing: /root/slam/slam/osm/osm-nav/install/osm_nav_interface/share/osm_nav_interface/package.xml
[2.866s] Invoked command in '/root/slam/slam/osm/osm-nav/build/osm_nav_interface' returned '0': CMAKE_PREFIX_PATH=${CMAKE_PREFIX_PATH}:/opt/ros/humble CONDA_PROMPT_MODIFIER=(openalt) /usr/bin/cmake --install /root/slam/slam/osm/osm-nav/build/osm_nav_interface
