[0.007s] Invoking command in '/root/slam/slam/osm/osm-nav/build/osm_nav': CMAKE_PREFIX_PATH=/root/slam/slam/osm/osm-nav/install/osm_nav_interface:/root/slam/slam/osm/osm-nav/install/osm_nav:/opt/ros/humble CONDA_PROMPT_MODIFIER=(openalt) /usr/bin/cmake --build /root/slam/slam/osm/osm-nav/build/osm_nav -- -j12 -l12
[0.035s] [35m[1mConsolidate compiler generated dependencies of target osm_navigation[0m
[0.048s] [100%] Built target osm_navigation
[0.055s] Invoked command in '/root/slam/slam/osm/osm-nav/build/osm_nav' returned '0': CMAKE_PREFIX_PATH=/root/slam/slam/osm/osm-nav/install/osm_nav_interface:/root/slam/slam/osm/osm-nav/install/osm_nav:/opt/ros/humble CONDA_PROMPT_MODIFIER=(openalt) /usr/bin/cmake --build /root/slam/slam/osm/osm-nav/build/osm_nav -- -j12 -l12
[0.072s] Invoking command in '/root/slam/slam/osm/osm-nav/build/osm_nav': CMAKE_PREFIX_PATH=/root/slam/slam/osm/osm-nav/install/osm_nav_interface:/root/slam/slam/osm/osm-nav/install/osm_nav:/opt/ros/humble CONDA_PROMPT_MODIFIER=(openalt) /usr/bin/cmake --install /root/slam/slam/osm/osm-nav/build/osm_nav
[0.076s] -- Install configuration: ""
[0.076s] -- Up-to-date: /root/slam/slam/osm/osm-nav/install/osm_nav/lib/osm_nav/osm_navigation
[0.076s] -- Up-to-date: /root/slam/slam/osm/osm-nav/install/osm_nav/share/osm_nav/launch
[0.076s] -- Up-to-date: /root/slam/slam/osm/osm-nav/install/osm_nav/share/osm_nav/launch/osm_parser.launch.py
[0.076s] -- Up-to-date: /root/slam/slam/osm/osm-nav/install/osm_nav/share/osm_nav/config
[0.076s] -- Up-to-date: /root/slam/slam/osm/osm-nav/install/osm_nav/share/osm_nav/config/osm_parser.yaml
[0.076s] -- Up-to-date: /root/slam/slam/osm/osm-nav/install/osm_nav/share/ament_index/resource_index/package_run_dependencies/osm_nav
[0.076s] -- Up-to-date: /root/slam/slam/osm/osm-nav/install/osm_nav/share/ament_index/resource_index/parent_prefix_path/osm_nav
[0.076s] -- Up-to-date: /root/slam/slam/osm/osm-nav/install/osm_nav/share/osm_nav/environment/ament_prefix_path.sh
[0.076s] -- Up-to-date: /root/slam/slam/osm/osm-nav/install/osm_nav/share/osm_nav/environment/ament_prefix_path.dsv
[0.076s] -- Up-to-date: /root/slam/slam/osm/osm-nav/install/osm_nav/share/osm_nav/environment/path.sh
[0.076s] -- Up-to-date: /root/slam/slam/osm/osm-nav/install/osm_nav/share/osm_nav/environment/path.dsv
[0.076s] -- Up-to-date: /root/slam/slam/osm/osm-nav/install/osm_nav/share/osm_nav/local_setup.bash
[0.076s] -- Up-to-date: /root/slam/slam/osm/osm-nav/install/osm_nav/share/osm_nav/local_setup.sh
[0.076s] -- Up-to-date: /root/slam/slam/osm/osm-nav/install/osm_nav/share/osm_nav/local_setup.zsh
[0.076s] -- Up-to-date: /root/slam/slam/osm/osm-nav/install/osm_nav/share/osm_nav/local_setup.dsv
[0.076s] -- Installing: /root/slam/slam/osm/osm-nav/install/osm_nav/share/osm_nav/package.dsv
[0.076s] -- Up-to-date: /root/slam/slam/osm/osm-nav/install/osm_nav/share/ament_index/resource_index/packages/osm_nav
[0.076s] -- Up-to-date: /root/slam/slam/osm/osm-nav/install/osm_nav/share/osm_nav/cmake/osm_navConfig.cmake
[0.076s] -- Up-to-date: /root/slam/slam/osm/osm-nav/install/osm_nav/share/osm_nav/cmake/osm_navConfig-version.cmake
[0.076s] -- Up-to-date: /root/slam/slam/osm/osm-nav/install/osm_nav/share/osm_nav/package.xml
[0.078s] Invoked command in '/root/slam/slam/osm/osm-nav/build/osm_nav' returned '0': CMAKE_PREFIX_PATH=/root/slam/slam/osm/osm-nav/install/osm_nav_interface:/root/slam/slam/osm/osm-nav/install/osm_nav:/opt/ros/humble CONDA_PROMPT_MODIFIER=(openalt) /usr/bin/cmake --install /root/slam/slam/osm/osm-nav/build/osm_nav
