[0.006s] Invoking command in '/root/slam/slam/osm/osm-nav/build/osm_nav': AMENT_PREFIX_PATH=/root/slam/slam/osm/osm-nav/install/osm_nav_interface:${AMENT_PREFIX_PATH} CMAKE_PREFIX_PATH=/root/slam/slam/osm/osm-nav/install/osm_nav_interface:/opt/ros/humble CONDA_PROMPT_MODIFIER=(base) LD_LIBRARY_PATH=/root/slam/slam/osm/osm-nav/install/osm_nav_interface/lib:${LD_LIBRARY_PATH} PYTHONPATH=/root/slam/slam/osm/osm-nav/install/osm_nav_interface/local/lib/python3.10/dist-packages:${PYTHONPATH} /usr/bin/cmake --build /root/slam/slam/osm/osm-nav/build/osm_nav -- -j12 -l12
[0.035s] [35m[1mConsolidate compiler generated dependencies of target osm_navigation[0m
[0.051s] [ 33%] [32mBuilding CXX object CMakeFiles/osm_navigation.dir/osm/osm_parser.cpp.o[0m
[0.052s] [ 66%] [32mBuilding CXX object CMakeFiles/osm_navigation.dir/app/osm_node.cpp.o[0m
[6.531s] [100%] [32m[1mLinking CXX executable osm_navigation[0m
[6.838s] [100%] Built target osm_navigation
[6.844s] Invoked command in '/root/slam/slam/osm/osm-nav/build/osm_nav' returned '0': AMENT_PREFIX_PATH=/root/slam/slam/osm/osm-nav/install/osm_nav_interface:${AMENT_PREFIX_PATH} CMAKE_PREFIX_PATH=/root/slam/slam/osm/osm-nav/install/osm_nav_interface:/opt/ros/humble CONDA_PROMPT_MODIFIER=(base) LD_LIBRARY_PATH=/root/slam/slam/osm/osm-nav/install/osm_nav_interface/lib:${LD_LIBRARY_PATH} PYTHONPATH=/root/slam/slam/osm/osm-nav/install/osm_nav_interface/local/lib/python3.10/dist-packages:${PYTHONPATH} /usr/bin/cmake --build /root/slam/slam/osm/osm-nav/build/osm_nav -- -j12 -l12
[6.862s] Invoking command in '/root/slam/slam/osm/osm-nav/build/osm_nav': AMENT_PREFIX_PATH=/root/slam/slam/osm/osm-nav/install/osm_nav_interface:${AMENT_PREFIX_PATH} CMAKE_PREFIX_PATH=/root/slam/slam/osm/osm-nav/install/osm_nav_interface:/opt/ros/humble CONDA_PROMPT_MODIFIER=(base) LD_LIBRARY_PATH=/root/slam/slam/osm/osm-nav/install/osm_nav_interface/lib:${LD_LIBRARY_PATH} PYTHONPATH=/root/slam/slam/osm/osm-nav/install/osm_nav_interface/local/lib/python3.10/dist-packages:${PYTHONPATH} /usr/bin/cmake --install /root/slam/slam/osm/osm-nav/build/osm_nav
[6.865s] -- Install configuration: ""
[6.866s] -- Installing: /root/slam/slam/osm/osm-nav/install/osm_nav/lib/osm_nav/osm_navigation
[6.867s] -- Set runtime path of "/root/slam/slam/osm/osm-nav/install/osm_nav/lib/osm_nav/osm_navigation" to ""
[6.867s] -- Up-to-date: /root/slam/slam/osm/osm-nav/install/osm_nav/share/osm_nav/launch
[6.867s] -- Up-to-date: /root/slam/slam/osm/osm-nav/install/osm_nav/share/osm_nav/launch/osm_parser.launch.py
[6.867s] -- Up-to-date: /root/slam/slam/osm/osm-nav/install/osm_nav/share/osm_nav/config
[6.867s] -- Up-to-date: /root/slam/slam/osm/osm-nav/install/osm_nav/share/osm_nav/config/osm_parser.yaml
[6.868s] -- Up-to-date: /root/slam/slam/osm/osm-nav/install/osm_nav/share/ament_index/resource_index/package_run_dependencies/osm_nav
[6.868s] -- Up-to-date: /root/slam/slam/osm/osm-nav/install/osm_nav/share/ament_index/resource_index/parent_prefix_path/osm_nav
[6.868s] -- Up-to-date: /root/slam/slam/osm/osm-nav/install/osm_nav/share/osm_nav/environment/ament_prefix_path.sh
[6.868s] -- Up-to-date: /root/slam/slam/osm/osm-nav/install/osm_nav/share/osm_nav/environment/ament_prefix_path.dsv
[6.868s] -- Up-to-date: /root/slam/slam/osm/osm-nav/install/osm_nav/share/osm_nav/environment/path.sh
[6.868s] -- Up-to-date: /root/slam/slam/osm/osm-nav/install/osm_nav/share/osm_nav/environment/path.dsv
[6.868s] -- Up-to-date: /root/slam/slam/osm/osm-nav/install/osm_nav/share/osm_nav/local_setup.bash
[6.868s] -- Up-to-date: /root/slam/slam/osm/osm-nav/install/osm_nav/share/osm_nav/local_setup.sh
[6.868s] -- Up-to-date: /root/slam/slam/osm/osm-nav/install/osm_nav/share/osm_nav/local_setup.zsh
[6.868s] -- Up-to-date: /root/slam/slam/osm/osm-nav/install/osm_nav/share/osm_nav/local_setup.dsv
[6.868s] -- Installing: /root/slam/slam/osm/osm-nav/install/osm_nav/share/osm_nav/package.dsv
[6.868s] -- Up-to-date: /root/slam/slam/osm/osm-nav/install/osm_nav/share/ament_index/resource_index/packages/osm_nav
[6.868s] -- Up-to-date: /root/slam/slam/osm/osm-nav/install/osm_nav/share/osm_nav/cmake/osm_navConfig.cmake
[6.868s] -- Up-to-date: /root/slam/slam/osm/osm-nav/install/osm_nav/share/osm_nav/cmake/osm_navConfig-version.cmake
[6.868s] -- Up-to-date: /root/slam/slam/osm/osm-nav/install/osm_nav/share/osm_nav/package.xml
[6.870s] Invoked command in '/root/slam/slam/osm/osm-nav/build/osm_nav' returned '0': AMENT_PREFIX_PATH=/root/slam/slam/osm/osm-nav/install/osm_nav_interface:${AMENT_PREFIX_PATH} CMAKE_PREFIX_PATH=/root/slam/slam/osm/osm-nav/install/osm_nav_interface:/opt/ros/humble CONDA_PROMPT_MODIFIER=(base) LD_LIBRARY_PATH=/root/slam/slam/osm/osm-nav/install/osm_nav_interface/lib:${LD_LIBRARY_PATH} PYTHONPATH=/root/slam/slam/osm/osm-nav/install/osm_nav_interface/local/lib/python3.10/dist-packages:${PYTHONPATH} /usr/bin/cmake --install /root/slam/slam/osm/osm-nav/build/osm_nav
