[0.007s] Invoking command in '/root/slam/slam/osm/osm-nav/build/osm_nav': CMAKE_PREFIX_PATH=/root/slam/slam/osm/osm-nav/install/osm_nav_interface:/root/slam/slam/osm/osm-nav/install/osm_nav:/opt/ros/humble CONDA_PROMPT_MODIFIER=(openalt) /usr/bin/cmake --build /root/slam/slam/osm/osm-nav/build/osm_nav -- -j12 -l12
[0.049s] -- Found rclcpp: 16.0.5 (/opt/ros/humble/share/rclcpp/cmake)
[0.159s] -- Found rosidl_generator_c: 3.1.5 (/opt/ros/humble/share/rosidl_generator_c/cmake)
[0.160s] -- Found rosidl_adapter: 3.1.5 (/opt/ros/humble/share/rosidl_adapter/cmake)
[0.164s] -- Found rosidl_generator_cpp: 3.1.5 (/opt/ros/humble/share/rosidl_generator_cpp/cmake)
[0.172s] -- Using all available rosidl_typesupport_c: rosidl_typesupport_fastrtps_c;rosidl_typesupport_introspection_c
[0.182s] -- Using all available rosidl_typesupport_cpp: rosidl_typesupport_fastrtps_cpp;rosidl_typesupport_introspection_cpp
[0.220s] -- Found rmw_implementation_cmake: 6.1.1 (/opt/ros/humble/share/rmw_implementation_cmake/cmake)
[0.221s] -- Found rmw_fastrtps_cpp: 6.2.3 (/opt/ros/humble/share/rmw_fastrtps_cpp/cmake)
[0.312s] -- Using RMW implementation 'rmw_fastrtps_cpp' as default
[0.415s] -- Found rclcpp_action: 16.0.5 (/opt/ros/humble/share/rclcpp_action/cmake)
[0.489s] -- Found geometry_msgs: 4.2.3 (/opt/ros/humble/share/geometry_msgs/cmake)
[0.517s] -- Found osm_nav_interface: 0.0.0 (/root/slam/slam/osm/osm-nav/install/osm_nav_interface/share/osm_nav_interface/cmake)
[0.527s] -- Found visualization_msgs: 4.2.3 (/opt/ros/humble/share/visualization_msgs/cmake)
[0.673s] -- Found nav_msgs: 4.2.3 (/opt/ros/humble/share/nav_msgs/cmake)
[0.728s] -- Found pcl_conversions: 2.4.0 (/opt/ros/humble/share/pcl_conversions/cmake)
[0.823s] -- Eigen found (include: /usr/include/eigen3, version: 3.4.0)
[0.847s] -- FLANN found (include: /usr/include, lib: /usr/lib/x86_64-linux-gnu/libflann_cpp.so)
[1.048s] -- OpenNI found (version: 1.5.4.0, include: /usr/include/ni, lib: /usr/lib/libOpenNI.so;libusb::libusb)
[1.052s] -- OpenNI2 found (version: 2.2.0.33, include: /usr/include/openni2, lib: /usr/lib/x86_64-linux-gnu/libOpenNI2.so;libusb::libusb)
[1.151s] -- Eigen found (include: /usr/include/eigen3, version: 3.4.0)
[1.154s] -- OpenNI found (version: 1.5.4.0, include: /usr/include/ni, lib: /usr/lib/libOpenNI.so;libusb::libusb)
[1.158s] -- OpenNI2 found (version: 2.2.0.33, include: /usr/include/openni2, lib: /usr/lib/x86_64-linux-gnu/libOpenNI2.so;libusb::libusb)
[1.249s] -- Found Qhull version 8.0.2
[1.344s] -- OpenNI found (version: 1.5.4.0, include: /usr/include/ni, lib: /usr/lib/libOpenNI.so;libusb::libusb)
[1.439s] -- looking for PCL_COMMON
[1.439s] -- looking for PCL_KDTREE
[1.439s] -- looking for PCL_OCTREE
[1.439s] -- looking for PCL_SEARCH
[1.440s] -- looking for PCL_SAMPLE_CONSENSUS
[1.440s] -- looking for PCL_FILTERS
[1.440s] -- looking for PCL_2D
[1.440s] -- looking for PCL_GEOMETRY
[1.441s] -- looking for PCL_IO
[1.441s] -- looking for PCL_FEATURES
[1.441s] -- looking for PCL_ML
[1.441s] -- looking for PCL_SEGMENTATION
[1.442s] -- looking for PCL_VISUALIZATION
[1.442s] -- looking for PCL_SURFACE
[1.442s] -- looking for PCL_REGISTRATION
[1.443s] -- looking for PCL_KEYPOINTS
[1.443s] -- looking for PCL_TRACKING
[1.443s] -- looking for PCL_RECOGNITION
[1.443s] -- looking for PCL_STEREO
[1.444s] -- looking for PCL_APPS
[1.444s] -- looking for PCL_IN_HAND_SCANNER
[1.444s] -- looking for PCL_MODELER
[1.445s] -- looking for PCL_POINT_CLOUD_EDITOR
[1.445s] -- looking for PCL_OUTOFCORE
[1.445s] -- looking for PCL_PEOPLE
[1.446s] -- Found tf2_ros: 0.25.3 (/opt/ros/humble/share/tf2_ros/cmake)
[1.657s] [0mLIBRARY_SRCS: /root/slam/slam/osm/osm-nav/src/osm_navigation/./osm/osm_parser.cpp
[1.657s] [0m
[1.658s] -- Found ament_lint_auto: 0.12.7 (/opt/ros/humble/share/ament_lint_auto/cmake)
[1.898s] -- Added test 'cppcheck' to perform static code analysis on C / C++ code
[1.899s] -- Configured cppcheck include dirs: /root/slam/slam/osm/osm-nav/src/osm_navigation/third_party/libosmium/include;/root/slam/slam/osm/osm-nav/src/osm_navigation/./include;$<BUILD_INTERFACE:/root/slam/slam/osm/osm-nav/src/osm_navigation/include>
[1.899s] -- Configured cppcheck exclude dirs and/or files: 
[1.922s] -- Added test 'flake8' to check Python code syntax and style conventions
[1.966s] -- Added test 'lint_cmake' to check CMake code style
[1.989s] -- Added test 'pep257' to check Python code against some of the docstring style conventions in PEP 257
[2.167s] -- Added test 'uncrustify' to check C / C++ code style
[2.167s] -- Configured uncrustify additional arguments: 
[2.192s] -- Added test 'xmllint' to check XML markup files
[2.192s] -- Configuring done
[2.201s] [33mCMake Warning at CMakeLists.txt:57 (add_executable):
[2.201s]   Cannot generate a safe runtime search path for target osm_navigation
[2.201s]   because files in some directories may conflict with libraries in implicit
[2.201s]   directories:
[2.201s] 
[2.201s]     runtime library [libbz2.so.1.0] in /usr/lib/x86_64-linux-gnu may be hidden by files in:
[2.201s]       /root/miniconda3/envs/openalt/lib
[2.201s]     runtime library [libz.so.1] in /usr/lib/x86_64-linux-gnu may be hidden by files in:
[2.202s]       /root/miniconda3/envs/openalt/lib
[2.202s] 
[2.202s]   Some of these libraries may not be found correctly.
[2.202s] 
[2.202s] [0m
[2.202s] -- Generating done
[2.204s] -- Build files have been written to: /root/slam/slam/osm/osm-nav/build/osm_nav
[2.224s] [35m[1mConsolidate compiler generated dependencies of target osm_navigation[0m
[2.236s] [ 33%] [32mBuilding CXX object CMakeFiles/osm_navigation.dir/osm/osm_parser.cpp.o[0m
[2.237s] [ 66%] [32mBuilding CXX object CMakeFiles/osm_navigation.dir/app/osm_node.cpp.o[0m
[8.355s] [100%] [32m[1mLinking CXX executable osm_navigation[0m
[8.671s] [100%] Built target osm_navigation
[8.678s] Invoked command in '/root/slam/slam/osm/osm-nav/build/osm_nav' returned '0': CMAKE_PREFIX_PATH=/root/slam/slam/osm/osm-nav/install/osm_nav_interface:/root/slam/slam/osm/osm-nav/install/osm_nav:/opt/ros/humble CONDA_PROMPT_MODIFIER=(openalt) /usr/bin/cmake --build /root/slam/slam/osm/osm-nav/build/osm_nav -- -j12 -l12
[8.695s] Invoking command in '/root/slam/slam/osm/osm-nav/build/osm_nav': CMAKE_PREFIX_PATH=/root/slam/slam/osm/osm-nav/install/osm_nav_interface:/root/slam/slam/osm/osm-nav/install/osm_nav:/opt/ros/humble CONDA_PROMPT_MODIFIER=(openalt) /usr/bin/cmake --install /root/slam/slam/osm/osm-nav/build/osm_nav
[8.701s] -- Install configuration: ""
[8.701s] -- Installing: /root/slam/slam/osm/osm-nav/install/osm_nav/lib/osm_nav/osm_navigation
[8.703s] -- Set runtime path of "/root/slam/slam/osm/osm-nav/install/osm_nav/lib/osm_nav/osm_navigation" to ""
[8.703s] -- Up-to-date: /root/slam/slam/osm/osm-nav/install/osm_nav/share/osm_nav/launch
[8.704s] -- Up-to-date: /root/slam/slam/osm/osm-nav/install/osm_nav/share/osm_nav/launch/osm_parser.launch.py
[8.704s] -- Up-to-date: /root/slam/slam/osm/osm-nav/install/osm_nav/share/osm_nav/config
[8.704s] -- Up-to-date: /root/slam/slam/osm/osm-nav/install/osm_nav/share/osm_nav/config/osm_parser.yaml
[8.704s] -- Up-to-date: /root/slam/slam/osm/osm-nav/install/osm_nav/share/ament_index/resource_index/package_run_dependencies/osm_nav
[8.704s] -- Up-to-date: /root/slam/slam/osm/osm-nav/install/osm_nav/share/ament_index/resource_index/parent_prefix_path/osm_nav
[8.704s] -- Installing: /root/slam/slam/osm/osm-nav/install/osm_nav/share/osm_nav/environment/ament_prefix_path.sh
[8.704s] -- Installing: /root/slam/slam/osm/osm-nav/install/osm_nav/share/osm_nav/environment/ament_prefix_path.dsv
[8.704s] -- Installing: /root/slam/slam/osm/osm-nav/install/osm_nav/share/osm_nav/environment/path.sh
[8.704s] -- Installing: /root/slam/slam/osm/osm-nav/install/osm_nav/share/osm_nav/environment/path.dsv
[8.704s] -- Up-to-date: /root/slam/slam/osm/osm-nav/install/osm_nav/share/osm_nav/local_setup.bash
[8.704s] -- Up-to-date: /root/slam/slam/osm/osm-nav/install/osm_nav/share/osm_nav/local_setup.sh
[8.704s] -- Up-to-date: /root/slam/slam/osm/osm-nav/install/osm_nav/share/osm_nav/local_setup.zsh
[8.704s] -- Installing: /root/slam/slam/osm/osm-nav/install/osm_nav/share/osm_nav/local_setup.dsv
[8.704s] -- Installing: /root/slam/slam/osm/osm-nav/install/osm_nav/share/osm_nav/package.dsv
[8.704s] -- Up-to-date: /root/slam/slam/osm/osm-nav/install/osm_nav/share/ament_index/resource_index/packages/osm_nav
[8.704s] -- Up-to-date: /root/slam/slam/osm/osm-nav/install/osm_nav/share/osm_nav/cmake/osm_navConfig.cmake
[8.704s] -- Up-to-date: /root/slam/slam/osm/osm-nav/install/osm_nav/share/osm_nav/cmake/osm_navConfig-version.cmake
[8.704s] -- Up-to-date: /root/slam/slam/osm/osm-nav/install/osm_nav/share/osm_nav/package.xml
[8.707s] Invoked command in '/root/slam/slam/osm/osm-nav/build/osm_nav' returned '0': CMAKE_PREFIX_PATH=/root/slam/slam/osm/osm-nav/install/osm_nav_interface:/root/slam/slam/osm/osm-nav/install/osm_nav:/opt/ros/humble CONDA_PROMPT_MODIFIER=(openalt) /usr/bin/cmake --install /root/slam/slam/osm/osm-nav/build/osm_nav
