[35m[1mConsolidate compiler generated dependencies of target osm_navigation[0m
[ 33%] [32mBuilding CXX object CMakeFiles/osm_navigation.dir/osm/osm_parser.cpp.o[0m
[ 66%] [32mBuilding CXX object CMakeFiles/osm_navigation.dir/app/osm_node.cpp.o[0m
In file included from [01m[K/opt/ros/humble/include/rclcpp/rclcpp/logging.hpp:24[m[K,
                 from [01m[K/opt/ros/humble/include/rclcpp/rclcpp/client.hpp:40[m[K,
                 from [01m[K/opt/ros/humble/include/rclcpp/rclcpp/callback_group.hpp:24[m[K,
                 from [01m[K/opt/ros/humble/include/rclcpp/rclcpp/any_executable.hpp:20[m[K,
                 from [01m[K/opt/ros/humble/include/rclcpp/rclcpp/memory_strategy.hpp:25[m[K,
                 from [01m[K/opt/ros/humble/include/rclcpp/rclcpp/memory_strategies.hpp:18[m[K,
                 from [01m[K/opt/ros/humble/include/rclcpp/rclcpp/executor_options.hpp:20[m[K,
                 from [01m[K/opt/ros/humble/include/rclcpp/rclcpp/executor.hpp:37[m[K,
                 from [01m[K/opt/ros/humble/include/rclcpp/rclcpp/executors/multi_threaded_executor.hpp:25[m[K,
                 from [01m[K/opt/ros/humble/include/rclcpp/rclcpp/executors.hpp:21[m[K,
                 from [01m[K/opt/ros/humble/include/rclcpp/rclcpp/rclcpp.hpp:155[m[K,
                 from [01m[K/root/slam/slam/osm/osm-nav/src/osm_navigation/app/osm_node.cpp:12[m[K:
[01m[K/root/slam/slam/osm/osm-nav/src/osm_navigation/./include/osm/osm_parser.hpp:[m[K In member function ‘[01m[Kvoid osm_nav::OsmParser::planner_request_cb(osm_nav_interface::srv::Planner_Request_<std::allocator<void> >::SharedPtr, osm_nav_interface::srv::Planner_Response_<std::allocator<void> >::SharedPtr)[m[K’:
[01m[K/root/slam/slam/osm/osm-nav/src/osm_navigation/./include/osm/osm_parser.hpp:444:53:[m[K [01;35m[Kwarning: [m[Ktoo many arguments for format [[01;35m[K]8;;https://gcc.gnu.org/onlinedocs/gcc/Warning-Options.html#index-Wformat-extra-args-Wformat-extra-args]8;;[m[K]
  444 |                     RCLCPP_DEBUG(this->get_logger(),[01;35m[K"open_id:%ld, cost: %f, vis: "[m[K, n.second->id, n.second->get_f_cost(), n.second->visual_able);
      |                                                     [01;35m[K^~~~~~~~~~~~~~~~~~~~~~~~~~~~~~[m[K
In file included from [01m[K/opt/ros/humble/include/rclcpp/rclcpp/logging.hpp:24[m[K,
                 from [01m[K/opt/ros/humble/include/rclcpp/rclcpp/client.hpp:40[m[K,
                 from [01m[K/opt/ros/humble/include/rclcpp/rclcpp/callback_group.hpp:24[m[K,
                 from [01m[K/opt/ros/humble/include/rclcpp/rclcpp/any_executable.hpp:20[m[K,
                 from [01m[K/opt/ros/humble/include/rclcpp/rclcpp/memory_strategy.hpp:25[m[K,
                 from [01m[K/opt/ros/humble/include/rclcpp/rclcpp/memory_strategies.hpp:18[m[K,
                 from [01m[K/opt/ros/humble/include/rclcpp/rclcpp/executor_options.hpp:20[m[K,
                 from [01m[K/opt/ros/humble/include/rclcpp/rclcpp/executor.hpp:37[m[K,
                 from [01m[K/opt/ros/humble/include/rclcpp/rclcpp/executors/multi_threaded_executor.hpp:25[m[K,
                 from [01m[K/opt/ros/humble/include/rclcpp/rclcpp/executors.hpp:21[m[K,
                 from [01m[K/opt/ros/humble/include/rclcpp/rclcpp/rclcpp.hpp:155[m[K,
                 from [01m[K/root/slam/slam/osm/osm-nav/src/osm_navigation/./include/osm/osm_parser.hpp:14[m[K,
                 from [01m[K/root/slam/slam/osm/osm-nav/src/osm_navigation/osm/osm_parser.cpp:1[m[K:
[01m[K/root/slam/slam/osm/osm-nav/src/osm_navigation/./include/osm/osm_parser.hpp:[m[K In member function ‘[01m[Kvoid osm_nav::OsmParser::planner_request_cb(osm_nav_interface::srv::Planner_Request_<std::allocator<void> >::SharedPtr, osm_nav_interface::srv::Planner_Response_<std::allocator<void> >::SharedPtr)[m[K’:
[01m[K/root/slam/slam/osm/osm-nav/src/osm_navigation/./include/osm/osm_parser.hpp:444:53:[m[K [01;35m[Kwarning: [m[Ktoo many arguments for format [[01;35m[K]8;;https://gcc.gnu.org/onlinedocs/gcc/Warning-Options.html#index-Wformat-extra-args-Wformat-extra-args]8;;[m[K]
  444 |                     RCLCPP_DEBUG(this->get_logger(),[01;35m[K"open_id:%ld, cost: %f, vis: "[m[K, n.second->id, n.second->get_f_cost(), n.second->visual_able);
      |                                                     [01;35m[K^~~~~~~~~~~~~~~~~~~~~~~~~~~~~~[m[K
[100%] [32m[1mLinking CXX executable osm_navigation[0m
[100%] Built target osm_navigation
-- Install configuration: ""
-- Installing: /root/slam/slam/osm/osm-nav/install/osm_nav/lib/osm_nav/osm_navigation
-- Set runtime path of "/root/slam/slam/osm/osm-nav/install/osm_nav/lib/osm_nav/osm_navigation" to ""
-- Up-to-date: /root/slam/slam/osm/osm-nav/install/osm_nav/share/osm_nav/launch
-- Up-to-date: /root/slam/slam/osm/osm-nav/install/osm_nav/share/osm_nav/launch/osm_parser.launch.py
-- Up-to-date: /root/slam/slam/osm/osm-nav/install/osm_nav/share/osm_nav/config
-- Up-to-date: /root/slam/slam/osm/osm-nav/install/osm_nav/share/osm_nav/config/osm_parser.yaml
-- Up-to-date: /root/slam/slam/osm/osm-nav/install/osm_nav/share/ament_index/resource_index/package_run_dependencies/osm_nav
-- Up-to-date: /root/slam/slam/osm/osm-nav/install/osm_nav/share/ament_index/resource_index/parent_prefix_path/osm_nav
-- Up-to-date: /root/slam/slam/osm/osm-nav/install/osm_nav/share/osm_nav/environment/ament_prefix_path.sh
-- Up-to-date: /root/slam/slam/osm/osm-nav/install/osm_nav/share/osm_nav/environment/ament_prefix_path.dsv
-- Up-to-date: /root/slam/slam/osm/osm-nav/install/osm_nav/share/osm_nav/environment/path.sh
-- Up-to-date: /root/slam/slam/osm/osm-nav/install/osm_nav/share/osm_nav/environment/path.dsv
-- Up-to-date: /root/slam/slam/osm/osm-nav/install/osm_nav/share/osm_nav/local_setup.bash
-- Up-to-date: /root/slam/slam/osm/osm-nav/install/osm_nav/share/osm_nav/local_setup.sh
-- Up-to-date: /root/slam/slam/osm/osm-nav/install/osm_nav/share/osm_nav/local_setup.zsh
-- Up-to-date: /root/slam/slam/osm/osm-nav/install/osm_nav/share/osm_nav/local_setup.dsv
-- Installing: /root/slam/slam/osm/osm-nav/install/osm_nav/share/osm_nav/package.dsv
-- Up-to-date: /root/slam/slam/osm/osm-nav/install/osm_nav/share/ament_index/resource_index/packages/osm_nav
-- Up-to-date: /root/slam/slam/osm/osm-nav/install/osm_nav/share/osm_nav/cmake/osm_navConfig.cmake
-- Up-to-date: /root/slam/slam/osm/osm-nav/install/osm_nav/share/osm_nav/cmake/osm_navConfig-version.cmake
-- Up-to-date: /root/slam/slam/osm/osm-nav/install/osm_nav/share/osm_nav/package.xml
