[0.007s] Invoking command in '/root/slam/slam/osm/osm-nav/build/osm_nav': CMAKE_PREFIX_PATH=/root/slam/slam/osm/osm-nav/install/osm_nav_interface:/root/slam/slam/osm/osm-nav/install/osm_nav:/opt/ros/humble CONDA_PROMPT_MODIFIER=(openalt) /usr/bin/cmake --build /root/slam/slam/osm/osm-nav/build/osm_nav -- -j12 -l12
[0.036s] [35m[1mConsolidate compiler generated dependencies of target osm_navigation[0m
[0.047s] gmake[2]: Warning: File '/root/slam/slam/osm/osm-nav/src/osm_navigation/app/osm_node.cpp' has modification time 8858 s in the future
[0.051s] [ 66%] [32mBuilding CXX object CMakeFiles/osm_navigation.dir/osm/osm_parser.cpp.o[0m
[0.051s] [ 66%] [32mBuilding CXX object CMakeFiles/osm_navigation.dir/app/osm_node.cpp.o[0m
[1.859s] In file included from [01m[K/root/slam/slam/osm/osm-nav/src/osm_navigation/app/osm_node.cpp:13[m[K:
[1.859s] [01m[K/root/slam/slam/osm/osm-nav/src/osm_navigation/./include/osm/osm_parser.hpp:[m[K In member function ‘[01m[Kvoid osm_nav::OsmParser::planner_request_cb(osm_nav_interface::srv::Planner_Request_<std::allocator<void> >::SharedPtr, osm_nav_interface::srv::Planner_Response_<std::allocator<void> >::SharedPtr)[m[K’:
[1.859s] [01m[K/root/slam/slam/osm/osm-nav/src/osm_navigation/./include/osm/osm_parser.hpp:377:40:[m[K [01;31m[Kerror: [m[Kno matching function for call to ‘[01m[Kfind(std::__cxx11::list<osm_nav::TmpNode_t>::iterator, std::__cxx11::list<osm_nav::TmpNode_t>::iterator, osm_nav::TmpNode_t, osm_nav::OsmParser::planner_request_cb(osm_nav_interface::srv::Planner_Request_<std::allocator<void> >::SharedPtr, osm_nav_interface::srv::Planner_Response_<std::allocator<void> >::SharedPtr)::<lambda(const osm_nav::TmpNode_t&, const osm_nav::TmpNode_t&)>)[m[K’
[1.859s]   377 |                     auto it = [01;31m[Kstd::find(observed_nodes.begin(),[m[K
[1.859s]       |                               [01;31m[K~~~~~~~~~^~~~~~~~~~~~~~~~~~~~~~~~[m[K
[1.859s]   378 | [01;31m[K                                        observed_nodes.end(),[m[K
[1.859s]       |                                         [01;31m[K~~~~~~~~~~~~~~~~~~~~~[m[K
[1.859s]   379 | [01;31m[K                                        osm_nav::TmpNode_t(n.id, tmp),[m[K
[1.859s]       |                                         [01;31m[K~~~~~~~~~~~~~~~~~~~~~~~~~~~~~~[m[K
[1.859s]   380 | [01;31m[K                                        [](const osm_nav::TmpNode_t& a, const osm_nav::TmpNode_t& b){[m[K
[1.859s]       |                                         [01;31m[K~~~~~~~~~~~~~~~~~~~~~~~~~~~~~~~~~~~~~~~~~~~~~~~~~~~~~~~~~~~~~[m[K
[1.859s]   381 | [01;31m[K                                            return a.id == b.id;[m[K
[1.859s]       |                                             [01;31m[K~~~~~~~~~~~~~~~~~~~~[m[K
[1.859s]   382 | [01;31m[K                                        })[m[K;
[1.859s]       |                                         [01;31m[K~~[m[K
[1.859s] In file included from [01m[K/usr/include/c++/11/bits/locale_facets.h:48[m[K,
[1.859s]                  from [01m[K/usr/include/c++/11/bits/basic_ios.h:37[m[K,
[1.859s]                  from [01m[K/usr/include/c++/11/ios:44[m[K,
[1.859s]                  from [01m[K/usr/include/c++/11/ostream:38[m[K,
[1.859s]                  from [01m[K/usr/include/c++/11/iostream:39[m[K,
[1.859s]                  from [01m[K/root/slam/slam/osm/osm-nav/src/osm_navigation/app/osm_node.cpp:1[m[K:
[1.860s] [01m[K/usr/include/c++/11/bits/streambuf_iterator.h:421:5:[m[K [01;36m[Knote: [m[Kcandidate: ‘[01m[Ktemplate<class _CharT2> typename __gnu_cxx::__enable_if<std::__is_char<_CharT2>::__value, std::istreambuf_iterator<_CharT, std::char_traits<_CharT> > >::__type std::find(std::istreambuf_iterator<_CharT, std::char_traits<_CharT> >, std::istreambuf_iterator<_CharT, std::char_traits<_CharT> >, const _CharT2&)[m[K’
[1.860s]   421 |     [01;36m[Kfind[m[K(istreambuf_iterator<_CharT> __first,
[1.860s]       |     [01;36m[K^~~~[m[K
[1.860s] [01m[K/usr/include/c++/11/bits/streambuf_iterator.h:421:5:[m[K [01;36m[Knote: [m[K  template argument deduction/substitution failed:
[1.860s] In file included from [01m[K/root/slam/slam/osm/osm-nav/src/osm_navigation/app/osm_node.cpp:13[m[K:
[1.860s] [01m[K/root/slam/slam/osm/osm-nav/src/osm_navigation/./include/osm/osm_parser.hpp:377:40:[m[K [01;36m[Knote: [m[K  ‘[01m[Kstd::_List_iterator<osm_nav::TmpNode_t>[m[K’ is not derived from ‘[01m[Kstd::istreambuf_iterator<_CharT, std::char_traits<_CharT> >[m[K’
[1.860s]   377 |                     auto it = [01;36m[Kstd::find(observed_nodes.begin(),[m[K
[1.860s]       |                               [01;36m[K~~~~~~~~~^~~~~~~~~~~~~~~~~~~~~~~~[m[K
[1.860s]   378 | [01;36m[K                                        observed_nodes.end(),[m[K
[1.860s]       |                                         [01;36m[K~~~~~~~~~~~~~~~~~~~~~[m[K
[1.860s]   379 | [01;36m[K                                        osm_nav::TmpNode_t(n.id, tmp),[m[K
[1.860s]       |                                         [01;36m[K~~~~~~~~~~~~~~~~~~~~~~~~~~~~~~[m[K
[1.860s]   380 | [01;36m[K                                        [](const osm_nav::TmpNode_t& a, const osm_nav::TmpNode_t& b){[m[K
[1.860s]       |                                         [01;36m[K~~~~~~~~~~~~~~~~~~~~~~~~~~~~~~~~~~~~~~~~~~~~~~~~~~~~~~~~~~~~~[m[K
[1.860s]   381 | [01;36m[K                                            return a.id == b.id;[m[K
[1.860s]       |                                             [01;36m[K~~~~~~~~~~~~~~~~~~~~[m[K
[1.860s]   382 | [01;36m[K                                        })[m[K;
[1.860s]       |                                         [01;36m[K~~[m[K
[1.860s] In file included from [01m[K/usr/include/c++/11/algorithm:62[m[K,
[1.860s]                  from [01m[K/root/slam/slam/osm/osm-nav/src/osm_navigation/third_party/libosmium/include/osmium/osm/location.hpp:36[m[K,
[1.860s]                  from [01m[K/root/slam/slam/osm/osm-nav/src/osm_navigation/third_party/libosmium/include/osmium/osm/node.hpp:38[m[K,
[1.860s]                  from [01m[K/root/slam/slam/osm/osm-nav/src/osm_navigation/app/osm_node.cpp:2[m[K:
[1.860s] [01m[K/usr/include/c++/11/bits/stl_algo.h:3876:5:[m[K [01;36m[Knote: [m[Kcandidate: ‘[01m[Ktemplate<class _IIter, class _Tp> _IIter std::find(_IIter, _IIter, const _Tp&)[m[K’
[1.860s]  3876 |     [01;36m[Kfind[m[K(_InputIterator __first, _InputIterator __last,
[1.860s]       |     [01;36m[K^~~~[m[K
[1.861s] [01m[K/usr/include/c++/11/bits/stl_algo.h:3876:5:[m[K [01;36m[Knote: [m[K  template argument deduction/substitution failed:
[1.861s] In file included from [01m[K/root/slam/slam/osm/osm-nav/src/osm_navigation/app/osm_node.cpp:13[m[K:
[1.861s] [01m[K/root/slam/slam/osm/osm-nav/src/osm_navigation/./include/osm/osm_parser.hpp:377:40:[m[K [01;36m[Knote: [m[K  candidate expects 3 arguments, 4 provided
[1.861s]   377 |                     auto it = [01;36m[Kstd::find(observed_nodes.begin(),[m[K
[1.861s]       |                               [01;36m[K~~~~~~~~~^~~~~~~~~~~~~~~~~~~~~~~~[m[K
[1.861s]   378 | [01;36m[K                                        observed_nodes.end(),[m[K
[1.861s]       |                                         [01;36m[K~~~~~~~~~~~~~~~~~~~~~[m[K
[1.861s]   379 | [01;36m[K                                        osm_nav::TmpNode_t(n.id, tmp),[m[K
[1.861s]       |                                         [01;36m[K~~~~~~~~~~~~~~~~~~~~~~~~~~~~~~[m[K
[1.861s]   380 | [01;36m[K                                        [](const osm_nav::TmpNode_t& a, const osm_nav::TmpNode_t& b){[m[K
[1.861s]       |                                         [01;36m[K~~~~~~~~~~~~~~~~~~~~~~~~~~~~~~~~~~~~~~~~~~~~~~~~~~~~~~~~~~~~~[m[K
[1.861s]   381 | [01;36m[K                                            return a.id == b.id;[m[K
[1.861s]       |                                             [01;36m[K~~~~~~~~~~~~~~~~~~~~[m[K
[1.861s]   382 | [01;36m[K                                        })[m[K;
[1.861s]       |                                         [01;36m[K~~[m[K
[1.861s] In file included from [01m[K/usr/include/c++/11/algorithm:74[m[K,
[1.861s]                  from [01m[K/root/slam/slam/osm/osm-nav/src/osm_navigation/third_party/libosmium/include/osmium/osm/location.hpp:36[m[K,
[1.861s]                  from [01m[K/root/slam/slam/osm/osm-nav/src/osm_navigation/third_party/libosmium/include/osmium/osm/node.hpp:38[m[K,
[1.861s]                  from [01m[K/root/slam/slam/osm/osm-nav/src/osm_navigation/app/osm_node.cpp:2[m[K:
[1.861s] [01m[K/usr/include/c++/11/pstl/glue_algorithm_defs.h:60:1:[m[K [01;36m[Knote: [m[Kcandidate: ‘[01m[Ktemplate<class _ExecutionPolicy, class _ForwardIterator, class _Tp> __pstl::__internal::__enable_if_execution_policy<_ExecutionPolicy, _ForwardIterator> std::find(_ExecutionPolicy&&, _ForwardIterator, _ForwardIterator, const _Tp&)[m[K’
[1.861s]    60 | [01;36m[Kfind[m[K(_ExecutionPolicy&& __exec, _ForwardIterator __first, _ForwardIterator __last, const _Tp& __value);
[1.861s]       | [01;36m[K^~~~[m[K
[1.861s] [01m[K/usr/include/c++/11/pstl/glue_algorithm_defs.h:60:1:[m[K [01;36m[Knote: [m[K  template argument deduction/substitution failed:
[1.862s] In file included from [01m[K/root/slam/slam/osm/osm-nav/src/osm_navigation/app/osm_node.cpp:13[m[K:
[1.862s] [01m[K/root/slam/slam/osm/osm-nav/src/osm_navigation/./include/osm/osm_parser.hpp:377:40:[m[K [01;36m[Knote: [m[K  deduced conflicting types for parameter ‘[01m[K_ForwardIterator[m[K’ (‘[01m[Kstd::_List_iterator<osm_nav::TmpNode_t>[m[K’ and ‘[01m[Kosm_nav::TmpNode_t[m[K’)
[1.862s]   377 |                     auto it = [01;36m[Kstd::find(observed_nodes.begin(),[m[K
[1.862s]       |                               [01;36m[K~~~~~~~~~^~~~~~~~~~~~~~~~~~~~~~~~[m[K
[1.862s]   378 | [01;36m[K                                        observed_nodes.end(),[m[K
[1.862s]       |                                         [01;36m[K~~~~~~~~~~~~~~~~~~~~~[m[K
[1.862s]   379 | [01;36m[K                                        osm_nav::TmpNode_t(n.id, tmp),[m[K
[1.862s]       |                                         [01;36m[K~~~~~~~~~~~~~~~~~~~~~~~~~~~~~~[m[K
[1.862s]   380 | [01;36m[K                                        [](const osm_nav::TmpNode_t& a, const osm_nav::TmpNode_t& b){[m[K
[1.862s]       |                                         [01;36m[K~~~~~~~~~~~~~~~~~~~~~~~~~~~~~~~~~~~~~~~~~~~~~~~~~~~~~~~~~~~~~[m[K
[1.862s]   381 | [01;36m[K                                            return a.id == b.id;[m[K
[1.862s]       |                                             [01;36m[K~~~~~~~~~~~~~~~~~~~~[m[K
[1.862s]   382 | [01;36m[K                                        })[m[K;
[1.862s]       |                                         [01;36m[K~~[m[K
[1.884s] In file included from [01m[K/root/slam/slam/osm/osm-nav/src/osm_navigation/osm/osm_parser.cpp:1[m[K:
[1.884s] [01m[K/root/slam/slam/osm/osm-nav/src/osm_navigation/./include/osm/osm_parser.hpp:[m[K In member function ‘[01m[Kvoid osm_nav::OsmParser::planner_request_cb(osm_nav_interface::srv::Planner_Request_<std::allocator<void> >::SharedPtr, osm_nav_interface::srv::Planner_Response_<std::allocator<void> >::SharedPtr)[m[K’:
[1.885s] [01m[K/root/slam/slam/osm/osm-nav/src/osm_navigation/./include/osm/osm_parser.hpp:377:40:[m[K [01;31m[Kerror: [m[Kno matching function for call to ‘[01m[Kfind(std::__cxx11::list<osm_nav::TmpNode_t>::iterator, std::__cxx11::list<osm_nav::TmpNode_t>::iterator, osm_nav::TmpNode_t, osm_nav::OsmParser::planner_request_cb(osm_nav_interface::srv::Planner_Request_<std::allocator<void> >::SharedPtr, osm_nav_interface::srv::Planner_Response_<std::allocator<void> >::SharedPtr)::<lambda(const osm_nav::TmpNode_t&, const osm_nav::TmpNode_t&)>)[m[K’
[1.885s]   377 |                     auto it = [01;31m[Kstd::find(observed_nodes.begin(),[m[K
[1.885s]       |                               [01;31m[K~~~~~~~~~^~~~~~~~~~~~~~~~~~~~~~~~[m[K
[1.885s]   378 | [01;31m[K                                        observed_nodes.end(),[m[K
[1.885s]       |                                         [01;31m[K~~~~~~~~~~~~~~~~~~~~~[m[K
[1.885s]   379 | [01;31m[K                                        osm_nav::TmpNode_t(n.id, tmp),[m[K
[1.885s]       |                                         [01;31m[K~~~~~~~~~~~~~~~~~~~~~~~~~~~~~~[m[K
[1.885s]   380 | [01;31m[K                                        [](const osm_nav::TmpNode_t& a, const osm_nav::TmpNode_t& b){[m[K
[1.885s]       |                                         [01;31m[K~~~~~~~~~~~~~~~~~~~~~~~~~~~~~~~~~~~~~~~~~~~~~~~~~~~~~~~~~~~~~[m[K
[1.885s]   381 | [01;31m[K                                            return a.id == b.id;[m[K
[1.885s]       |                                             [01;31m[K~~~~~~~~~~~~~~~~~~~~[m[K
[1.885s]   382 | [01;31m[K                                        })[m[K;
[1.885s]       |                                         [01;31m[K~~[m[K
[1.885s] In file included from [01m[K/usr/include/c++/11/algorithm:62[m[K,
[1.885s]                  from [01m[K/root/slam/slam/osm/osm-nav/src/osm_navigation/third_party/libosmium/include/osmium/osm/location.hpp:36[m[K,
[1.885s]                  from [01m[K/root/slam/slam/osm/osm-nav/src/osm_navigation/third_party/libosmium/include/osmium/osm/node.hpp:38[m[K,
[1.885s]                  from [01m[K/root/slam/slam/osm/osm-nav/src/osm_navigation/./include/osm/osm_parser.hpp:2[m[K,
[1.885s]                  from [01m[K/root/slam/slam/osm/osm-nav/src/osm_navigation/osm/osm_parser.cpp:1[m[K:
[1.885s] [01m[K/usr/include/c++/11/bits/stl_algo.h:3876:5:[m[K [01;36m[Knote: [m[Kcandidate: ‘[01m[Ktemplate<class _IIter, class _Tp> _IIter std::find(_IIter, _IIter, const _Tp&)[m[K’
[1.885s]  3876 |     [01;36m[Kfind[m[K(_InputIterator __first, _InputIterator __last,
[1.885s]       |     [01;36m[K^~~~[m[K
[1.885s] [01m[K/usr/include/c++/11/bits/stl_algo.h:3876:5:[m[K [01;36m[Knote: [m[K  template argument deduction/substitution failed:
[1.885s] In file included from [01m[K/root/slam/slam/osm/osm-nav/src/osm_navigation/osm/osm_parser.cpp:1[m[K:
[1.886s] [01m[K/root/slam/slam/osm/osm-nav/src/osm_navigation/./include/osm/osm_parser.hpp:377:40:[m[K [01;36m[Knote: [m[K  candidate expects 3 arguments, 4 provided
[1.886s]   377 |                     auto it = [01;36m[Kstd::find(observed_nodes.begin(),[m[K
[1.886s]       |                               [01;36m[K~~~~~~~~~^~~~~~~~~~~~~~~~~~~~~~~~[m[K
[1.886s]   378 | [01;36m[K                                        observed_nodes.end(),[m[K
[1.886s]       |                                         [01;36m[K~~~~~~~~~~~~~~~~~~~~~[m[K
[1.886s]   379 | [01;36m[K                                        osm_nav::TmpNode_t(n.id, tmp),[m[K
[1.886s]       |                                         [01;36m[K~~~~~~~~~~~~~~~~~~~~~~~~~~~~~~[m[K
[1.886s]   380 | [01;36m[K                                        [](const osm_nav::TmpNode_t& a, const osm_nav::TmpNode_t& b){[m[K
[1.886s]       |                                         [01;36m[K~~~~~~~~~~~~~~~~~~~~~~~~~~~~~~~~~~~~~~~~~~~~~~~~~~~~~~~~~~~~~[m[K
[1.886s]   381 | [01;36m[K                                            return a.id == b.id;[m[K
[1.886s]       |                                             [01;36m[K~~~~~~~~~~~~~~~~~~~~[m[K
[1.886s]   382 | [01;36m[K                                        })[m[K;
[1.886s]       |                                         [01;36m[K~~[m[K
[1.886s] In file included from [01m[K/usr/include/c++/11/algorithm:74[m[K,
[1.886s]                  from [01m[K/root/slam/slam/osm/osm-nav/src/osm_navigation/third_party/libosmium/include/osmium/osm/location.hpp:36[m[K,
[1.886s]                  from [01m[K/root/slam/slam/osm/osm-nav/src/osm_navigation/third_party/libosmium/include/osmium/osm/node.hpp:38[m[K,
[1.886s]                  from [01m[K/root/slam/slam/osm/osm-nav/src/osm_navigation/./include/osm/osm_parser.hpp:2[m[K,
[1.886s]                  from [01m[K/root/slam/slam/osm/osm-nav/src/osm_navigation/osm/osm_parser.cpp:1[m[K:
[1.886s] [01m[K/usr/include/c++/11/pstl/glue_algorithm_defs.h:60:1:[m[K [01;36m[Knote: [m[Kcandidate: ‘[01m[Ktemplate<class _ExecutionPolicy, class _ForwardIterator, class _Tp> __pstl::__internal::__enable_if_execution_policy<_ExecutionPolicy, _ForwardIterator> std::find(_ExecutionPolicy&&, _ForwardIterator, _ForwardIterator, const _Tp&)[m[K’
[1.886s]    60 | [01;36m[Kfind[m[K(_ExecutionPolicy&& __exec, _ForwardIterator __first, _ForwardIterator __last, const _Tp& __value);
[1.886s]       | [01;36m[K^~~~[m[K
[1.886s] [01m[K/usr/include/c++/11/pstl/glue_algorithm_defs.h:60:1:[m[K [01;36m[Knote: [m[K  template argument deduction/substitution failed:
[1.886s] In file included from [01m[K/root/slam/slam/osm/osm-nav/src/osm_navigation/osm/osm_parser.cpp:1[m[K:
[1.886s] [01m[K/root/slam/slam/osm/osm-nav/src/osm_navigation/./include/osm/osm_parser.hpp:377:40:[m[K [01;36m[Knote: [m[K  deduced conflicting types for parameter ‘[01m[K_ForwardIterator[m[K’ (‘[01m[Kstd::_List_iterator<osm_nav::TmpNode_t>[m[K’ and ‘[01m[Kosm_nav::TmpNode_t[m[K’)
[1.886s]   377 |                     auto it = [01;36m[Kstd::find(observed_nodes.begin(),[m[K
[1.887s]       |                               [01;36m[K~~~~~~~~~^~~~~~~~~~~~~~~~~~~~~~~~[m[K
[1.887s]   378 | [01;36m[K                                        observed_nodes.end(),[m[K
[1.887s]       |                                         [01;36m[K~~~~~~~~~~~~~~~~~~~~~[m[K
[1.887s]   379 | [01;36m[K                                        osm_nav::TmpNode_t(n.id, tmp),[m[K
[1.887s]       |                                         [01;36m[K~~~~~~~~~~~~~~~~~~~~~~~~~~~~~~[m[K
[1.887s]   380 | [01;36m[K                                        [](const osm_nav::TmpNode_t& a, const osm_nav::TmpNode_t& b){[m[K
[1.887s]       |                                         [01;36m[K~~~~~~~~~~~~~~~~~~~~~~~~~~~~~~~~~~~~~~~~~~~~~~~~~~~~~~~~~~~~~[m[K
[1.887s]   381 | [01;36m[K                                            return a.id == b.id;[m[K
[1.887s]       |                                             [01;36m[K~~~~~~~~~~~~~~~~~~~~[m[K
[1.887s]   382 | [01;36m[K                                        })[m[K;
[1.887s]       |                                         [01;36m[K~~[m[K
[1.887s] In file included from [01m[K/usr/include/c++/11/iterator:66[m[K,
[1.887s]                  from [01m[K/root/slam/slam/osm/osm-nav/src/osm_navigation/third_party/libosmium/include/osmium/osm/location.hpp:42[m[K,
[1.887s]                  from [01m[K/root/slam/slam/osm/osm-nav/src/osm_navigation/third_party/libosmium/include/osmium/osm/node.hpp:38[m[K,
[1.887s]                  from [01m[K/root/slam/slam/osm/osm-nav/src/osm_navigation/./include/osm/osm_parser.hpp:2[m[K,
[1.887s]                  from [01m[K/root/slam/slam/osm/osm-nav/src/osm_navigation/osm/osm_parser.cpp:1[m[K:
[1.887s] [01m[K/usr/include/c++/11/bits/streambuf_iterator.h:421:5:[m[K [01;36m[Knote: [m[Kcandidate: ‘[01m[Ktemplate<class _CharT2> typename __gnu_cxx::__enable_if<std::__is_char<_CharT2>::__value, std::istreambuf_iterator<_CharT, std::char_traits<_CharT> > >::__type std::find(std::istreambuf_iterator<_CharT, std::char_traits<_CharT> >, std::istreambuf_iterator<_CharT, std::char_traits<_CharT> >, const _CharT2&)[m[K’
[1.887s]   421 |     [01;36m[Kfind[m[K(istreambuf_iterator<_CharT> __first,
[1.887s]       |     [01;36m[K^~~~[m[K
[1.887s] [01m[K/usr/include/c++/11/bits/streambuf_iterator.h:421:5:[m[K [01;36m[Knote: [m[K  template argument deduction/substitution failed:
[1.887s] In file included from [01m[K/root/slam/slam/osm/osm-nav/src/osm_navigation/osm/osm_parser.cpp:1[m[K:
[1.887s] [01m[K/root/slam/slam/osm/osm-nav/src/osm_navigation/./include/osm/osm_parser.hpp:377:40:[m[K [01;36m[Knote: [m[K  ‘[01m[Kstd::_List_iterator<osm_nav::TmpNode_t>[m[K’ is not derived from ‘[01m[Kstd::istreambuf_iterator<_CharT, std::char_traits<_CharT> >[m[K’
[1.887s]   377 |                     auto it = [01;36m[Kstd::find(observed_nodes.begin(),[m[K
[1.887s]       |                               [01;36m[K~~~~~~~~~^~~~~~~~~~~~~~~~~~~~~~~~[m[K
[1.888s]   378 | [01;36m[K                                        observed_nodes.end(),[m[K
[1.888s]       |                                         [01;36m[K~~~~~~~~~~~~~~~~~~~~~[m[K
[1.888s]   379 | [01;36m[K                                        osm_nav::TmpNode_t(n.id, tmp),[m[K
[1.888s]       |                                         [01;36m[K~~~~~~~~~~~~~~~~~~~~~~~~~~~~~~[m[K
[1.888s]   380 | [01;36m[K                                        [](const osm_nav::TmpNode_t& a, const osm_nav::TmpNode_t& b){[m[K
[1.888s]       |                                         [01;36m[K~~~~~~~~~~~~~~~~~~~~~~~~~~~~~~~~~~~~~~~~~~~~~~~~~~~~~~~~~~~~~[m[K
[1.888s]   381 | [01;36m[K                                            return a.id == b.id;[m[K
[1.888s]       |                                             [01;36m[K~~~~~~~~~~~~~~~~~~~~[m[K
[1.888s]   382 | [01;36m[K                                        })[m[K;
[1.888s]       |                                         [01;36m[K~~[m[K
[3.191s] gmake[2]: *** [CMakeFiles/osm_navigation.dir/build.make:76: CMakeFiles/osm_navigation.dir/osm/osm_parser.cpp.o] Error 1
[3.192s] gmake[2]: *** Waiting for unfinished jobs....
[3.294s] gmake[2]: *** [CMakeFiles/osm_navigation.dir/build.make:90: CMakeFiles/osm_navigation.dir/app/osm_node.cpp.o] Error 1
[3.294s] gmake[1]: *** [CMakeFiles/Makefile2:137: CMakeFiles/osm_navigation.dir/all] Error 2
[3.294s] gmake: *** [Makefile:146: all] Error 2
[3.295s] Invoked command in '/root/slam/slam/osm/osm-nav/build/osm_nav' returned '2': CMAKE_PREFIX_PATH=/root/slam/slam/osm/osm-nav/install/osm_nav_interface:/root/slam/slam/osm/osm-nav/install/osm_nav:/opt/ros/humble CONDA_PROMPT_MODIFIER=(openalt) /usr/bin/cmake --build /root/slam/slam/osm/osm-nav/build/osm_nav -- -j12 -l12
