[0.021s] Invoking command in '/root/slam/slam/osm/osm-nav/build/osm_nav': CMAKE_PREFIX_PATH=/root/slam/slam/osm/osm-nav/install/osm_nav_interface:/root/slam/slam/osm/osm-nav/install/osm_nav:/opt/ros/humble CONDA_PROMPT_MODIFIER=(base) /usr/bin/cmake --build /root/slam/slam/osm/osm-nav/build/osm_nav -- -j12 -l12
[0.064s] [35m[1mConsolidate compiler generated dependencies of target osm_navigation[0m
[0.081s] [ 33%] [32mBuilding CXX object CMakeFiles/osm_navigation.dir/osm/osm_parser.cpp.o[0m
[0.081s] [ 66%] [32mBuilding CXX object CMakeFiles/osm_navigation.dir/app/osm_node.cpp.o[0m
[2.708s] In file included from [01m[K/usr/include/c++/11/bits/stl_algobase.h:71[m[K,
[2.708s]                  from [01m[K/usr/include/c++/11/bits/char_traits.h:39[m[K,
[2.708s]                  from [01m[K/usr/include/c++/11/string:40[m[K,
[2.708s]                  from [01m[K/usr/include/c++/11/stdexcept:39[m[K,
[2.708s]                  from [01m[K/root/slam/slam/osm/osm-nav/src/osm_navigation/third_party/libosmium/include/osmium/osm/item_type.hpp:41[m[K,
[2.708s]                  from [01m[K/root/slam/slam/osm/osm-nav/src/osm_navigation/third_party/libosmium/include/osmium/osm/node.hpp:37[m[K,
[2.708s]                  from [01m[K/root/slam/slam/osm/osm-nav/src/osm_navigation/./include/osm/osm_parser.hpp:2[m[K,
[2.708s]                  from [01m[K/root/slam/slam/osm/osm-nav/src/osm_navigation/osm/osm_parser.cpp:1[m[K:
[2.708s] /usr/include/c++/11/bits/predefined_ops.h: In instantiation of ‘[01m[Kbool __gnu_cxx::__ops::_Iter_pred<_Predicate>::operator()(_Iterator) [with _Iterator = __gnu_cxx::__normal_iterator<osm_nav::NavNode_t::ReachableNode_t*, std::vector<osm_nav::NavNode_t::ReachableNode_t> >; _Predicate = osm_nav::OsmParser::planner_request_cb(osm_nav_interface::srv::Planner_Request_<std::allocator<void> >::SharedPtr, osm_nav_interface::srv::Planner_Response_<std::allocator<void> >::SharedPtr)::<lambda(osm_nav::NavNode_t::ReachableNode_t&)>][m[K’:
[2.708s] [01m[K/usr/include/c++/11/bits/stl_algobase.h:2069:14:[m[K   required from ‘[01m[K_RandomAccessIterator std::__find_if(_RandomAccessIterator, _RandomAccessIterator, _Predicate, std::random_access_iterator_tag) [with _RandomAccessIterator = __gnu_cxx::__normal_iterator<osm_nav::NavNode_t::ReachableNode_t*, std::vector<osm_nav::NavNode_t::ReachableNode_t> >; _Predicate = __gnu_cxx::__ops::_Iter_pred<osm_nav::OsmParser::planner_request_cb(osm_nav_interface::srv::Planner_Request_<std::allocator<void> >::SharedPtr, osm_nav_interface::srv::Planner_Response_<std::allocator<void> >::SharedPtr)::<lambda(osm_nav::NavNode_t::ReachableNode_t&)> >][m[K’
[2.709s] [01m[K/usr/include/c++/11/bits/stl_algobase.h:2114:23:[m[K   required from ‘[01m[K_Iterator std::__find_if(_Iterator, _Iterator, _Predicate) [with _Iterator = __gnu_cxx::__normal_iterator<osm_nav::NavNode_t::ReachableNode_t*, std::vector<osm_nav::NavNode_t::ReachableNode_t> >; _Predicate = __gnu_cxx::__ops::_Iter_pred<osm_nav::OsmParser::planner_request_cb(osm_nav_interface::srv::Planner_Request_<std::allocator<void> >::SharedPtr, osm_nav_interface::srv::Planner_Response_<std::allocator<void> >::SharedPtr)::<lambda(osm_nav::NavNode_t::ReachableNode_t&)> >][m[K’
[2.709s] [01m[K/usr/include/c++/11/bits/stl_algo.h:3910:28:[m[K   required from ‘[01m[K_IIter std::find_if(_IIter, _IIter, _Predicate) [with _IIter = __gnu_cxx::__normal_iterator<osm_nav::NavNode_t::ReachableNode_t*, std::vector<osm_nav::NavNode_t::ReachableNode_t> >; _Predicate = osm_nav::OsmParser::planner_request_cb(osm_nav_interface::srv::Planner_Request_<std::allocator<void> >::SharedPtr, osm_nav_interface::srv::Planner_Response_<std::allocator<void> >::SharedPtr)::<lambda(osm_nav::NavNode_t::ReachableNode_t&)>][m[K’
[2.709s] [01m[K/root/slam/slam/osm/osm-nav/src/osm_navigation/./include/osm/osm_parser.hpp:456:25:[m[K   required from here
[2.709s] [01m[K/usr/include/c++/11/bits/predefined_ops.h:318:30:[m[K [01;31m[Kerror: [m[Kvoid value not ignored as it ought to be
[2.709s]   318 |         { return bool([01;31m[K_M_pred(*__it)[m[K); }
[2.709s]       |                       [01;31m[K~~~~~~~^~~~~~~[m[K
[2.735s] In file included from [01m[K/usr/include/c++/11/bits/stl_algobase.h:71[m[K,
[2.735s]                  from [01m[K/usr/include/c++/11/bits/char_traits.h:39[m[K,
[2.735s]                  from [01m[K/usr/include/c++/11/ios:40[m[K,
[2.735s]                  from [01m[K/usr/include/c++/11/ostream:38[m[K,
[2.735s]                  from [01m[K/usr/include/c++/11/iostream:39[m[K,
[2.735s]                  from [01m[K/root/slam/slam/osm/osm-nav/src/osm_navigation/app/osm_node.cpp:1[m[K:
[2.735s] /usr/include/c++/11/bits/predefined_ops.h: In instantiation of ‘[01m[Kbool __gnu_cxx::__ops::_Iter_pred<_Predicate>::operator()(_Iterator) [with _Iterator = __gnu_cxx::__normal_iterator<osm_nav::NavNode_t::ReachableNode_t*, std::vector<osm_nav::NavNode_t::ReachableNode_t> >; _Predicate = osm_nav::OsmParser::planner_request_cb(osm_nav_interface::srv::Planner_Request_<std::allocator<void> >::SharedPtr, osm_nav_interface::srv::Planner_Response_<std::allocator<void> >::SharedPtr)::<lambda(osm_nav::NavNode_t::ReachableNode_t&)>][m[K’:
[2.735s] [01m[K/usr/include/c++/11/bits/stl_algobase.h:2069:14:[m[K   required from ‘[01m[K_RandomAccessIterator std::__find_if(_RandomAccessIterator, _RandomAccessIterator, _Predicate, std::random_access_iterator_tag) [with _RandomAccessIterator = __gnu_cxx::__normal_iterator<osm_nav::NavNode_t::ReachableNode_t*, std::vector<osm_nav::NavNode_t::ReachableNode_t> >; _Predicate = __gnu_cxx::__ops::_Iter_pred<osm_nav::OsmParser::planner_request_cb(osm_nav_interface::srv::Planner_Request_<std::allocator<void> >::SharedPtr, osm_nav_interface::srv::Planner_Response_<std::allocator<void> >::SharedPtr)::<lambda(osm_nav::NavNode_t::ReachableNode_t&)> >][m[K’
[2.735s] [01m[K/usr/include/c++/11/bits/stl_algobase.h:2114:23:[m[K   required from ‘[01m[K_Iterator std::__find_if(_Iterator, _Iterator, _Predicate) [with _Iterator = __gnu_cxx::__normal_iterator<osm_nav::NavNode_t::ReachableNode_t*, std::vector<osm_nav::NavNode_t::ReachableNode_t> >; _Predicate = __gnu_cxx::__ops::_Iter_pred<osm_nav::OsmParser::planner_request_cb(osm_nav_interface::srv::Planner_Request_<std::allocator<void> >::SharedPtr, osm_nav_interface::srv::Planner_Response_<std::allocator<void> >::SharedPtr)::<lambda(osm_nav::NavNode_t::ReachableNode_t&)> >][m[K’
[2.736s] [01m[K/usr/include/c++/11/bits/stl_algo.h:3910:28:[m[K   required from ‘[01m[K_IIter std::find_if(_IIter, _IIter, _Predicate) [with _IIter = __gnu_cxx::__normal_iterator<osm_nav::NavNode_t::ReachableNode_t*, std::vector<osm_nav::NavNode_t::ReachableNode_t> >; _Predicate = osm_nav::OsmParser::planner_request_cb(osm_nav_interface::srv::Planner_Request_<std::allocator<void> >::SharedPtr, osm_nav_interface::srv::Planner_Response_<std::allocator<void> >::SharedPtr)::<lambda(osm_nav::NavNode_t::ReachableNode_t&)>][m[K’
[2.736s] [01m[K/root/slam/slam/osm/osm-nav/src/osm_navigation/./include/osm/osm_parser.hpp:456:25:[m[K   required from here
[2.736s] [01m[K/usr/include/c++/11/bits/predefined_ops.h:318:30:[m[K [01;31m[Kerror: [m[Kvoid value not ignored as it ought to be
[2.736s]   318 |         { return bool([01;31m[K_M_pred(*__it)[m[K); }
[2.736s]       |                       [01;31m[K~~~~~~~^~~~~~~[m[K
[3.316s] gmake[2]: *** [CMakeFiles/osm_navigation.dir/build.make:76: CMakeFiles/osm_navigation.dir/osm/osm_parser.cpp.o] Error 1
[3.316s] gmake[2]: *** Waiting for unfinished jobs....
[3.465s] gmake[2]: *** [CMakeFiles/osm_navigation.dir/build.make:90: CMakeFiles/osm_navigation.dir/app/osm_node.cpp.o] Error 1
[3.465s] gmake[1]: *** [CMakeFiles/Makefile2:137: CMakeFiles/osm_navigation.dir/all] Error 2
[3.465s] gmake: *** [Makefile:146: all] Error 2
[3.467s] Invoked command in '/root/slam/slam/osm/osm-nav/build/osm_nav' returned '2': CMAKE_PREFIX_PATH=/root/slam/slam/osm/osm-nav/install/osm_nav_interface:/root/slam/slam/osm/osm-nav/install/osm_nav:/opt/ros/humble CONDA_PROMPT_MODIFIER=(base) /usr/bin/cmake --build /root/slam/slam/osm/osm-nav/build/osm_nav -- -j12 -l12
