[  9%] Built target osm_nav_interface__cpp
[ 12%] Built target osm_nav_interface__rosidl_generator_c
[ 12%] Built target ament_cmake_python_copy_osm_nav_interface
[ 35%] Built target osm_nav_interface__rosidl_typesupport_fastrtps_cpp
[ 41%] Built target osm_nav_interface__rosidl_typesupport_introspection_c
[ 41%] Built target osm_nav_interface__rosidl_typesupport_cpp
[ 51%] Built target osm_nav_interface__rosidl_typesupport_c
[ 61%] Built target osm_nav_interface__rosidl_typesupport_introspection_cpp
[ 70%] Built target osm_nav_interface__rosidl_typesupport_fastrtps_c
[ 70%] Built target osm_nav_interface
[ 74%] Built target osm_nav_interface__py
[ 80%] Built target osm_nav_interface__rosidl_generator_py
[ 87%] Built target osm_nav_interface__rosidl_typesupport_fastrtps_c__pyext
[ 93%] Built target osm_nav_interface__rosidl_typesupport_introspection_c__pyext
[100%] Built target osm_nav_interface__rosidl_typesupport_c__pyext
running egg_info
writing osm_nav_interface.egg-info/PKG-INFO
writing dependency_links to osm_nav_interface.egg-info/dependency_links.txt
writing top-level names to osm_nav_interface.egg-info/top_level.txt
reading manifest file 'osm_nav_interface.egg-info/SOURCES.txt'
writing manifest file 'osm_nav_interface.egg-info/SOURCES.txt'
[100%] Built target ament_cmake_python_build_osm_nav_interface_egg
-- Install configuration: ""
-- Up-to-date: /root/slam/slam/osm/osm-nav/install/osm_nav_interface/share/ament_index/resource_index/rosidl_interfaces/osm_nav_interface
-- Up-to-date: /root/slam/slam/osm/osm-nav/install/osm_nav_interface/include/osm_nav_interface/osm_nav_interface
-- Up-to-date: /root/slam/slam/osm/osm-nav/install/osm_nav_interface/include/osm_nav_interface/osm_nav_interface/srv
-- Up-to-date: /root/slam/slam/osm/osm-nav/install/osm_nav_interface/include/osm_nav_interface/osm_nav_interface/srv/detail
-- Up-to-date: /root/slam/slam/osm/osm-nav/install/osm_nav_interface/include/osm_nav_interface/osm_nav_interface/srv/detail/planner__type_support.h
-- Up-to-date: /root/slam/slam/osm/osm-nav/install/osm_nav_interface/include/osm_nav_interface/osm_nav_interface/srv/detail/planner__functions.h
-- Up-to-date: /root/slam/slam/osm/osm-nav/install/osm_nav_interface/include/osm_nav_interface/osm_nav_interface/srv/detail/planner__functions.c
-- Up-to-date: /root/slam/slam/osm/osm-nav/install/osm_nav_interface/include/osm_nav_interface/osm_nav_interface/srv/detail/planner__struct.h
-- Up-to-date: /root/slam/slam/osm/osm-nav/install/osm_nav_interface/include/osm_nav_interface/osm_nav_interface/srv/planner.h
-- Up-to-date: /root/slam/slam/osm/osm-nav/install/osm_nav_interface/include/osm_nav_interface/osm_nav_interface/msg
-- Up-to-date: /root/slam/slam/osm/osm-nav/install/osm_nav_interface/include/osm_nav_interface/osm_nav_interface/msg/rosidl_generator_c__visibility_control.h
-- Up-to-date: /root/slam/slam/osm/osm-nav/install/osm_nav_interface/share/osm_nav_interface/environment/library_path.sh
-- Up-to-date: /root/slam/slam/osm/osm-nav/install/osm_nav_interface/share/osm_nav_interface/environment/library_path.dsv
-- Up-to-date: /root/slam/slam/osm/osm-nav/install/osm_nav_interface/lib/libosm_nav_interface__rosidl_generator_c.so
-- Up-to-date: /root/slam/slam/osm/osm-nav/install/osm_nav_interface/include/osm_nav_interface/osm_nav_interface
-- Up-to-date: /root/slam/slam/osm/osm-nav/install/osm_nav_interface/include/osm_nav_interface/osm_nav_interface/srv
-- Up-to-date: /root/slam/slam/osm/osm-nav/install/osm_nav_interface/include/osm_nav_interface/osm_nav_interface/srv/detail
-- Up-to-date: /root/slam/slam/osm/osm-nav/install/osm_nav_interface/include/osm_nav_interface/osm_nav_interface/srv/detail/planner__rosidl_typesupport_fastrtps_c.h
-- Up-to-date: /root/slam/slam/osm/osm-nav/install/osm_nav_interface/include/osm_nav_interface/osm_nav_interface/msg
-- Up-to-date: /root/slam/slam/osm/osm-nav/install/osm_nav_interface/include/osm_nav_interface/osm_nav_interface/msg/rosidl_typesupport_fastrtps_c__visibility_control.h
-- Up-to-date: /root/slam/slam/osm/osm-nav/install/osm_nav_interface/lib/libosm_nav_interface__rosidl_typesupport_fastrtps_c.so
-- Up-to-date: /root/slam/slam/osm/osm-nav/install/osm_nav_interface/include/osm_nav_interface/osm_nav_interface
-- Up-to-date: /root/slam/slam/osm/osm-nav/install/osm_nav_interface/include/osm_nav_interface/osm_nav_interface/srv
-- Up-to-date: /root/slam/slam/osm/osm-nav/install/osm_nav_interface/include/osm_nav_interface/osm_nav_interface/srv/planner.hpp
-- Up-to-date: /root/slam/slam/osm/osm-nav/install/osm_nav_interface/include/osm_nav_interface/osm_nav_interface/srv/detail
-- Up-to-date: /root/slam/slam/osm/osm-nav/install/osm_nav_interface/include/osm_nav_interface/osm_nav_interface/srv/detail/planner__builder.hpp
-- Up-to-date: /root/slam/slam/osm/osm-nav/install/osm_nav_interface/include/osm_nav_interface/osm_nav_interface/srv/detail/planner__traits.hpp
-- Up-to-date: /root/slam/slam/osm/osm-nav/install/osm_nav_interface/include/osm_nav_interface/osm_nav_interface/srv/detail/planner__struct.hpp
-- Up-to-date: /root/slam/slam/osm/osm-nav/install/osm_nav_interface/include/osm_nav_interface/osm_nav_interface
-- Up-to-date: /root/slam/slam/osm/osm-nav/install/osm_nav_interface/include/osm_nav_interface/osm_nav_interface/srv
-- Up-to-date: /root/slam/slam/osm/osm-nav/install/osm_nav_interface/include/osm_nav_interface/osm_nav_interface/srv/detail
-- Up-to-date: /root/slam/slam/osm/osm-nav/install/osm_nav_interface/include/osm_nav_interface/osm_nav_interface/srv/detail/dds_fastrtps
-- Up-to-date: /root/slam/slam/osm/osm-nav/install/osm_nav_interface/include/osm_nav_interface/osm_nav_interface/srv/detail/planner__rosidl_typesupport_fastrtps_cpp.hpp
-- Up-to-date: /root/slam/slam/osm/osm-nav/install/osm_nav_interface/include/osm_nav_interface/osm_nav_interface/msg
-- Up-to-date: /root/slam/slam/osm/osm-nav/install/osm_nav_interface/include/osm_nav_interface/osm_nav_interface/msg/rosidl_typesupport_fastrtps_cpp__visibility_control.h
-- Up-to-date: /root/slam/slam/osm/osm-nav/install/osm_nav_interface/lib/libosm_nav_interface__rosidl_typesupport_fastrtps_cpp.so
-- Up-to-date: /root/slam/slam/osm/osm-nav/install/osm_nav_interface/include/osm_nav_interface/osm_nav_interface
-- Up-to-date: /root/slam/slam/osm/osm-nav/install/osm_nav_interface/include/osm_nav_interface/osm_nav_interface/srv
-- Up-to-date: /root/slam/slam/osm/osm-nav/install/osm_nav_interface/include/osm_nav_interface/osm_nav_interface/srv/detail
-- Up-to-date: /root/slam/slam/osm/osm-nav/install/osm_nav_interface/include/osm_nav_interface/osm_nav_interface/srv/detail/planner__rosidl_typesupport_introspection_c.h
-- Up-to-date: /root/slam/slam/osm/osm-nav/install/osm_nav_interface/include/osm_nav_interface/osm_nav_interface/srv/detail/planner__type_support.c
-- Up-to-date: /root/slam/slam/osm/osm-nav/install/osm_nav_interface/include/osm_nav_interface/osm_nav_interface/msg
-- Up-to-date: /root/slam/slam/osm/osm-nav/install/osm_nav_interface/include/osm_nav_interface/osm_nav_interface/msg/rosidl_typesupport_introspection_c__visibility_control.h
-- Up-to-date: /root/slam/slam/osm/osm-nav/install/osm_nav_interface/lib/libosm_nav_interface__rosidl_typesupport_introspection_c.so
-- Up-to-date: /root/slam/slam/osm/osm-nav/install/osm_nav_interface/lib/libosm_nav_interface__rosidl_typesupport_c.so
-- Up-to-date: /root/slam/slam/osm/osm-nav/install/osm_nav_interface/include/osm_nav_interface/osm_nav_interface
-- Up-to-date: /root/slam/slam/osm/osm-nav/install/osm_nav_interface/include/osm_nav_interface/osm_nav_interface/srv
-- Up-to-date: /root/slam/slam/osm/osm-nav/install/osm_nav_interface/include/osm_nav_interface/osm_nav_interface/srv/detail
-- Up-to-date: /root/slam/slam/osm/osm-nav/install/osm_nav_interface/include/osm_nav_interface/osm_nav_interface/srv/detail/planner__type_support.cpp
-- Up-to-date: /root/slam/slam/osm/osm-nav/install/osm_nav_interface/include/osm_nav_interface/osm_nav_interface/srv/detail/planner__rosidl_typesupport_introspection_cpp.hpp
-- Up-to-date: /root/slam/slam/osm/osm-nav/install/osm_nav_interface/lib/libosm_nav_interface__rosidl_typesupport_introspection_cpp.so
-- Up-to-date: /root/slam/slam/osm/osm-nav/install/osm_nav_interface/lib/libosm_nav_interface__rosidl_typesupport_cpp.so
-- Up-to-date: /root/slam/slam/osm/osm-nav/install/osm_nav_interface/share/osm_nav_interface/environment/pythonpath.sh
-- Up-to-date: /root/slam/slam/osm/osm-nav/install/osm_nav_interface/share/osm_nav_interface/environment/pythonpath.dsv
-- Up-to-date: /root/slam/slam/osm/osm-nav/install/osm_nav_interface/local/lib/python3.10/dist-packages/osm_nav_interface-0.0.0-py3.10.egg-info
-- Installing: /root/slam/slam/osm/osm-nav/install/osm_nav_interface/local/lib/python3.10/dist-packages/osm_nav_interface-0.0.0-py3.10.egg-info/PKG-INFO
-- Installing: /root/slam/slam/osm/osm-nav/install/osm_nav_interface/local/lib/python3.10/dist-packages/osm_nav_interface-0.0.0-py3.10.egg-info/dependency_links.txt
-- Installing: /root/slam/slam/osm/osm-nav/install/osm_nav_interface/local/lib/python3.10/dist-packages/osm_nav_interface-0.0.0-py3.10.egg-info/top_level.txt
-- Installing: /root/slam/slam/osm/osm-nav/install/osm_nav_interface/local/lib/python3.10/dist-packages/osm_nav_interface-0.0.0-py3.10.egg-info/SOURCES.txt
-- Up-to-date: /root/slam/slam/osm/osm-nav/install/osm_nav_interface/local/lib/python3.10/dist-packages/osm_nav_interface
-- Up-to-date: /root/slam/slam/osm/osm-nav/install/osm_nav_interface/local/lib/python3.10/dist-packages/osm_nav_interface/srv
-- Up-to-date: /root/slam/slam/osm/osm-nav/install/osm_nav_interface/local/lib/python3.10/dist-packages/osm_nav_interface/srv/__init__.py
-- Up-to-date: /root/slam/slam/osm/osm-nav/install/osm_nav_interface/local/lib/python3.10/dist-packages/osm_nav_interface/srv/_planner.py
-- Up-to-date: /root/slam/slam/osm/osm-nav/install/osm_nav_interface/local/lib/python3.10/dist-packages/osm_nav_interface/srv/_planner_s.c
-- Up-to-date: /root/slam/slam/osm/osm-nav/install/osm_nav_interface/local/lib/python3.10/dist-packages/osm_nav_interface/osm_nav_interface_s__rosidl_typesupport_fastrtps_c.cpython-311-x86_64-linux-gnu.so
-- Up-to-date: /root/slam/slam/osm/osm-nav/install/osm_nav_interface/local/lib/python3.10/dist-packages/osm_nav_interface/_osm_nav_interface_s.ep.rosidl_typesupport_fastrtps_c.c
-- Up-to-date: /root/slam/slam/osm/osm-nav/install/osm_nav_interface/local/lib/python3.10/dist-packages/osm_nav_interface/libosm_nav_interface__rosidl_generator_py.so
-- Up-to-date: /root/slam/slam/osm/osm-nav/install/osm_nav_interface/local/lib/python3.10/dist-packages/osm_nav_interface/_osm_nav_interface_s.ep.rosidl_typesupport_c.c
-- Up-to-date: /root/slam/slam/osm/osm-nav/install/osm_nav_interface/local/lib/python3.10/dist-packages/osm_nav_interface/_osm_nav_interface_s.ep.rosidl_typesupport_introspection_c.c
-- Up-to-date: /root/slam/slam/osm/osm-nav/install/osm_nav_interface/local/lib/python3.10/dist-packages/osm_nav_interface/__init__.py
-- Up-to-date: /root/slam/slam/osm/osm-nav/install/osm_nav_interface/local/lib/python3.10/dist-packages/osm_nav_interface/osm_nav_interface_s__rosidl_typesupport_c.cpython-311-x86_64-linux-gnu.so
-- Up-to-date: /root/slam/slam/osm/osm-nav/install/osm_nav_interface/local/lib/python3.10/dist-packages/osm_nav_interface/osm_nav_interface_s__rosidl_typesupport_introspection_c.cpython-311-x86_64-linux-gnu.so
Listing '/root/slam/slam/osm/osm-nav/install/osm_nav_interface/local/lib/python3.10/dist-packages/osm_nav_interface'...
Listing '/root/slam/slam/osm/osm-nav/install/osm_nav_interface/local/lib/python3.10/dist-packages/osm_nav_interface/srv'...
-- Up-to-date: /root/slam/slam/osm/osm-nav/install/osm_nav_interface/local/lib/python3.10/dist-packages/osm_nav_interface/osm_nav_interface_s__rosidl_typesupport_fastrtps_c.cpython-311-x86_64-linux-gnu.so
-- Up-to-date: /root/slam/slam/osm/osm-nav/install/osm_nav_interface/local/lib/python3.10/dist-packages/osm_nav_interface/osm_nav_interface_s__rosidl_typesupport_introspection_c.cpython-311-x86_64-linux-gnu.so
-- Up-to-date: /root/slam/slam/osm/osm-nav/install/osm_nav_interface/local/lib/python3.10/dist-packages/osm_nav_interface/osm_nav_interface_s__rosidl_typesupport_c.cpython-311-x86_64-linux-gnu.so
-- Up-to-date: /root/slam/slam/osm/osm-nav/install/osm_nav_interface/lib/libosm_nav_interface__rosidl_generator_py.so
-- Up-to-date: /root/slam/slam/osm/osm-nav/install/osm_nav_interface/share/osm_nav_interface/srv/Planner.idl
-- Up-to-date: /root/slam/slam/osm/osm-nav/install/osm_nav_interface/share/osm_nav_interface/srv/Planner.srv
-- Up-to-date: /root/slam/slam/osm/osm-nav/install/osm_nav_interface/share/osm_nav_interface/srv/Planner_Request.msg
-- Up-to-date: /root/slam/slam/osm/osm-nav/install/osm_nav_interface/share/osm_nav_interface/srv/Planner_Response.msg
-- Up-to-date: /root/slam/slam/osm/osm-nav/install/osm_nav_interface/share/ament_index/resource_index/package_run_dependencies/osm_nav_interface
-- Up-to-date: /root/slam/slam/osm/osm-nav/install/osm_nav_interface/share/ament_index/resource_index/parent_prefix_path/osm_nav_interface
-- Up-to-date: /root/slam/slam/osm/osm-nav/install/osm_nav_interface/share/osm_nav_interface/environment/ament_prefix_path.sh
-- Up-to-date: /root/slam/slam/osm/osm-nav/install/osm_nav_interface/share/osm_nav_interface/environment/ament_prefix_path.dsv
-- Up-to-date: /root/slam/slam/osm/osm-nav/install/osm_nav_interface/share/osm_nav_interface/environment/path.sh
-- Up-to-date: /root/slam/slam/osm/osm-nav/install/osm_nav_interface/share/osm_nav_interface/environment/path.dsv
-- Up-to-date: /root/slam/slam/osm/osm-nav/install/osm_nav_interface/share/osm_nav_interface/local_setup.bash
-- Up-to-date: /root/slam/slam/osm/osm-nav/install/osm_nav_interface/share/osm_nav_interface/local_setup.sh
-- Up-to-date: /root/slam/slam/osm/osm-nav/install/osm_nav_interface/share/osm_nav_interface/local_setup.zsh
-- Up-to-date: /root/slam/slam/osm/osm-nav/install/osm_nav_interface/share/osm_nav_interface/local_setup.dsv
-- Installing: /root/slam/slam/osm/osm-nav/install/osm_nav_interface/share/osm_nav_interface/package.dsv
-- Up-to-date: /root/slam/slam/osm/osm-nav/install/osm_nav_interface/share/ament_index/resource_index/packages/osm_nav_interface
-- Up-to-date: /root/slam/slam/osm/osm-nav/install/osm_nav_interface/share/osm_nav_interface/cmake/export_osm_nav_interface__rosidl_generator_cExport.cmake
-- Up-to-date: /root/slam/slam/osm/osm-nav/install/osm_nav_interface/share/osm_nav_interface/cmake/export_osm_nav_interface__rosidl_generator_cExport-noconfig.cmake
-- Up-to-date: /root/slam/slam/osm/osm-nav/install/osm_nav_interface/share/osm_nav_interface/cmake/export_osm_nav_interface__rosidl_typesupport_fastrtps_cExport.cmake
-- Up-to-date: /root/slam/slam/osm/osm-nav/install/osm_nav_interface/share/osm_nav_interface/cmake/export_osm_nav_interface__rosidl_typesupport_fastrtps_cExport-noconfig.cmake
-- Up-to-date: /root/slam/slam/osm/osm-nav/install/osm_nav_interface/share/osm_nav_interface/cmake/export_osm_nav_interface__rosidl_generator_cppExport.cmake
-- Up-to-date: /root/slam/slam/osm/osm-nav/install/osm_nav_interface/share/osm_nav_interface/cmake/export_osm_nav_interface__rosidl_typesupport_fastrtps_cppExport.cmake
-- Up-to-date: /root/slam/slam/osm/osm-nav/install/osm_nav_interface/share/osm_nav_interface/cmake/export_osm_nav_interface__rosidl_typesupport_fastrtps_cppExport-noconfig.cmake
-- Up-to-date: /root/slam/slam/osm/osm-nav/install/osm_nav_interface/share/osm_nav_interface/cmake/osm_nav_interface__rosidl_typesupport_introspection_cExport.cmake
-- Up-to-date: /root/slam/slam/osm/osm-nav/install/osm_nav_interface/share/osm_nav_interface/cmake/osm_nav_interface__rosidl_typesupport_introspection_cExport-noconfig.cmake
-- Up-to-date: /root/slam/slam/osm/osm-nav/install/osm_nav_interface/share/osm_nav_interface/cmake/osm_nav_interface__rosidl_typesupport_cExport.cmake
-- Up-to-date: /root/slam/slam/osm/osm-nav/install/osm_nav_interface/share/osm_nav_interface/cmake/osm_nav_interface__rosidl_typesupport_cExport-noconfig.cmake
-- Up-to-date: /root/slam/slam/osm/osm-nav/install/osm_nav_interface/share/osm_nav_interface/cmake/osm_nav_interface__rosidl_typesupport_introspection_cppExport.cmake
-- Up-to-date: /root/slam/slam/osm/osm-nav/install/osm_nav_interface/share/osm_nav_interface/cmake/osm_nav_interface__rosidl_typesupport_introspection_cppExport-noconfig.cmake
-- Up-to-date: /root/slam/slam/osm/osm-nav/install/osm_nav_interface/share/osm_nav_interface/cmake/osm_nav_interface__rosidl_typesupport_cppExport.cmake
-- Up-to-date: /root/slam/slam/osm/osm-nav/install/osm_nav_interface/share/osm_nav_interface/cmake/osm_nav_interface__rosidl_typesupport_cppExport-noconfig.cmake
-- Up-to-date: /root/slam/slam/osm/osm-nav/install/osm_nav_interface/share/osm_nav_interface/cmake/export_osm_nav_interface__rosidl_generator_pyExport.cmake
-- Up-to-date: /root/slam/slam/osm/osm-nav/install/osm_nav_interface/share/osm_nav_interface/cmake/export_osm_nav_interface__rosidl_generator_pyExport-noconfig.cmake
-- Up-to-date: /root/slam/slam/osm/osm-nav/install/osm_nav_interface/share/osm_nav_interface/cmake/rosidl_cmake-extras.cmake
-- Up-to-date: /root/slam/slam/osm/osm-nav/install/osm_nav_interface/share/osm_nav_interface/cmake/ament_cmake_export_include_directories-extras.cmake
-- Up-to-date: /root/slam/slam/osm/osm-nav/install/osm_nav_interface/share/osm_nav_interface/cmake/ament_cmake_export_libraries-extras.cmake
-- Up-to-date: /root/slam/slam/osm/osm-nav/install/osm_nav_interface/share/osm_nav_interface/cmake/ament_cmake_export_targets-extras.cmake
-- Up-to-date: /root/slam/slam/osm/osm-nav/install/osm_nav_interface/share/osm_nav_interface/cmake/rosidl_cmake_export_typesupport_targets-extras.cmake
-- Up-to-date: /root/slam/slam/osm/osm-nav/install/osm_nav_interface/share/osm_nav_interface/cmake/ament_cmake_export_dependencies-extras.cmake
-- Up-to-date: /root/slam/slam/osm/osm-nav/install/osm_nav_interface/share/osm_nav_interface/cmake/rosidl_cmake_export_typesupport_libraries-extras.cmake
-- Up-to-date: /root/slam/slam/osm/osm-nav/install/osm_nav_interface/share/osm_nav_interface/cmake/osm_nav_interfaceConfig.cmake
-- Up-to-date: /root/slam/slam/osm/osm-nav/install/osm_nav_interface/share/osm_nav_interface/cmake/osm_nav_interfaceConfig-version.cmake
-- Up-to-date: /root/slam/slam/osm/osm-nav/install/osm_nav_interface/share/osm_nav_interface/package.xml
