[0.007s] Invoking command in '/root/slam/slam/osm/osm-nav/build/osm_nav': CMAKE_PREFIX_PATH=/root/slam/slam/osm/osm-nav/install/osm_nav_interface:/root/slam/slam/osm/osm-nav/install/osm_nav:/opt/ros/humble CONDA_PROMPT_MODIFIER=(base) /usr/bin/cmake --build /root/slam/slam/osm/osm-nav/build/osm_nav -- -j12 -l12
[0.039s] [35m[1mConsolidate compiler generated dependencies of target osm_navigation[0m
[0.057s] [ 33%] [32mBuilding CXX object CMakeFiles/osm_navigation.dir/osm/osm_parser.cpp.o[0m
[0.058s] [ 66%] [32mBuilding CXX object CMakeFiles/osm_navigation.dir/app/osm_node.cpp.o[0m
[6.437s] [100%] [32m[1mLinking CXX executable osm_navigation[0m
[6.728s] [100%] Built target osm_navigation
[6.733s] Invoked command in '/root/slam/slam/osm/osm-nav/build/osm_nav' returned '0': CMAKE_PREFIX_PATH=/root/slam/slam/osm/osm-nav/install/osm_nav_interface:/root/slam/slam/osm/osm-nav/install/osm_nav:/opt/ros/humble CONDA_PROMPT_MODIFIER=(base) /usr/bin/cmake --build /root/slam/slam/osm/osm-nav/build/osm_nav -- -j12 -l12
[6.751s] Invoking command in '/root/slam/slam/osm/osm-nav/build/osm_nav': CMAKE_PREFIX_PATH=/root/slam/slam/osm/osm-nav/install/osm_nav_interface:/root/slam/slam/osm/osm-nav/install/osm_nav:/opt/ros/humble CONDA_PROMPT_MODIFIER=(base) /usr/bin/cmake --install /root/slam/slam/osm/osm-nav/build/osm_nav
[6.755s] -- Install configuration: ""
[6.755s] -- Installing: /root/slam/slam/osm/osm-nav/install/osm_nav/lib/osm_nav/osm_navigation
[6.757s] -- Set runtime path of "/root/slam/slam/osm/osm-nav/install/osm_nav/lib/osm_nav/osm_navigation" to ""
[6.757s] -- Up-to-date: /root/slam/slam/osm/osm-nav/install/osm_nav/share/osm_nav/launch
[6.757s] -- Up-to-date: /root/slam/slam/osm/osm-nav/install/osm_nav/share/osm_nav/launch/osm_parser.launch.py
[6.757s] -- Up-to-date: /root/slam/slam/osm/osm-nav/install/osm_nav/share/osm_nav/config
[6.757s] -- Up-to-date: /root/slam/slam/osm/osm-nav/install/osm_nav/share/osm_nav/config/osm_parser.yaml
[6.757s] -- Up-to-date: /root/slam/slam/osm/osm-nav/install/osm_nav/share/ament_index/resource_index/package_run_dependencies/osm_nav
[6.757s] -- Up-to-date: /root/slam/slam/osm/osm-nav/install/osm_nav/share/ament_index/resource_index/parent_prefix_path/osm_nav
[6.757s] -- Up-to-date: /root/slam/slam/osm/osm-nav/install/osm_nav/share/osm_nav/environment/ament_prefix_path.sh
[6.757s] -- Up-to-date: /root/slam/slam/osm/osm-nav/install/osm_nav/share/osm_nav/environment/ament_prefix_path.dsv
[6.757s] -- Up-to-date: /root/slam/slam/osm/osm-nav/install/osm_nav/share/osm_nav/environment/path.sh
[6.757s] -- Up-to-date: /root/slam/slam/osm/osm-nav/install/osm_nav/share/osm_nav/environment/path.dsv
[6.757s] -- Up-to-date: /root/slam/slam/osm/osm-nav/install/osm_nav/share/osm_nav/local_setup.bash
[6.757s] -- Up-to-date: /root/slam/slam/osm/osm-nav/install/osm_nav/share/osm_nav/local_setup.sh
[6.757s] -- Up-to-date: /root/slam/slam/osm/osm-nav/install/osm_nav/share/osm_nav/local_setup.zsh
[6.757s] -- Up-to-date: /root/slam/slam/osm/osm-nav/install/osm_nav/share/osm_nav/local_setup.dsv
[6.757s] -- Installing: /root/slam/slam/osm/osm-nav/install/osm_nav/share/osm_nav/package.dsv
[6.758s] -- Up-to-date: /root/slam/slam/osm/osm-nav/install/osm_nav/share/ament_index/resource_index/packages/osm_nav
[6.758s] -- Up-to-date: /root/slam/slam/osm/osm-nav/install/osm_nav/share/osm_nav/cmake/osm_navConfig.cmake
[6.758s] -- Up-to-date: /root/slam/slam/osm/osm-nav/install/osm_nav/share/osm_nav/cmake/osm_navConfig-version.cmake
[6.758s] -- Up-to-date: /root/slam/slam/osm/osm-nav/install/osm_nav/share/osm_nav/package.xml
[6.759s] Invoked command in '/root/slam/slam/osm/osm-nav/build/osm_nav' returned '0': CMAKE_PREFIX_PATH=/root/slam/slam/osm/osm-nav/install/osm_nav_interface:/root/slam/slam/osm/osm-nav/install/osm_nav:/opt/ros/humble CONDA_PROMPT_MODIFIER=(base) /usr/bin/cmake --install /root/slam/slam/osm/osm-nav/build/osm_nav
