[0.201s] DEBUG:colcon:Command line arguments: ['/usr/bin/colcon', 'build']
[0.201s] DEBUG:colcon:Parsed command line arguments: Namespace(log_base=None, log_level=None, verb_name='build', build_base='build', install_base='install', merge_install=False, symlink_install=False, test_result_base=None, continue_on_error=False, executor='parallel', parallel_workers=12, event_handlers=None, ignore_user_meta=False, metas=['./colcon.meta'], base_paths=['.'], packages_ignore=None, packages_ignore_regex=None, paths=None, packages_up_to=None, packages_up_to_regex=None, packages_above=None, packages_above_and_dependencies=None, packages_above_depth=None, packages_select_by_dep=None, packages_skip_by_dep=None, packages_skip_up_to=None, packages_select_build_failed=False, packages_skip_build_finished=False, packages_select_test_failures=False, packages_skip_test_passed=False, packages_select=None, packages_skip=None, packages_select_regex=None, packages_skip_regex=None, packages_start=None, packages_end=None, cmake_args=None, cmake_target=None, cmake_target_skip_unavailable=False, cmake_clean_cache=False, cmake_clean_first=False, cmake_force_configure=False, ament_cmake_args=None, catkin_cmake_args=None, catkin_skip_building_tests=False, mixin_files=None, mixin=None, verb_parser=<colcon_mixin.mixin.mixin_argument.MixinArgumentDecorator object at 0x7fc1160a1f60>, verb_extension=<colcon_core.verb.build.BuildVerb object at 0x7fc11688e8c0>, main=<bound method BuildVerb.main of <colcon_core.verb.build.BuildVerb object at 0x7fc11688e8c0>>, mixin_verb=('build',))
[0.221s] Level 1:colcon.colcon_core.package_discovery:discover_packages(colcon_meta) check parameters
[0.221s] INFO:colcon.colcon_metadata.package_discovery.colcon_meta:Using configuration from '/root/.colcon/metadata/default/Gazebo.meta'
[0.222s] INFO:colcon.colcon_metadata.package_discovery.colcon_meta:Using configuration from '/root/.colcon/metadata/default/fastrtps.meta'
[0.222s] Level 1:colcon.colcon_core.package_discovery:discover_packages(recursive) check parameters
[0.222s] Level 1:colcon.colcon_core.package_discovery:discover_packages(ignore) check parameters
[0.222s] Level 1:colcon.colcon_core.package_discovery:discover_packages(path) check parameters
[0.222s] Level 1:colcon.colcon_core.package_discovery:discover_packages(colcon_meta) discover
[0.222s] Level 1:colcon.colcon_core.package_discovery:discover_packages(recursive) discover
[0.222s] INFO:colcon.colcon_core.package_discovery:Crawling recursively for packages in '/root/slam/slam/osm/osm-nav'
[0.222s] Level 1:colcon.colcon_core.package_identification:_identify(.) by extensions ['ignore', 'ignore_ament_install']
[0.222s] Level 1:colcon.colcon_core.package_identification:_identify(.) by extension 'ignore'
[0.222s] Level 1:colcon.colcon_core.package_identification:_identify(.) by extension 'ignore_ament_install'
[0.222s] Level 1:colcon.colcon_core.package_identification:_identify(.) by extensions ['colcon_pkg']
[0.222s] Level 1:colcon.colcon_core.package_identification:_identify(.) by extension 'colcon_pkg'
[0.222s] Level 1:colcon.colcon_core.package_identification:_identify(.) by extensions ['colcon_meta']
[0.222s] Level 1:colcon.colcon_core.package_identification:_identify(.) by extension 'colcon_meta'
[0.222s] Level 1:colcon.colcon_core.package_identification:_identify(.) by extensions ['ros']
[0.222s] Level 1:colcon.colcon_core.package_identification:_identify(.) by extension 'ros'
[0.230s] Level 1:colcon.colcon_core.package_identification:_identify(.) by extensions ['cmake', 'python']
[0.230s] Level 1:colcon.colcon_core.package_identification:_identify(.) by extension 'cmake'
[0.230s] Level 1:colcon.colcon_core.package_identification:_identify(.) by extension 'python'
[0.230s] Level 1:colcon.colcon_core.package_identification:_identify(.) by extensions ['python_setup_py']
[0.230s] Level 1:colcon.colcon_core.package_identification:_identify(.) by extension 'python_setup_py'
[0.230s] Level 1:colcon.colcon_core.package_identification:_identify(build) by extensions ['ignore', 'ignore_ament_install']
[0.231s] Level 1:colcon.colcon_core.package_identification:_identify(build) by extension 'ignore'
[0.231s] Level 1:colcon.colcon_core.package_identification:_identify(build) ignored
[0.231s] Level 1:colcon.colcon_core.package_identification:_identify(install) by extensions ['ignore', 'ignore_ament_install']
[0.231s] Level 1:colcon.colcon_core.package_identification:_identify(install) by extension 'ignore'
[0.231s] Level 1:colcon.colcon_core.package_identification:_identify(install) ignored
[0.231s] Level 1:colcon.colcon_core.package_identification:_identify(log) by extensions ['ignore', 'ignore_ament_install']
[0.231s] Level 1:colcon.colcon_core.package_identification:_identify(log) by extension 'ignore'
[0.231s] Level 1:colcon.colcon_core.package_identification:_identify(log) ignored
[0.231s] Level 1:colcon.colcon_core.package_identification:_identify(src) by extensions ['ignore', 'ignore_ament_install']
[0.231s] Level 1:colcon.colcon_core.package_identification:_identify(src) by extension 'ignore'
[0.231s] Level 1:colcon.colcon_core.package_identification:_identify(src) by extension 'ignore_ament_install'
[0.231s] Level 1:colcon.colcon_core.package_identification:_identify(src) by extensions ['colcon_pkg']
[0.231s] Level 1:colcon.colcon_core.package_identification:_identify(src) by extension 'colcon_pkg'
[0.231s] Level 1:colcon.colcon_core.package_identification:_identify(src) by extensions ['colcon_meta']
[0.231s] Level 1:colcon.colcon_core.package_identification:_identify(src) by extension 'colcon_meta'
[0.231s] Level 1:colcon.colcon_core.package_identification:_identify(src) by extensions ['ros']
[0.231s] Level 1:colcon.colcon_core.package_identification:_identify(src) by extension 'ros'
[0.231s] Level 1:colcon.colcon_core.package_identification:_identify(src) by extensions ['cmake', 'python']
[0.231s] Level 1:colcon.colcon_core.package_identification:_identify(src) by extension 'cmake'
[0.231s] Level 1:colcon.colcon_core.package_identification:_identify(src) by extension 'python'
[0.231s] Level 1:colcon.colcon_core.package_identification:_identify(src) by extensions ['python_setup_py']
[0.231s] Level 1:colcon.colcon_core.package_identification:_identify(src) by extension 'python_setup_py'
[0.231s] Level 1:colcon.colcon_core.package_identification:_identify(src/osm_nav_interface) by extensions ['ignore', 'ignore_ament_install']
[0.231s] Level 1:colcon.colcon_core.package_identification:_identify(src/osm_nav_interface) by extension 'ignore'
[0.231s] Level 1:colcon.colcon_core.package_identification:_identify(src/osm_nav_interface) by extension 'ignore_ament_install'
[0.231s] Level 1:colcon.colcon_core.package_identification:_identify(src/osm_nav_interface) by extensions ['colcon_pkg']
[0.231s] Level 1:colcon.colcon_core.package_identification:_identify(src/osm_nav_interface) by extension 'colcon_pkg'
[0.232s] Level 1:colcon.colcon_core.package_identification:_identify(src/osm_nav_interface) by extensions ['colcon_meta']
[0.232s] Level 1:colcon.colcon_core.package_identification:_identify(src/osm_nav_interface) by extension 'colcon_meta'
[0.232s] Level 1:colcon.colcon_core.package_identification:_identify(src/osm_nav_interface) by extensions ['ros']
[0.232s] Level 1:colcon.colcon_core.package_identification:_identify(src/osm_nav_interface) by extension 'ros'
[0.234s] DEBUG:colcon.colcon_core.package_identification:Package 'src/osm_nav_interface' with type 'ros.ament_cmake' and name 'osm_nav_interface'
[0.234s] Level 1:colcon.colcon_core.package_identification:_identify(src/osm_navigation) by extensions ['ignore', 'ignore_ament_install']
[0.234s] Level 1:colcon.colcon_core.package_identification:_identify(src/osm_navigation) by extension 'ignore'
[0.234s] Level 1:colcon.colcon_core.package_identification:_identify(src/osm_navigation) by extension 'ignore_ament_install'
[0.234s] Level 1:colcon.colcon_core.package_identification:_identify(src/osm_navigation) by extensions ['colcon_pkg']
[0.234s] Level 1:colcon.colcon_core.package_identification:_identify(src/osm_navigation) by extension 'colcon_pkg'
[0.234s] Level 1:colcon.colcon_core.package_identification:_identify(src/osm_navigation) by extensions ['colcon_meta']
[0.234s] Level 1:colcon.colcon_core.package_identification:_identify(src/osm_navigation) by extension 'colcon_meta'
[0.234s] Level 1:colcon.colcon_core.package_identification:_identify(src/osm_navigation) by extensions ['ros']
[0.234s] Level 1:colcon.colcon_core.package_identification:_identify(src/osm_navigation) by extension 'ros'
[0.234s] DEBUG:colcon.colcon_core.package_identification:Package 'src/osm_navigation' with type 'ros.ament_cmake' and name 'osm_nav'
[0.234s] Level 1:colcon.colcon_core.package_discovery:discover_packages(recursive) using defaults
[0.235s] Level 1:colcon.colcon_core.package_discovery:discover_packages(ignore) discover
[0.235s] Level 1:colcon.colcon_core.package_discovery:discover_packages(ignore) using defaults
[0.235s] Level 1:colcon.colcon_core.package_discovery:discover_packages(path) discover
[0.235s] Level 1:colcon.colcon_core.package_discovery:discover_packages(path) using defaults
[0.250s] Level 5:colcon.colcon_core.verb:set package 'osm_nav_interface' build argument 'cmake_args' from command line to 'None'
[0.250s] Level 5:colcon.colcon_core.verb:set package 'osm_nav_interface' build argument 'cmake_target' from command line to 'None'
[0.250s] Level 5:colcon.colcon_core.verb:set package 'osm_nav_interface' build argument 'cmake_target_skip_unavailable' from command line to 'False'
[0.250s] Level 5:colcon.colcon_core.verb:set package 'osm_nav_interface' build argument 'cmake_clean_cache' from command line to 'False'
[0.250s] Level 5:colcon.colcon_core.verb:set package 'osm_nav_interface' build argument 'cmake_clean_first' from command line to 'False'
[0.250s] Level 5:colcon.colcon_core.verb:set package 'osm_nav_interface' build argument 'cmake_force_configure' from command line to 'False'
[0.250s] Level 5:colcon.colcon_core.verb:set package 'osm_nav_interface' build argument 'ament_cmake_args' from command line to 'None'
[0.250s] Level 5:colcon.colcon_core.verb:set package 'osm_nav_interface' build argument 'catkin_cmake_args' from command line to 'None'
[0.250s] Level 5:colcon.colcon_core.verb:set package 'osm_nav_interface' build argument 'catkin_skip_building_tests' from command line to 'False'
[0.250s] DEBUG:colcon.colcon_core.verb:Building package 'osm_nav_interface' with the following arguments: {'ament_cmake_args': None, 'build_base': '/root/slam/slam/osm/osm-nav/build/osm_nav_interface', 'catkin_cmake_args': None, 'catkin_skip_building_tests': False, 'cmake_args': None, 'cmake_clean_cache': False, 'cmake_clean_first': False, 'cmake_force_configure': False, 'cmake_target': None, 'cmake_target_skip_unavailable': False, 'install_base': '/root/slam/slam/osm/osm-nav/install/osm_nav_interface', 'merge_install': False, 'path': '/root/slam/slam/osm/osm-nav/src/osm_nav_interface', 'symlink_install': False, 'test_result_base': None}
[0.251s] Level 5:colcon.colcon_core.verb:set package 'osm_nav' build argument 'cmake_args' from command line to 'None'
[0.251s] Level 5:colcon.colcon_core.verb:set package 'osm_nav' build argument 'cmake_target' from command line to 'None'
[0.251s] Level 5:colcon.colcon_core.verb:set package 'osm_nav' build argument 'cmake_target_skip_unavailable' from command line to 'False'
[0.251s] Level 5:colcon.colcon_core.verb:set package 'osm_nav' build argument 'cmake_clean_cache' from command line to 'False'
[0.251s] Level 5:colcon.colcon_core.verb:set package 'osm_nav' build argument 'cmake_clean_first' from command line to 'False'
[0.251s] Level 5:colcon.colcon_core.verb:set package 'osm_nav' build argument 'cmake_force_configure' from command line to 'False'
[0.251s] Level 5:colcon.colcon_core.verb:set package 'osm_nav' build argument 'ament_cmake_args' from command line to 'None'
[0.251s] Level 5:colcon.colcon_core.verb:set package 'osm_nav' build argument 'catkin_cmake_args' from command line to 'None'
[0.251s] Level 5:colcon.colcon_core.verb:set package 'osm_nav' build argument 'catkin_skip_building_tests' from command line to 'False'
[0.251s] DEBUG:colcon.colcon_core.verb:Building package 'osm_nav' with the following arguments: {'ament_cmake_args': None, 'build_base': '/root/slam/slam/osm/osm-nav/build/osm_nav', 'catkin_cmake_args': None, 'catkin_skip_building_tests': False, 'cmake_args': None, 'cmake_clean_cache': False, 'cmake_clean_first': False, 'cmake_force_configure': False, 'cmake_target': None, 'cmake_target_skip_unavailable': False, 'install_base': '/root/slam/slam/osm/osm-nav/install/osm_nav', 'merge_install': False, 'path': '/root/slam/slam/osm/osm-nav/src/osm_navigation', 'symlink_install': False, 'test_result_base': None}
[0.251s] INFO:colcon.colcon_core.executor:Executing jobs using 'parallel' executor
[0.253s] DEBUG:colcon.colcon_parallel_executor.executor.parallel:run_until_complete
[0.254s] INFO:colcon.colcon_ros.task.ament_cmake.build:Building ROS package in '/root/slam/slam/osm/osm-nav/src/osm_nav_interface' with build type 'ament_cmake'
[0.254s] INFO:colcon.colcon_cmake.task.cmake.build:Building CMake package in '/root/slam/slam/osm/osm-nav/src/osm_nav_interface'
[0.256s] INFO:colcon.colcon_core.plugin_system:Skipping extension 'colcon_core.shell.bat': Not used on non-Windows systems
[0.256s] INFO:colcon.colcon_core.shell:Skip shell extension 'powershell' for command environment: Not usable outside of PowerShell
[0.256s] DEBUG:colcon.colcon_core.shell:Skip shell extension 'dsv' for command environment
[0.267s] DEBUG:colcon.colcon_core.event_handler.log_command:Invoking command in '/root/slam/slam/osm/osm-nav/build/osm_nav_interface': CMAKE_PREFIX_PATH=${CMAKE_PREFIX_PATH}:/opt/ros/humble CONDA_PROMPT_MODIFIER=(base) /usr/bin/cmake --build /root/slam/slam/osm/osm-nav/build/osm_nav_interface -- -j12 -l12
[0.495s] DEBUG:colcon.colcon_core.event_handler.log_command:Invoked command in '/root/slam/slam/osm/osm-nav/build/osm_nav_interface' returned '0': CMAKE_PREFIX_PATH=${CMAKE_PREFIX_PATH}:/opt/ros/humble CONDA_PROMPT_MODIFIER=(base) /usr/bin/cmake --build /root/slam/slam/osm/osm-nav/build/osm_nav_interface -- -j12 -l12
[0.542s] DEBUG:colcon.colcon_core.event_handler.log_command:Invoking command in '/root/slam/slam/osm/osm-nav/build/osm_nav_interface': CMAKE_PREFIX_PATH=${CMAKE_PREFIX_PATH}:/opt/ros/humble CONDA_PROMPT_MODIFIER=(base) /usr/bin/cmake --install /root/slam/slam/osm/osm-nav/build/osm_nav_interface
[0.577s] Level 1:colcon.colcon_core.environment:create_environment_scripts_only(osm_nav_interface)
[0.577s] DEBUG:colcon.colcon_core.event_handler.log_command:Invoked command in '/root/slam/slam/osm/osm-nav/build/osm_nav_interface' returned '0': CMAKE_PREFIX_PATH=${CMAKE_PREFIX_PATH}:/opt/ros/humble CONDA_PROMPT_MODIFIER=(base) /usr/bin/cmake --install /root/slam/slam/osm/osm-nav/build/osm_nav_interface
[0.580s] Level 1:colcon.colcon_core.environment:checking '/root/slam/slam/osm/osm-nav/install/osm_nav_interface' for CMake module files
[0.580s] Level 1:colcon.colcon_core.environment:checking '/root/slam/slam/osm/osm-nav/install/osm_nav_interface' for CMake config files
[0.581s] Level 1:colcon.colcon_core.shell:create_environment_hook('osm_nav_interface', 'cmake_prefix_path')
[0.582s] INFO:colcon.colcon_core.shell:Creating environment hook '/root/slam/slam/osm/osm-nav/install/osm_nav_interface/share/osm_nav_interface/hook/cmake_prefix_path.ps1'
[0.582s] INFO:colcon.colcon_core.shell:Creating environment descriptor '/root/slam/slam/osm/osm-nav/install/osm_nav_interface/share/osm_nav_interface/hook/cmake_prefix_path.dsv'
[0.583s] INFO:colcon.colcon_core.shell:Creating environment hook '/root/slam/slam/osm/osm-nav/install/osm_nav_interface/share/osm_nav_interface/hook/cmake_prefix_path.sh'
[0.584s] Level 1:colcon.colcon_core.environment:checking '/root/slam/slam/osm/osm-nav/install/osm_nav_interface/lib'
[0.584s] Level 1:colcon.colcon_core.shell:create_environment_hook('osm_nav_interface', 'ld_library_path_lib')
[0.586s] INFO:colcon.colcon_core.shell:Creating environment hook '/root/slam/slam/osm/osm-nav/install/osm_nav_interface/share/osm_nav_interface/hook/ld_library_path_lib.ps1'
[0.586s] INFO:colcon.colcon_core.shell:Creating environment descriptor '/root/slam/slam/osm/osm-nav/install/osm_nav_interface/share/osm_nav_interface/hook/ld_library_path_lib.dsv'
[0.586s] INFO:colcon.colcon_core.shell:Creating environment hook '/root/slam/slam/osm/osm-nav/install/osm_nav_interface/share/osm_nav_interface/hook/ld_library_path_lib.sh'
[0.586s] Level 1:colcon.colcon_core.environment:checking '/root/slam/slam/osm/osm-nav/install/osm_nav_interface/bin'
[0.586s] Level 1:colcon.colcon_core.environment:checking '/root/slam/slam/osm/osm-nav/install/osm_nav_interface/lib/pkgconfig/osm_nav_interface.pc'
[0.588s] Level 1:colcon.colcon_core.environment:checking '/root/slam/slam/osm/osm-nav/install/osm_nav_interface/lib/python3.10/site-packages'
[0.588s] Level 1:colcon.colcon_core.environment:checking '/root/slam/slam/osm/osm-nav/install/osm_nav_interface/bin'
[0.589s] INFO:colcon.colcon_core.shell:Creating package script '/root/slam/slam/osm/osm-nav/install/osm_nav_interface/share/osm_nav_interface/package.ps1'
[0.589s] INFO:colcon.colcon_core.shell:Creating package descriptor '/root/slam/slam/osm/osm-nav/install/osm_nav_interface/share/osm_nav_interface/package.dsv'
[0.589s] INFO:colcon.colcon_core.shell:Creating package script '/root/slam/slam/osm/osm-nav/install/osm_nav_interface/share/osm_nav_interface/package.sh'
[0.590s] INFO:colcon.colcon_core.shell:Creating package script '/root/slam/slam/osm/osm-nav/install/osm_nav_interface/share/osm_nav_interface/package.bash'
[0.590s] INFO:colcon.colcon_core.shell:Creating package script '/root/slam/slam/osm/osm-nav/install/osm_nav_interface/share/osm_nav_interface/package.zsh'
[0.590s] Level 1:colcon.colcon_core.environment:create_file_with_runtime_dependencies(/root/slam/slam/osm/osm-nav/install/osm_nav_interface/share/colcon-core/packages/osm_nav_interface)
[0.622s] Level 1:colcon.colcon_core.environment:create_environment_scripts_only(osm_nav_interface)
[0.623s] Level 1:colcon.colcon_core.environment:checking '/root/slam/slam/osm/osm-nav/install/osm_nav_interface' for CMake module files
[0.623s] Level 1:colcon.colcon_core.environment:checking '/root/slam/slam/osm/osm-nav/install/osm_nav_interface' for CMake config files
[0.623s] Level 1:colcon.colcon_core.shell:create_environment_hook('osm_nav_interface', 'cmake_prefix_path')
[0.624s] INFO:colcon.colcon_core.shell:Creating environment hook '/root/slam/slam/osm/osm-nav/install/osm_nav_interface/share/osm_nav_interface/hook/cmake_prefix_path.ps1'
[0.624s] INFO:colcon.colcon_core.shell:Creating environment descriptor '/root/slam/slam/osm/osm-nav/install/osm_nav_interface/share/osm_nav_interface/hook/cmake_prefix_path.dsv'
[0.624s] INFO:colcon.colcon_core.shell:Creating environment hook '/root/slam/slam/osm/osm-nav/install/osm_nav_interface/share/osm_nav_interface/hook/cmake_prefix_path.sh'
[0.625s] Level 1:colcon.colcon_core.environment:checking '/root/slam/slam/osm/osm-nav/install/osm_nav_interface/lib'
[0.625s] Level 1:colcon.colcon_core.shell:create_environment_hook('osm_nav_interface', 'ld_library_path_lib')
[0.625s] INFO:colcon.colcon_core.shell:Creating environment hook '/root/slam/slam/osm/osm-nav/install/osm_nav_interface/share/osm_nav_interface/hook/ld_library_path_lib.ps1'
[0.625s] INFO:colcon.colcon_core.shell:Creating environment descriptor '/root/slam/slam/osm/osm-nav/install/osm_nav_interface/share/osm_nav_interface/hook/ld_library_path_lib.dsv'
[0.626s] INFO:colcon.colcon_core.shell:Creating environment hook '/root/slam/slam/osm/osm-nav/install/osm_nav_interface/share/osm_nav_interface/hook/ld_library_path_lib.sh'
[0.626s] Level 1:colcon.colcon_core.environment:checking '/root/slam/slam/osm/osm-nav/install/osm_nav_interface/bin'
[0.626s] Level 1:colcon.colcon_core.environment:checking '/root/slam/slam/osm/osm-nav/install/osm_nav_interface/lib/pkgconfig/osm_nav_interface.pc'
[0.626s] Level 1:colcon.colcon_core.environment:checking '/root/slam/slam/osm/osm-nav/install/osm_nav_interface/lib/python3.10/site-packages'
[0.626s] Level 1:colcon.colcon_core.environment:checking '/root/slam/slam/osm/osm-nav/install/osm_nav_interface/bin'
[0.627s] INFO:colcon.colcon_core.shell:Creating package script '/root/slam/slam/osm/osm-nav/install/osm_nav_interface/share/osm_nav_interface/package.ps1'
[0.627s] INFO:colcon.colcon_core.shell:Creating package descriptor '/root/slam/slam/osm/osm-nav/install/osm_nav_interface/share/osm_nav_interface/package.dsv'
[0.627s] INFO:colcon.colcon_core.shell:Creating package script '/root/slam/slam/osm/osm-nav/install/osm_nav_interface/share/osm_nav_interface/package.sh'
[0.628s] INFO:colcon.colcon_core.shell:Creating package script '/root/slam/slam/osm/osm-nav/install/osm_nav_interface/share/osm_nav_interface/package.bash'
[0.628s] INFO:colcon.colcon_core.shell:Creating package script '/root/slam/slam/osm/osm-nav/install/osm_nav_interface/share/osm_nav_interface/package.zsh'
[0.628s] Level 1:colcon.colcon_core.environment:create_file_with_runtime_dependencies(/root/slam/slam/osm/osm-nav/install/osm_nav_interface/share/colcon-core/packages/osm_nav_interface)
[0.628s] INFO:colcon.colcon_ros.task.ament_cmake.build:Building ROS package in '/root/slam/slam/osm/osm-nav/src/osm_navigation' with build type 'ament_cmake'
[0.628s] INFO:colcon.colcon_cmake.task.cmake.build:Building CMake package in '/root/slam/slam/osm/osm-nav/src/osm_navigation'
[0.629s] INFO:colcon.colcon_core.shell:Skip shell extension 'powershell' for command environment: Not usable outside of PowerShell
[0.629s] DEBUG:colcon.colcon_core.shell:Skip shell extension 'dsv' for command environment
[0.636s] DEBUG:colcon.colcon_core.event_handler.log_command:Invoking command in '/root/slam/slam/osm/osm-nav/build/osm_nav': CMAKE_PREFIX_PATH=/root/slam/slam/osm/osm-nav/install/osm_nav_interface:/root/slam/slam/osm/osm-nav/install/osm_nav:/opt/ros/humble CONDA_PROMPT_MODIFIER=(base) /usr/bin/cmake --build /root/slam/slam/osm/osm-nav/build/osm_nav -- -j12 -l12
[0.690s] DEBUG:colcon.colcon_core.event_handler.log_command:Invoked command in '/root/slam/slam/osm/osm-nav/build/osm_nav' returned '0': CMAKE_PREFIX_PATH=/root/slam/slam/osm/osm-nav/install/osm_nav_interface:/root/slam/slam/osm/osm-nav/install/osm_nav:/opt/ros/humble CONDA_PROMPT_MODIFIER=(base) /usr/bin/cmake --build /root/slam/slam/osm/osm-nav/build/osm_nav -- -j12 -l12
[0.706s] DEBUG:colcon.colcon_core.event_handler.log_command:Invoking command in '/root/slam/slam/osm/osm-nav/build/osm_nav': CMAKE_PREFIX_PATH=/root/slam/slam/osm/osm-nav/install/osm_nav_interface:/root/slam/slam/osm/osm-nav/install/osm_nav:/opt/ros/humble CONDA_PROMPT_MODIFIER=(base) /usr/bin/cmake --install /root/slam/slam/osm/osm-nav/build/osm_nav
[0.714s] Level 1:colcon.colcon_core.environment:create_environment_scripts_only(osm_nav)
[0.716s] Level 1:colcon.colcon_core.environment:checking '/root/slam/slam/osm/osm-nav/install/osm_nav' for CMake module files
[0.716s] DEBUG:colcon.colcon_core.event_handler.log_command:Invoked command in '/root/slam/slam/osm/osm-nav/build/osm_nav' returned '0': CMAKE_PREFIX_PATH=/root/slam/slam/osm/osm-nav/install/osm_nav_interface:/root/slam/slam/osm/osm-nav/install/osm_nav:/opt/ros/humble CONDA_PROMPT_MODIFIER=(base) /usr/bin/cmake --install /root/slam/slam/osm/osm-nav/build/osm_nav
[0.716s] Level 1:colcon.colcon_core.environment:checking '/root/slam/slam/osm/osm-nav/install/osm_nav' for CMake config files
[0.716s] Level 1:colcon.colcon_core.shell:create_environment_hook('osm_nav', 'cmake_prefix_path')
[0.717s] INFO:colcon.colcon_core.shell:Creating environment hook '/root/slam/slam/osm/osm-nav/install/osm_nav/share/osm_nav/hook/cmake_prefix_path.ps1'
[0.717s] INFO:colcon.colcon_core.shell:Creating environment descriptor '/root/slam/slam/osm/osm-nav/install/osm_nav/share/osm_nav/hook/cmake_prefix_path.dsv'
[0.717s] INFO:colcon.colcon_core.shell:Creating environment hook '/root/slam/slam/osm/osm-nav/install/osm_nav/share/osm_nav/hook/cmake_prefix_path.sh'
[0.718s] Level 1:colcon.colcon_core.environment:checking '/root/slam/slam/osm/osm-nav/install/osm_nav/lib'
[0.718s] Level 1:colcon.colcon_core.environment:checking '/root/slam/slam/osm/osm-nav/install/osm_nav/bin'
[0.718s] Level 1:colcon.colcon_core.environment:checking '/root/slam/slam/osm/osm-nav/install/osm_nav/lib/pkgconfig/osm_nav.pc'
[0.718s] Level 1:colcon.colcon_core.environment:checking '/root/slam/slam/osm/osm-nav/install/osm_nav/lib/python3.10/site-packages'
[0.718s] Level 1:colcon.colcon_core.environment:checking '/root/slam/slam/osm/osm-nav/install/osm_nav/bin'
[0.719s] INFO:colcon.colcon_core.shell:Creating package script '/root/slam/slam/osm/osm-nav/install/osm_nav/share/osm_nav/package.ps1'
[0.719s] INFO:colcon.colcon_core.shell:Creating package descriptor '/root/slam/slam/osm/osm-nav/install/osm_nav/share/osm_nav/package.dsv'
[0.719s] INFO:colcon.colcon_core.shell:Creating package script '/root/slam/slam/osm/osm-nav/install/osm_nav/share/osm_nav/package.sh'
[0.719s] INFO:colcon.colcon_core.shell:Creating package script '/root/slam/slam/osm/osm-nav/install/osm_nav/share/osm_nav/package.bash'
[0.720s] INFO:colcon.colcon_core.shell:Creating package script '/root/slam/slam/osm/osm-nav/install/osm_nav/share/osm_nav/package.zsh'
[0.720s] Level 1:colcon.colcon_core.environment:create_file_with_runtime_dependencies(/root/slam/slam/osm/osm-nav/install/osm_nav/share/colcon-core/packages/osm_nav)
[0.736s] Level 1:colcon.colcon_core.environment:create_environment_scripts_only(osm_nav)
[0.737s] Level 1:colcon.colcon_core.environment:checking '/root/slam/slam/osm/osm-nav/install/osm_nav' for CMake module files
[0.738s] Level 1:colcon.colcon_core.environment:checking '/root/slam/slam/osm/osm-nav/install/osm_nav' for CMake config files
[0.738s] Level 1:colcon.colcon_core.shell:create_environment_hook('osm_nav', 'cmake_prefix_path')
[0.738s] INFO:colcon.colcon_core.shell:Creating environment hook '/root/slam/slam/osm/osm-nav/install/osm_nav/share/osm_nav/hook/cmake_prefix_path.ps1'
[0.739s] INFO:colcon.colcon_core.shell:Creating environment descriptor '/root/slam/slam/osm/osm-nav/install/osm_nav/share/osm_nav/hook/cmake_prefix_path.dsv'
[0.739s] INFO:colcon.colcon_core.shell:Creating environment hook '/root/slam/slam/osm/osm-nav/install/osm_nav/share/osm_nav/hook/cmake_prefix_path.sh'
[0.739s] Level 1:colcon.colcon_core.environment:checking '/root/slam/slam/osm/osm-nav/install/osm_nav/lib'
[0.739s] Level 1:colcon.colcon_core.environment:checking '/root/slam/slam/osm/osm-nav/install/osm_nav/bin'
[0.739s] Level 1:colcon.colcon_core.environment:checking '/root/slam/slam/osm/osm-nav/install/osm_nav/lib/pkgconfig/osm_nav.pc'
[0.740s] Level 1:colcon.colcon_core.environment:checking '/root/slam/slam/osm/osm-nav/install/osm_nav/lib/python3.10/site-packages'
[0.740s] Level 1:colcon.colcon_core.environment:checking '/root/slam/slam/osm/osm-nav/install/osm_nav/bin'
[0.741s] INFO:colcon.colcon_core.shell:Creating package script '/root/slam/slam/osm/osm-nav/install/osm_nav/share/osm_nav/package.ps1'
[0.741s] INFO:colcon.colcon_core.shell:Creating package descriptor '/root/slam/slam/osm/osm-nav/install/osm_nav/share/osm_nav/package.dsv'
[0.741s] INFO:colcon.colcon_core.shell:Creating package script '/root/slam/slam/osm/osm-nav/install/osm_nav/share/osm_nav/package.sh'
[0.742s] INFO:colcon.colcon_core.shell:Creating package script '/root/slam/slam/osm/osm-nav/install/osm_nav/share/osm_nav/package.bash'
[0.742s] INFO:colcon.colcon_core.shell:Creating package script '/root/slam/slam/osm/osm-nav/install/osm_nav/share/osm_nav/package.zsh'
[0.742s] Level 1:colcon.colcon_core.environment:create_file_with_runtime_dependencies(/root/slam/slam/osm/osm-nav/install/osm_nav/share/colcon-core/packages/osm_nav)
[0.742s] DEBUG:colcon.colcon_parallel_executor.executor.parallel:closing loop
[0.742s] DEBUG:colcon.colcon_parallel_executor.executor.parallel:loop closed
[0.743s] DEBUG:colcon.colcon_parallel_executor.executor.parallel:run_until_complete finished with '0'
[0.743s] DEBUG:colcon.colcon_core.event_reactor:joining thread
[0.747s] INFO:colcon.colcon_core.plugin_system:Skipping extension 'colcon_notification.desktop_notification.notify_send': Could not find 'notify-send'
[0.747s] INFO:colcon.colcon_core.plugin_system:Skipping extension 'colcon_notification.desktop_notification.terminal_notifier': Not used on non-Darwin systems
[0.747s] INFO:colcon.colcon_core.plugin_system:Skipping extension 'colcon_notification.desktop_notification.win32': Not used on non-Windows systems
[0.747s] INFO:colcon.colcon_notification.desktop_notification:Sending desktop notification using 'notify2'
[0.748s] DEBUG:colcon.colcon_notification.desktop_notification.notify2:Failed to initialize notify2: org.freedesktop.DBus.Error.Spawn.ExecFailed: /usr/bin/dbus-launch terminated abnormally without any error message
[0.748s] DEBUG:colcon.colcon_core.event_reactor:joined thread
[0.749s] INFO:colcon.colcon_core.shell:Creating prefix script '/root/slam/slam/osm/osm-nav/install/local_setup.ps1'
[0.750s] INFO:colcon.colcon_core.shell:Creating prefix util module '/root/slam/slam/osm/osm-nav/install/_local_setup_util_ps1.py'
[0.751s] INFO:colcon.colcon_core.shell:Creating prefix chain script '/root/slam/slam/osm/osm-nav/install/setup.ps1'
[0.752s] INFO:colcon.colcon_core.shell:Creating prefix script '/root/slam/slam/osm/osm-nav/install/local_setup.sh'
[0.752s] INFO:colcon.colcon_core.shell:Creating prefix util module '/root/slam/slam/osm/osm-nav/install/_local_setup_util_sh.py'
[0.752s] INFO:colcon.colcon_core.shell:Creating prefix chain script '/root/slam/slam/osm/osm-nav/install/setup.sh'
[0.753s] INFO:colcon.colcon_core.shell:Creating prefix script '/root/slam/slam/osm/osm-nav/install/local_setup.bash'
[0.753s] INFO:colcon.colcon_core.shell:Creating prefix chain script '/root/slam/slam/osm/osm-nav/install/setup.bash'
[0.754s] INFO:colcon.colcon_core.shell:Creating prefix script '/root/slam/slam/osm/osm-nav/install/local_setup.zsh'
[0.754s] INFO:colcon.colcon_core.shell:Creating prefix chain script '/root/slam/slam/osm/osm-nav/install/setup.zsh'
