[0.007s] Invoking command in '/root/slam/slam/osm/osm-nav/build/osm_nav': CMAKE_PREFIX_PATH=/root/slam/slam/osm/osm-nav/install/osm_nav_interface:/root/slam/slam/osm/osm-nav/install/osm_nav:/opt/ros/humble CONDA_PROMPT_MODIFIER=(openalt) /usr/bin/cmake --build /root/slam/slam/osm/osm-nav/build/osm_nav -- -j12 -l12
[0.034s] [35m[1mConsolidate compiler generated dependencies of target osm_navigation[0m
[0.042s] gmake[2]: Warning: File '/root/slam/slam/osm/osm-nav/src/osm_navigation/app/osm_node.cpp' has modification time 8878 s in the future
[0.046s] [ 33%] [32mBuilding CXX object CMakeFiles/osm_navigation.dir/osm/osm_parser.cpp.o[0m
[0.047s] [ 66%] [32mBuilding CXX object CMakeFiles/osm_navigation.dir/app/osm_node.cpp.o[0m
[1.757s] In file included from [01m[K/root/slam/slam/osm/osm-nav/src/osm_navigation/osm/osm_parser.cpp:1[m[K:
[1.757s] [01m[K/root/slam/slam/osm/osm-nav/src/osm_navigation/./include/osm/osm_parser.hpp:[m[K In member function ‘[01m[Kvoid osm_nav::OsmParser::planner_request_cb(osm_nav_interface::srv::Planner_Request_<std::allocator<void> >::SharedPtr, osm_nav_interface::srv::Planner_Response_<std::allocator<void> >::SharedPtr)[m[K’:
[1.757s] [01m[K/root/slam/slam/osm/osm-nav/src/osm_navigation/./include/osm/osm_parser.hpp:338:19:[m[K [01;31m[Kerror: [m[K‘[01m[Kosm_nav::TmpNode_t::TmpNode_t()[m[K’ is private within this context
[1.757s]   338 |         TmpNode_t [01;31m[Kcurrent[m[K;
[1.757s]       |                   [01;31m[K^~~~~~~[m[K
[1.757s] In file included from [01m[K/root/slam/slam/osm/osm-nav/src/osm_navigation/osm/osm_parser.cpp:1[m[K:
[1.757s] [01m[K/root/slam/slam/osm/osm-nav/src/osm_navigation/./include/osm/osm_parser.hpp:62:5:[m[K [01;36m[Knote: [m[Kdeclared private here
[1.757s]    62 |     [01;36m[KTmpNode_t[m[K(){}
[1.757s]       |     [01;36m[K^~~~~~~~~[m[K
[1.760s] In file included from [01m[K/root/slam/slam/osm/osm-nav/src/osm_navigation/osm/osm_parser.cpp:1[m[K:
[1.760s] [01m[K/root/slam/slam/osm/osm-nav/src/osm_navigation/./include/osm/osm_parser.hpp:348:100:[m[K [01;31m[Kerror: [m[K‘[01m[Kosm_nav::TmpNode_t::TmpNode_t(osmium::object_id_type, double)[m[K’ is private within this context
[1.760s]   348 |         observed_nodes.push_back(dist_start1 > dist_start2 ? osm_nav::TmpNode_t(start1, dist_start1[01;31m[K)[m[K : osm_nav::TmpNode_t{start2, dist_start2});
[1.760s]       |                                                                                                    [01;31m[K^[m[K
[1.760s] In file included from [01m[K/root/slam/slam/osm/osm-nav/src/osm_navigation/osm/osm_parser.cpp:1[m[K:
[1.760s] [01m[K/root/slam/slam/osm/osm-nav/src/osm_navigation/./include/osm/osm_parser.hpp:61:5:[m[K [01;36m[Knote: [m[Kdeclared private here
[1.760s]    61 |     [01;36m[KTmpNode_t[m[K(osmium::object_id_type a, double b):id(a), cost(b){}
[1.760s]       |     [01;36m[K^~~~~~~~~[m[K
[1.760s] In file included from [01m[K/root/slam/slam/osm/osm-nav/src/osm_navigation/osm/osm_parser.cpp:1[m[K:
[1.760s] [01m[K/root/slam/slam/osm/osm-nav/src/osm_navigation/./include/osm/osm_parser.hpp:348:142:[m[K [01;31m[Kerror: [m[K‘[01m[Kosm_nav::TmpNode_t::TmpNode_t(osmium::object_id_type, double)[m[K’ is private within this context
[1.760s]   348 |         observed_nodes.push_back(dist_start1 > dist_start2 ? osm_nav::TmpNode_t(start1, dist_start1) : osm_nav::TmpNode_t{start2, dist_start2[01;31m[K}[m[K);
[1.760s]       |                                                                                                                                              [01;31m[K^[m[K
[1.760s] In file included from [01m[K/root/slam/slam/osm/osm-nav/src/osm_navigation/osm/osm_parser.cpp:1[m[K:
[1.760s] [01m[K/root/slam/slam/osm/osm-nav/src/osm_navigation/./include/osm/osm_parser.hpp:61:5:[m[K [01;36m[Knote: [m[Kdeclared private here
[1.760s]    61 |     [01;36m[KTmpNode_t[m[K(osmium::object_id_type a, double b):id(a), cost(b){}
[1.760s]       |     [01;36m[K^~~~~~~~~[m[K
[1.760s] In file included from [01m[K/root/slam/slam/osm/osm-nav/src/osm_navigation/osm/osm_parser.cpp:1[m[K:
[1.760s] [01m[K/root/slam/slam/osm/osm-nav/src/osm_navigation/./include/osm/osm_parser.hpp:[m[K In lambda function:
[1.760s] [01m[K/root/slam/slam/osm/osm-nav/src/osm_navigation/./include/osm/osm_parser.hpp:350:23:[m[K [01;31m[Kerror: [m[K‘[01m[Kosm_nav::TmpNode_t::TmpNode_t()[m[K’ is private within this context
[1.760s]   350 |             TmpNode_t [01;31m[Kret[m[K;
[1.760s]       |                       [01;31m[K^~~[m[K
[1.760s] In file included from [01m[K/root/slam/slam/osm/osm-nav/src/osm_navigation/osm/osm_parser.cpp:1[m[K:
[1.760s] [01m[K/root/slam/slam/osm/osm-nav/src/osm_navigation/./include/osm/osm_parser.hpp:62:5:[m[K [01;36m[Knote: [m[Kdeclared private here
[1.760s]    62 |     [01;36m[KTmpNode_t[m[K(){}
[1.760s]       |     [01;36m[K^~~~~~~~~[m[K
[1.760s] In file included from [01m[K/root/slam/slam/osm/osm-nav/src/osm_navigation/osm/osm_parser.cpp:1[m[K:
[1.761s] [01m[K/root/slam/slam/osm/osm-nav/src/osm_navigation/./include/osm/osm_parser.hpp:353:22:[m[K [01;31m[Kerror: [m[K‘[01m[Kdouble osm_nav::TmpNode_t::cost[m[K’ is private within this context
[1.761s]   353 |                 if(n.[01;31m[Kcost[m[K < min){
[1.761s]       |                      [01;31m[K^~~~[m[K
[1.761s] In file included from [01m[K/root/slam/slam/osm/osm-nav/src/osm_navigation/osm/osm_parser.cpp:1[m[K:
[1.761s] [01m[K/root/slam/slam/osm/osm-nav/src/osm_navigation/./include/osm/osm_parser.hpp:60:12:[m[K [01;36m[Knote: [m[Kdeclared private here
[1.761s]    60 |     double [01;36m[Kcost[m[K;
[1.761s]       |            [01;36m[K^~~~[m[K
[1.761s] In file included from [01m[K/root/slam/slam/osm/osm-nav/src/osm_navigation/osm/osm_parser.cpp:1[m[K:
[1.761s] [01m[K/root/slam/slam/osm/osm-nav/src/osm_navigation/./include/osm/osm_parser.hpp:354:29:[m[K [01;31m[Kerror: [m[K‘[01m[Kdouble osm_nav::TmpNode_t::cost[m[K’ is private within this context
[1.761s]   354 |                     min = n.[01;31m[Kcost[m[K;
[1.761s]       |                             [01;31m[K^~~~[m[K
[1.761s] In file included from [01m[K/root/slam/slam/osm/osm-nav/src/osm_navigation/osm/osm_parser.cpp:1[m[K:
[1.761s] [01m[K/root/slam/slam/osm/osm-nav/src/osm_navigation/./include/osm/osm_parser.hpp:60:12:[m[K [01;36m[Knote: [m[Kdeclared private here
[1.761s]    60 |     double [01;36m[Kcost[m[K;
[1.761s]       |            [01;36m[K^~~~[m[K
[1.766s] In file included from [01m[K/root/slam/slam/osm/osm-nav/src/osm_navigation/osm/osm_parser.cpp:1[m[K:
[1.766s] [01m[K/root/slam/slam/osm/osm-nav/src/osm_navigation/./include/osm/osm_parser.hpp:[m[K In member function ‘[01m[Kvoid osm_nav::OsmParser::planner_request_cb(osm_nav_interface::srv::Planner_Request_<std::allocator<void> >::SharedPtr, osm_nav_interface::srv::Planner_Response_<std::allocator<void> >::SharedPtr)[m[K’:
[1.766s] [01m[K/root/slam/slam/osm/osm-nav/src/osm_navigation/./include/osm/osm_parser.hpp:366:44:[m[K [01;31m[Kerror: [m[K‘[01m[Kosmium::object_id_type osm_nav::TmpNode_t::id[m[K’ is private within this context
[1.766s]   366 |             auto& node = nav_nodes[current.[01;31m[Kid[m[K];
[1.766s]       |                                            [01;31m[K^~[m[K
[1.766s] In file included from [01m[K/root/slam/slam/osm/osm-nav/src/osm_navigation/osm/osm_parser.cpp:1[m[K:
[1.766s] [01m[K/root/slam/slam/osm/osm-nav/src/osm_navigation/./include/osm/osm_parser.hpp:59:28:[m[K [01;36m[Knote: [m[Kdeclared private here
[1.766s]    59 |     osmium::object_id_type [01;36m[Kid[m[K;
[1.766s]       |                            [01;36m[K^~[m[K
[1.766s] In file included from [01m[K/root/slam/slam/osm/osm-nav/src/osm_navigation/osm/osm_parser.cpp:1[m[K:
[1.766s] [01m[K/root/slam/slam/osm/osm-nav/src/osm_navigation/./include/osm/osm_parser.hpp:367:39:[m[K [01;31m[Kerror: [m[K‘[01m[Kdouble osm_nav::TmpNode_t::cost[m[K’ is private within this context
[1.766s]   367 |             double cost_now = current.[01;31m[Kcost[m[K;
[1.766s]       |                                       [01;31m[K^~~~[m[K
[1.766s] In file included from [01m[K/root/slam/slam/osm/osm-nav/src/osm_navigation/osm/osm_parser.cpp:1[m[K:
[1.766s] [01m[K/root/slam/slam/osm/osm-nav/src/osm_navigation/./include/osm/osm_parser.hpp:60:12:[m[K [01;36m[Knote: [m[Kdeclared private here
[1.766s]    60 |     double [01;36m[Kcost[m[K;
[1.766s]       |            [01;36m[K^~~~[m[K
[1.766s] In file included from [01m[K/root/slam/slam/osm/osm-nav/src/osm_navigation/osm/osm_parser.cpp:1[m[K:
[1.766s] [01m[K/root/slam/slam/osm/osm-nav/src/osm_navigation/./include/osm/osm_parser.hpp:373:35:[m[K [01;31m[Kerror: [m[K‘[01m[Kdouble osm_nav::TmpNode_t::cost[m[K’ is private within this context
[1.766s]   373 |                 if (tmp < current.[01;31m[Kcost[m[K){
[1.767s]       |                                   [01;31m[K^~~~[m[K
[1.767s] In file included from [01m[K/root/slam/slam/osm/osm-nav/src/osm_navigation/osm/osm_parser.cpp:1[m[K:
[1.767s] [01m[K/root/slam/slam/osm/osm-nav/src/osm_navigation/./include/osm/osm_parser.hpp:60:12:[m[K [01;36m[Knote: [m[Kdeclared private here
[1.767s]    60 |     double [01;36m[Kcost[m[K;
[1.767s]       |            [01;36m[K^~~~[m[K
[1.767s] In file included from [01m[K/root/slam/slam/osm/osm-nav/src/osm_navigation/osm/osm_parser.cpp:1[m[K:
[1.767s] [01m[K/root/slam/slam/osm/osm-nav/src/osm_navigation/./include/osm/osm_parser.hpp:375:40:[m[K [01;31m[Kerror: [m[K‘[01m[Kosm_nav::TmpNode_t::TmpNode_t(osmium::object_id_type, double)[m[K’ is private within this context
[1.767s]   375 |                     [01;31m[Kpath_node.push_back({n.id, tmp})[m[K;
[1.767s]       |                     [01;31m[K~~~~~~~~~~~~~~~~~~~^~~~~~~~~~~~~[m[K
[1.767s] In file included from [01m[K/root/slam/slam/osm/osm-nav/src/osm_navigation/osm/osm_parser.cpp:1[m[K:
[1.767s] [01m[K/root/slam/slam/osm/osm-nav/src/osm_navigation/./include/osm/osm_parser.hpp:61:5:[m[K [01;36m[Knote: [m[Kdeclared private here
[1.767s]    61 |     [01;36m[KTmpNode_t[m[K(osmium::object_id_type a, double b):id(a), cost(b){}
[1.767s]       |     [01;36m[K^~~~~~~~~[m[K
[1.767s] In file included from [01m[K/root/slam/slam/osm/osm-nav/src/osm_navigation/osm/osm_parser.cpp:1[m[K:
[1.767s] [01m[K/root/slam/slam/osm/osm-nav/src/osm_navigation/./include/osm/osm_parser.hpp:378:69:[m[K [01;31m[Kerror: [m[K‘[01m[Kosm_nav::TmpNode_t::TmpNode_t(osmium::object_id_type, double)[m[K’ is private within this context
[1.767s]   378 |                                         osm_nav::TmpNode_t(n.id, tmp[01;31m[K)[m[K,
[1.767s]       |                                                                     [01;31m[K^[m[K
[1.767s] In file included from [01m[K/root/slam/slam/osm/osm-nav/src/osm_navigation/osm/osm_parser.cpp:1[m[K:
[1.767s] [01m[K/root/slam/slam/osm/osm-nav/src/osm_navigation/./include/osm/osm_parser.hpp:61:5:[m[K [01;36m[Knote: [m[Kdeclared private here
[1.767s]    61 |     [01;36m[KTmpNode_t[m[K(osmium::object_id_type a, double b):id(a), cost(b){}
[1.767s]       |     [01;36m[K^~~~~~~~~[m[K
[1.767s] In file included from [01m[K/root/slam/slam/osm/osm-nav/src/osm_navigation/osm/osm_parser.cpp:1[m[K:
[1.767s] [01m[K/root/slam/slam/osm/osm-nav/src/osm_navigation/./include/osm/osm_parser.hpp:[m[K In lambda function:
[1.767s] [01m[K/root/slam/slam/osm/osm-nav/src/osm_navigation/./include/osm/osm_parser.hpp:380:54:[m[K [01;31m[Kerror: [m[K‘[01m[Kosmium::object_id_type osm_nav::TmpNode_t::id[m[K’ is private within this context
[1.768s]   380 |                                             return a.[01;31m[Kid[m[K == b.id;
[1.768s]       |                                                      [01;31m[K^~[m[K
[1.768s] In file included from [01m[K/root/slam/slam/osm/osm-nav/src/osm_navigation/osm/osm_parser.cpp:1[m[K:
[1.768s] [01m[K/root/slam/slam/osm/osm-nav/src/osm_navigation/./include/osm/osm_parser.hpp:59:28:[m[K [01;36m[Knote: [m[Kdeclared private here
[1.768s]    59 |     osmium::object_id_type [01;36m[Kid[m[K;
[1.768s]       |                            [01;36m[K^~[m[K
[1.768s] In file included from [01m[K/root/slam/slam/osm/osm-nav/src/osm_navigation/osm/osm_parser.cpp:1[m[K:
[1.768s] [01m[K/root/slam/slam/osm/osm-nav/src/osm_navigation/./include/osm/osm_parser.hpp:380:62:[m[K [01;31m[Kerror: [m[K‘[01m[Kosmium::object_id_type osm_nav::TmpNode_t::id[m[K’ is private within this context
[1.768s]   380 |                                             return a.id == b.[01;31m[Kid[m[K;
[1.768s]       |                                                              [01;31m[K^~[m[K
[1.768s] In file included from [01m[K/root/slam/slam/osm/osm-nav/src/osm_navigation/osm/osm_parser.cpp:1[m[K:
[1.768s] [01m[K/root/slam/slam/osm/osm-nav/src/osm_navigation/./include/osm/osm_parser.hpp:59:28:[m[K [01;36m[Knote: [m[Kdeclared private here
[1.768s]    59 |     osmium::object_id_type [01;36m[Kid[m[K;
[1.768s]       |                            [01;36m[K^~[m[K
[1.768s] In file included from [01m[K/root/slam/slam/osm/osm-nav/src/osm_navigation/osm/osm_parser.cpp:1[m[K:
[1.768s] [01m[K/root/slam/slam/osm/osm-nav/src/osm_navigation/./include/osm/osm_parser.hpp:[m[K In member function ‘[01m[Kvoid osm_nav::OsmParser::planner_request_cb(osm_nav_interface::srv::Planner_Request_<std::allocator<void> >::SharedPtr, osm_nav_interface::srv::Planner_Response_<std::allocator<void> >::SharedPtr)[m[K’:
[1.768s] [01m[K/root/slam/slam/osm/osm-nav/src/osm_navigation/./include/osm/osm_parser.hpp:376:40:[m[K [01;31m[Kerror: [m[Kno matching function for call to ‘[01m[Kfind(std::__cxx11::list<osm_nav::TmpNode_t>::iterator, std::__cxx11::list<osm_nav::TmpNode_t>::iterator, osm_nav::TmpNode_t, osm_nav::OsmParser::planner_request_cb(osm_nav_interface::srv::Planner_Request_<std::allocator<void> >::SharedPtr, osm_nav_interface::srv::Planner_Response_<std::allocator<void> >::SharedPtr)::<lambda(const osm_nav::TmpNode_t&, const osm_nav::TmpNode_t&)>)[m[K’
[1.768s]   376 |                     auto it = [01;31m[Kstd::find(observed_nodes.begin(),[m[K
[1.768s]       |                               [01;31m[K~~~~~~~~~^~~~~~~~~~~~~~~~~~~~~~~~[m[K
[1.768s]   377 | [01;31m[K                                        observed_nodes.end(),[m[K
[1.768s]       |                                         [01;31m[K~~~~~~~~~~~~~~~~~~~~~[m[K
[1.768s]   378 | [01;31m[K                                        osm_nav::TmpNode_t(n.id, tmp),[m[K
[1.768s]       |                                         [01;31m[K~~~~~~~~~~~~~~~~~~~~~~~~~~~~~~[m[K
[1.768s]   379 | [01;31m[K                                        [](const osm_nav::TmpNode_t& a, const osm_nav::TmpNode_t& b){[m[K
[1.768s]       |                                         [01;31m[K~~~~~~~~~~~~~~~~~~~~~~~~~~~~~~~~~~~~~~~~~~~~~~~~~~~~~~~~~~~~~[m[K
[1.768s]   380 | [01;31m[K                                            return a.id == b.id;[m[K
[1.768s]       |                                             [01;31m[K~~~~~~~~~~~~~~~~~~~~[m[K
[1.768s]   381 | [01;31m[K                                        })[m[K;
[1.768s]       |                                         [01;31m[K~~[m[K
[1.768s] In file included from [01m[K/usr/include/c++/11/algorithm:62[m[K,
[1.768s]                  from [01m[K/root/slam/slam/osm/osm-nav/src/osm_navigation/third_party/libosmium/include/osmium/osm/location.hpp:36[m[K,
[1.768s]                  from [01m[K/root/slam/slam/osm/osm-nav/src/osm_navigation/third_party/libosmium/include/osmium/osm/node.hpp:38[m[K,
[1.768s]                  from [01m[K/root/slam/slam/osm/osm-nav/src/osm_navigation/./include/osm/osm_parser.hpp:2[m[K,
[1.768s]                  from [01m[K/root/slam/slam/osm/osm-nav/src/osm_navigation/osm/osm_parser.cpp:1[m[K:
[1.768s] [01m[K/usr/include/c++/11/bits/stl_algo.h:3876:5:[m[K [01;36m[Knote: [m[Kcandidate: ‘[01m[Ktemplate<class _IIter, class _Tp> _IIter std::find(_IIter, _IIter, const _Tp&)[m[K’
[1.768s]  3876 |     [01;36m[Kfind[m[K(_InputIterator __first, _InputIterator __last,
[1.768s]       |     [01;36m[K^~~~[m[K
[1.768s] [01m[K/usr/include/c++/11/bits/stl_algo.h:3876:5:[m[K [01;36m[Knote: [m[K  template argument deduction/substitution failed:
[1.768s] In file included from [01m[K/root/slam/slam/osm/osm-nav/src/osm_navigation/osm/osm_parser.cpp:1[m[K:
[1.769s] [01m[K/root/slam/slam/osm/osm-nav/src/osm_navigation/./include/osm/osm_parser.hpp:376:40:[m[K [01;36m[Knote: [m[K  candidate expects 3 arguments, 4 provided
[1.769s]   376 |                     auto it = [01;36m[Kstd::find(observed_nodes.begin(),[m[K
[1.769s]       |                               [01;36m[K~~~~~~~~~^~~~~~~~~~~~~~~~~~~~~~~~[m[K
[1.769s]   377 | [01;36m[K                                        observed_nodes.end(),[m[K
[1.769s]       |                                         [01;36m[K~~~~~~~~~~~~~~~~~~~~~[m[K
[1.769s]   378 | [01;36m[K                                        osm_nav::TmpNode_t(n.id, tmp),[m[K
[1.769s]       |                                         [01;36m[K~~~~~~~~~~~~~~~~~~~~~~~~~~~~~~[m[K
[1.769s]   379 | [01;36m[K                                        [](const osm_nav::TmpNode_t& a, const osm_nav::TmpNode_t& b){[m[K
[1.769s]       |                                         [01;36m[K~~~~~~~~~~~~~~~~~~~~~~~~~~~~~~~~~~~~~~~~~~~~~~~~~~~~~~~~~~~~~[m[K
[1.769s]   380 | [01;36m[K                                            return a.id == b.id;[m[K
[1.769s]       |                                             [01;36m[K~~~~~~~~~~~~~~~~~~~~[m[K
[1.769s]   381 | [01;36m[K                                        })[m[K;
[1.769s]       |                                         [01;36m[K~~[m[K
[1.769s] In file included from [01m[K/usr/include/c++/11/algorithm:74[m[K,
[1.769s]                  from [01m[K/root/slam/slam/osm/osm-nav/src/osm_navigation/third_party/libosmium/include/osmium/osm/location.hpp:36[m[K,
[1.769s]                  from [01m[K/root/slam/slam/osm/osm-nav/src/osm_navigation/third_party/libosmium/include/osmium/osm/node.hpp:38[m[K,
[1.769s]                  from [01m[K/root/slam/slam/osm/osm-nav/src/osm_navigation/./include/osm/osm_parser.hpp:2[m[K,
[1.769s]                  from [01m[K/root/slam/slam/osm/osm-nav/src/osm_navigation/osm/osm_parser.cpp:1[m[K:
[1.769s] [01m[K/usr/include/c++/11/pstl/glue_algorithm_defs.h:60:1:[m[K [01;36m[Knote: [m[Kcandidate: ‘[01m[Ktemplate<class _ExecutionPolicy, class _ForwardIterator, class _Tp> __pstl::__internal::__enable_if_execution_policy<_ExecutionPolicy, _ForwardIterator> std::find(_ExecutionPolicy&&, _ForwardIterator, _ForwardIterator, const _Tp&)[m[K’
[1.769s]    60 | [01;36m[Kfind[m[K(_ExecutionPolicy&& __exec, _ForwardIterator __first, _ForwardIterator __last, const _Tp& __value);
[1.769s]       | [01;36m[K^~~~[m[K
[1.769s] [01m[K/usr/include/c++/11/pstl/glue_algorithm_defs.h:60:1:[m[K [01;36m[Knote: [m[K  template argument deduction/substitution failed:
[1.769s] In file included from [01m[K/root/slam/slam/osm/osm-nav/src/osm_navigation/osm/osm_parser.cpp:1[m[K:
[1.769s] [01m[K/root/slam/slam/osm/osm-nav/src/osm_navigation/./include/osm/osm_parser.hpp:376:40:[m[K [01;36m[Knote: [m[K  deduced conflicting types for parameter ‘[01m[K_ForwardIterator[m[K’ (‘[01m[Kstd::_List_iterator<osm_nav::TmpNode_t>[m[K’ and ‘[01m[Kosm_nav::TmpNode_t[m[K’)
[1.769s]   376 |                     auto it = [01;36m[Kstd::find(observed_nodes.begin(),[m[K
[1.769s]       |                               [01;36m[K~~~~~~~~~^~~~~~~~~~~~~~~~~~~~~~~~[m[K
[1.769s]   377 | [01;36m[K                                        observed_nodes.end(),[m[K
[1.769s]       |                                         [01;36m[K~~~~~~~~~~~~~~~~~~~~~[m[K
[1.769s]   378 | [01;36m[K                                        osm_nav::TmpNode_t(n.id, tmp),[m[K
[1.769s]       |                                         [01;36m[K~~~~~~~~~~~~~~~~~~~~~~~~~~~~~~[m[K
[1.769s]   379 | [01;36m[K                                        [](const osm_nav::TmpNode_t& a, const osm_nav::TmpNode_t& b){[m[K
[1.769s]       |                                         [01;36m[K~~~~~~~~~~~~~~~~~~~~~~~~~~~~~~~~~~~~~~~~~~~~~~~~~~~~~~~~~~~~~[m[K
[1.769s]   380 | [01;36m[K                                            return a.id == b.id;[m[K
[1.769s]       |                                             [01;36m[K~~~~~~~~~~~~~~~~~~~~[m[K
[1.769s]   381 | [01;36m[K                                        })[m[K;
[1.769s]       |                                         [01;36m[K~~[m[K
[1.769s] In file included from [01m[K/usr/include/c++/11/iterator:66[m[K,
[1.769s]                  from [01m[K/root/slam/slam/osm/osm-nav/src/osm_navigation/third_party/libosmium/include/osmium/osm/location.hpp:42[m[K,
[1.770s]                  from [01m[K/root/slam/slam/osm/osm-nav/src/osm_navigation/third_party/libosmium/include/osmium/osm/node.hpp:38[m[K,
[1.770s]                  from [01m[K/root/slam/slam/osm/osm-nav/src/osm_navigation/./include/osm/osm_parser.hpp:2[m[K,
[1.770s]                  from [01m[K/root/slam/slam/osm/osm-nav/src/osm_navigation/osm/osm_parser.cpp:1[m[K:
[1.770s] [01m[K/usr/include/c++/11/bits/streambuf_iterator.h:421:5:[m[K [01;36m[Knote: [m[Kcandidate: ‘[01m[Ktemplate<class _CharT2> typename __gnu_cxx::__enable_if<std::__is_char<_CharT2>::__value, std::istreambuf_iterator<_CharT, std::char_traits<_CharT> > >::__type std::find(std::istreambuf_iterator<_CharT, std::char_traits<_CharT> >, std::istreambuf_iterator<_CharT, std::char_traits<_CharT> >, const _CharT2&)[m[K’
[1.770s]   421 |     [01;36m[Kfind[m[K(istreambuf_iterator<_CharT> __first,
[1.770s]       |     [01;36m[K^~~~[m[K
[1.770s] [01m[K/usr/include/c++/11/bits/streambuf_iterator.h:421:5:[m[K [01;36m[Knote: [m[K  template argument deduction/substitution failed:
[1.770s] In file included from [01m[K/root/slam/slam/osm/osm-nav/src/osm_navigation/osm/osm_parser.cpp:1[m[K:
[1.770s] [01m[K/root/slam/slam/osm/osm-nav/src/osm_navigation/./include/osm/osm_parser.hpp:376:40:[m[K [01;36m[Knote: [m[K  ‘[01m[Kstd::_List_iterator<osm_nav::TmpNode_t>[m[K’ is not derived from ‘[01m[Kstd::istreambuf_iterator<_CharT, std::char_traits<_CharT> >[m[K’
[1.770s]   376 |                     auto it = [01;36m[Kstd::find(observed_nodes.begin(),[m[K
[1.770s]       |                               [01;36m[K~~~~~~~~~^~~~~~~~~~~~~~~~~~~~~~~~[m[K
[1.770s]   377 | [01;36m[K                                        observed_nodes.end(),[m[K
[1.770s]       |                                         [01;36m[K~~~~~~~~~~~~~~~~~~~~~[m[K
[1.770s]   378 | [01;36m[K                                        osm_nav::TmpNode_t(n.id, tmp),[m[K
[1.770s]       |                                         [01;36m[K~~~~~~~~~~~~~~~~~~~~~~~~~~~~~~[m[K
[1.770s]   379 | [01;36m[K                                        [](const osm_nav::TmpNode_t& a, const osm_nav::TmpNode_t& b){[m[K
[1.770s]       |                                         [01;36m[K~~~~~~~~~~~~~~~~~~~~~~~~~~~~~~~~~~~~~~~~~~~~~~~~~~~~~~~~~~~~~[m[K
[1.770s]   380 | [01;36m[K                                            return a.id == b.id;[m[K
[1.770s]       |                                             [01;36m[K~~~~~~~~~~~~~~~~~~~~[m[K
[1.770s]   381 | [01;36m[K                                        })[m[K;
[1.770s]       |                                         [01;36m[K~~[m[K
[1.770s] [01m[K/root/slam/slam/osm/osm-nav/src/osm_navigation/./include/osm/osm_parser.hpp:386:45:[m[K [01;31m[Kerror: [m[K‘[01m[Kosm_nav::TmpNode_t::TmpNode_t(osmium::object_id_type, double)[m[K’ is private within this context
[1.770s]   386 |                     [01;31m[Kobserved_nodes.push_back({n.id, tmp})[m[K;
[1.770s]       |                     [01;31m[K~~~~~~~~~~~~~~~~~~~~~~~~^~~~~~~~~~~~~[m[K
[1.770s] In file included from [01m[K/root/slam/slam/osm/osm-nav/src/osm_navigation/osm/osm_parser.cpp:1[m[K:
[1.770s] [01m[K/root/slam/slam/osm/osm-nav/src/osm_navigation/./include/osm/osm_parser.hpp:61:5:[m[K [01;36m[Knote: [m[Kdeclared private here
[1.770s]    61 |     [01;36m[KTmpNode_t[m[K(osmium::object_id_type a, double b):id(a), cost(b){}
[1.770s]       |     [01;36m[K^~~~~~~~~[m[K
[1.770s] In file included from [01m[K/root/slam/slam/osm/osm-nav/src/osm_navigation/osm/osm_parser.cpp:1[m[K:
[1.770s] [01m[K/root/slam/slam/osm/osm-nav/src/osm_navigation/./include/osm/osm_parser.hpp:389:25:[m[K [01;31m[Kerror: [m[K‘[01m[Kosmium::object_id_type osm_nav::TmpNode_t::id[m[K’ is private within this context
[1.770s]   389 |             if (current.[01;31m[Kid[m[K == end1)break;
[1.770s]       |                         [01;31m[K^~[m[K
[1.770s] In file included from [01m[K/root/slam/slam/osm/osm-nav/src/osm_navigation/osm/osm_parser.cpp:1[m[K:
[1.770s] [01m[K/root/slam/slam/osm/osm-nav/src/osm_navigation/./include/osm/osm_parser.hpp:59:28:[m[K [01;36m[Knote: [m[Kdeclared private here
[1.770s]    59 |     osmium::object_id_type [01;36m[Kid[m[K;
[1.770s]       |                            [01;36m[K^~[m[K
[1.770s] In file included from [01m[K/root/slam/slam/osm/osm-nav/src/osm_navigation/app/osm_node.cpp:13[m[K:
[1.770s] [01m[K/root/slam/slam/osm/osm-nav/src/osm_navigation/./include/osm/osm_parser.hpp:[m[K In member function ‘[01m[Kvoid osm_nav::OsmParser::planner_request_cb(osm_nav_interface::srv::Planner_Request_<std::allocator<void> >::SharedPtr, osm_nav_interface::srv::Planner_Response_<std::allocator<void> >::SharedPtr)[m[K’:
[1.770s] [01m[K/root/slam/slam/osm/osm-nav/src/osm_navigation/./include/osm/osm_parser.hpp:338:19:[m[K [01;31m[Kerror: [m[K‘[01m[Kosm_nav::TmpNode_t::TmpNode_t()[m[K’ is private within this context
[1.771s]   338 |         TmpNode_t [01;31m[Kcurrent[m[K;
[1.771s]       |                   [01;31m[K^~~~~~~[m[K
[1.771s] In file included from [01m[K/root/slam/slam/osm/osm-nav/src/osm_navigation/app/osm_node.cpp:13[m[K:
[1.771s] [01m[K/root/slam/slam/osm/osm-nav/src/osm_navigation/./include/osm/osm_parser.hpp:62:5:[m[K [01;36m[Knote: [m[Kdeclared private here
[1.771s]    62 |     [01;36m[KTmpNode_t[m[K(){}
[1.771s]       |     [01;36m[K^~~~~~~~~[m[K
[1.771s] In file included from [01m[K/root/slam/slam/osm/osm-nav/src/osm_navigation/app/osm_node.cpp:13[m[K:
[1.771s] [01m[K/root/slam/slam/osm/osm-nav/src/osm_navigation/./include/osm/osm_parser.hpp:348:100:[m[K [01;31m[Kerror: [m[K‘[01m[Kosm_nav::TmpNode_t::TmpNode_t(osmium::object_id_type, double)[m[K’ is private within this context
[1.771s]   348 |         observed_nodes.push_back(dist_start1 > dist_start2 ? osm_nav::TmpNode_t(start1, dist_start1[01;31m[K)[m[K : osm_nav::TmpNode_t{start2, dist_start2});
[1.771s]       |                                                                                                    [01;31m[K^[m[K
[1.772s] In file included from [01m[K/root/slam/slam/osm/osm-nav/src/osm_navigation/app/osm_node.cpp:13[m[K:
[1.772s] [01m[K/root/slam/slam/osm/osm-nav/src/osm_navigation/./include/osm/osm_parser.hpp:61:5:[m[K [01;36m[Knote: [m[Kdeclared private here
[1.772s]    61 |     [01;36m[KTmpNode_t[m[K(osmium::object_id_type a, double b):id(a), cost(b){}
[1.772s]       |     [01;36m[K^~~~~~~~~[m[K
[1.772s] In file included from [01m[K/root/slam/slam/osm/osm-nav/src/osm_navigation/app/osm_node.cpp:13[m[K:
[1.772s] [01m[K/root/slam/slam/osm/osm-nav/src/osm_navigation/./include/osm/osm_parser.hpp:348:142:[m[K [01;31m[Kerror: [m[K‘[01m[Kosm_nav::TmpNode_t::TmpNode_t(osmium::object_id_type, double)[m[K’ is private within this context
[1.772s]   348 |         observed_nodes.push_back(dist_start1 > dist_start2 ? osm_nav::TmpNode_t(start1, dist_start1) : osm_nav::TmpNode_t{start2, dist_start2[01;31m[K}[m[K);
[1.772s]       |                                                                                                                                              [01;31m[K^[m[K
[1.772s] In file included from [01m[K/root/slam/slam/osm/osm-nav/src/osm_navigation/app/osm_node.cpp:13[m[K:
[1.772s] [01m[K/root/slam/slam/osm/osm-nav/src/osm_navigation/./include/osm/osm_parser.hpp:61:5:[m[K [01;36m[Knote: [m[Kdeclared private here
[1.772s]    61 |     [01;36m[KTmpNode_t[m[K(osmium::object_id_type a, double b):id(a), cost(b){}
[1.772s]       |     [01;36m[K^~~~~~~~~[m[K
[1.772s] In file included from [01m[K/root/slam/slam/osm/osm-nav/src/osm_navigation/app/osm_node.cpp:13[m[K:
[1.772s] [01m[K/root/slam/slam/osm/osm-nav/src/osm_navigation/./include/osm/osm_parser.hpp:[m[K In lambda function:
[1.772s] [01m[K/root/slam/slam/osm/osm-nav/src/osm_navigation/./include/osm/osm_parser.hpp:350:23:[m[K [01;31m[Kerror: [m[K‘[01m[Kosm_nav::TmpNode_t::TmpNode_t()[m[K’ is private within this context
[1.772s]   350 |             TmpNode_t [01;31m[Kret[m[K;
[1.772s]       |                       [01;31m[K^~~[m[K
[1.772s] In file included from [01m[K/root/slam/slam/osm/osm-nav/src/osm_navigation/app/osm_node.cpp:13[m[K:
[1.772s] [01m[K/root/slam/slam/osm/osm-nav/src/osm_navigation/./include/osm/osm_parser.hpp:62:5:[m[K [01;36m[Knote: [m[Kdeclared private here
[1.772s]    62 |     [01;36m[KTmpNode_t[m[K(){}
[1.772s]       |     [01;36m[K^~~~~~~~~[m[K
[1.772s] In file included from [01m[K/root/slam/slam/osm/osm-nav/src/osm_navigation/app/osm_node.cpp:13[m[K:
[1.772s] [01m[K/root/slam/slam/osm/osm-nav/src/osm_navigation/./include/osm/osm_parser.hpp:353:22:[m[K [01;31m[Kerror: [m[K‘[01m[Kdouble osm_nav::TmpNode_t::cost[m[K’ is private within this context
[1.772s]   353 |                 if(n.[01;31m[Kcost[m[K < min){
[1.772s]       |                      [01;31m[K^~~~[m[K
[1.772s] In file included from [01m[K/root/slam/slam/osm/osm-nav/src/osm_navigation/app/osm_node.cpp:13[m[K:
[1.772s] [01m[K/root/slam/slam/osm/osm-nav/src/osm_navigation/./include/osm/osm_parser.hpp:60:12:[m[K [01;36m[Knote: [m[Kdeclared private here
[1.772s]    60 |     double [01;36m[Kcost[m[K;
[1.772s]       |            [01;36m[K^~~~[m[K
[1.772s] In file included from [01m[K/root/slam/slam/osm/osm-nav/src/osm_navigation/app/osm_node.cpp:13[m[K:
[1.772s] [01m[K/root/slam/slam/osm/osm-nav/src/osm_navigation/./include/osm/osm_parser.hpp:354:29:[m[K [01;31m[Kerror: [m[K‘[01m[Kdouble osm_nav::TmpNode_t::cost[m[K’ is private within this context
[1.773s]   354 |                     min = n.[01;31m[Kcost[m[K;
[1.773s]       |                             [01;31m[K^~~~[m[K
[1.773s] In file included from [01m[K/root/slam/slam/osm/osm-nav/src/osm_navigation/app/osm_node.cpp:13[m[K:
[1.773s] [01m[K/root/slam/slam/osm/osm-nav/src/osm_navigation/./include/osm/osm_parser.hpp:60:12:[m[K [01;36m[Knote: [m[Kdeclared private here
[1.773s]    60 |     double [01;36m[Kcost[m[K;
[1.773s]       |            [01;36m[K^~~~[m[K
[1.777s] In file included from [01m[K/root/slam/slam/osm/osm-nav/src/osm_navigation/app/osm_node.cpp:13[m[K:
[1.777s] [01m[K/root/slam/slam/osm/osm-nav/src/osm_navigation/./include/osm/osm_parser.hpp:[m[K In member function ‘[01m[Kvoid osm_nav::OsmParser::planner_request_cb(osm_nav_interface::srv::Planner_Request_<std::allocator<void> >::SharedPtr, osm_nav_interface::srv::Planner_Response_<std::allocator<void> >::SharedPtr)[m[K’:
[1.777s] [01m[K/root/slam/slam/osm/osm-nav/src/osm_navigation/./include/osm/osm_parser.hpp:366:44:[m[K [01;31m[Kerror: [m[K‘[01m[Kosmium::object_id_type osm_nav::TmpNode_t::id[m[K’ is private within this context
[1.777s]   366 |             auto& node = nav_nodes[current.[01;31m[Kid[m[K];
[1.777s]       |                                            [01;31m[K^~[m[K
[1.777s] In file included from [01m[K/root/slam/slam/osm/osm-nav/src/osm_navigation/app/osm_node.cpp:13[m[K:
[1.777s] [01m[K/root/slam/slam/osm/osm-nav/src/osm_navigation/./include/osm/osm_parser.hpp:59:28:[m[K [01;36m[Knote: [m[Kdeclared private here
[1.777s]    59 |     osmium::object_id_type [01;36m[Kid[m[K;
[1.777s]       |                            [01;36m[K^~[m[K
[1.777s] In file included from [01m[K/root/slam/slam/osm/osm-nav/src/osm_navigation/app/osm_node.cpp:13[m[K:
[1.777s] [01m[K/root/slam/slam/osm/osm-nav/src/osm_navigation/./include/osm/osm_parser.hpp:367:39:[m[K [01;31m[Kerror: [m[K‘[01m[Kdouble osm_nav::TmpNode_t::cost[m[K’ is private within this context
[1.777s]   367 |             double cost_now = current.[01;31m[Kcost[m[K;
[1.777s]       |                                       [01;31m[K^~~~[m[K
[1.777s] In file included from [01m[K/root/slam/slam/osm/osm-nav/src/osm_navigation/app/osm_node.cpp:13[m[K:
[1.777s] [01m[K/root/slam/slam/osm/osm-nav/src/osm_navigation/./include/osm/osm_parser.hpp:60:12:[m[K [01;36m[Knote: [m[Kdeclared private here
[1.777s]    60 |     double [01;36m[Kcost[m[K;
[1.777s]       |            [01;36m[K^~~~[m[K
[1.778s] In file included from [01m[K/root/slam/slam/osm/osm-nav/src/osm_navigation/app/osm_node.cpp:13[m[K:
[1.778s] [01m[K/root/slam/slam/osm/osm-nav/src/osm_navigation/./include/osm/osm_parser.hpp:373:35:[m[K [01;31m[Kerror: [m[K‘[01m[Kdouble osm_nav::TmpNode_t::cost[m[K’ is private within this context
[1.778s]   373 |                 if (tmp < current.[01;31m[Kcost[m[K){
[1.778s]       |                                   [01;31m[K^~~~[m[K
[1.778s] In file included from [01m[K/root/slam/slam/osm/osm-nav/src/osm_navigation/app/osm_node.cpp:13[m[K:
[1.778s] [01m[K/root/slam/slam/osm/osm-nav/src/osm_navigation/./include/osm/osm_parser.hpp:60:12:[m[K [01;36m[Knote: [m[Kdeclared private here
[1.778s]    60 |     double [01;36m[Kcost[m[K;
[1.778s]       |            [01;36m[K^~~~[m[K
[1.778s] In file included from [01m[K/root/slam/slam/osm/osm-nav/src/osm_navigation/app/osm_node.cpp:13[m[K:
[1.778s] [01m[K/root/slam/slam/osm/osm-nav/src/osm_navigation/./include/osm/osm_parser.hpp:375:40:[m[K [01;31m[Kerror: [m[K‘[01m[Kosm_nav::TmpNode_t::TmpNode_t(osmium::object_id_type, double)[m[K’ is private within this context
[1.778s]   375 |                     [01;31m[Kpath_node.push_back({n.id, tmp})[m[K;
[1.778s]       |                     [01;31m[K~~~~~~~~~~~~~~~~~~~^~~~~~~~~~~~~[m[K
[1.778s] In file included from [01m[K/root/slam/slam/osm/osm-nav/src/osm_navigation/app/osm_node.cpp:13[m[K:
[1.778s] [01m[K/root/slam/slam/osm/osm-nav/src/osm_navigation/./include/osm/osm_parser.hpp:61:5:[m[K [01;36m[Knote: [m[Kdeclared private here
[1.778s]    61 |     [01;36m[KTmpNode_t[m[K(osmium::object_id_type a, double b):id(a), cost(b){}
[1.778s]       |     [01;36m[K^~~~~~~~~[m[K
[1.778s] In file included from [01m[K/root/slam/slam/osm/osm-nav/src/osm_navigation/app/osm_node.cpp:13[m[K:
[1.778s] [01m[K/root/slam/slam/osm/osm-nav/src/osm_navigation/./include/osm/osm_parser.hpp:378:69:[m[K [01;31m[Kerror: [m[K‘[01m[Kosm_nav::TmpNode_t::TmpNode_t(osmium::object_id_type, double)[m[K’ is private within this context
[1.778s]   378 |                                         osm_nav::TmpNode_t(n.id, tmp[01;31m[K)[m[K,
[1.778s]       |                                                                     [01;31m[K^[m[K
[1.778s] In file included from [01m[K/root/slam/slam/osm/osm-nav/src/osm_navigation/app/osm_node.cpp:13[m[K:
[1.778s] [01m[K/root/slam/slam/osm/osm-nav/src/osm_navigation/./include/osm/osm_parser.hpp:61:5:[m[K [01;36m[Knote: [m[Kdeclared private here
[1.778s]    61 |     [01;36m[KTmpNode_t[m[K(osmium::object_id_type a, double b):id(a), cost(b){}
[1.778s]       |     [01;36m[K^~~~~~~~~[m[K
[1.778s] In file included from [01m[K/root/slam/slam/osm/osm-nav/src/osm_navigation/app/osm_node.cpp:13[m[K:
[1.778s] [01m[K/root/slam/slam/osm/osm-nav/src/osm_navigation/./include/osm/osm_parser.hpp:[m[K In lambda function:
[1.778s] [01m[K/root/slam/slam/osm/osm-nav/src/osm_navigation/./include/osm/osm_parser.hpp:380:54:[m[K [01;31m[Kerror: [m[K‘[01m[Kosmium::object_id_type osm_nav::TmpNode_t::id[m[K’ is private within this context
[1.778s]   380 |                                             return a.[01;31m[Kid[m[K == b.id;
[1.778s]       |                                                      [01;31m[K^~[m[K
[1.779s] In file included from [01m[K/root/slam/slam/osm/osm-nav/src/osm_navigation/app/osm_node.cpp:13[m[K:
[1.779s] [01m[K/root/slam/slam/osm/osm-nav/src/osm_navigation/./include/osm/osm_parser.hpp:59:28:[m[K [01;36m[Knote: [m[Kdeclared private here
[1.779s]    59 |     osmium::object_id_type [01;36m[Kid[m[K;
[1.779s]       |                            [01;36m[K^~[m[K
[1.779s] In file included from [01m[K/root/slam/slam/osm/osm-nav/src/osm_navigation/app/osm_node.cpp:13[m[K:
[1.779s] [01m[K/root/slam/slam/osm/osm-nav/src/osm_navigation/./include/osm/osm_parser.hpp:380:62:[m[K [01;31m[Kerror: [m[K‘[01m[Kosmium::object_id_type osm_nav::TmpNode_t::id[m[K’ is private within this context
[1.779s]   380 |                                             return a.id == b.[01;31m[Kid[m[K;
[1.779s]       |                                                              [01;31m[K^~[m[K
[1.779s] In file included from [01m[K/root/slam/slam/osm/osm-nav/src/osm_navigation/app/osm_node.cpp:13[m[K:
[1.779s] [01m[K/root/slam/slam/osm/osm-nav/src/osm_navigation/./include/osm/osm_parser.hpp:59:28:[m[K [01;36m[Knote: [m[Kdeclared private here
[1.779s]    59 |     osmium::object_id_type [01;36m[Kid[m[K;
[1.779s]       |                            [01;36m[K^~[m[K
[1.779s] In file included from [01m[K/root/slam/slam/osm/osm-nav/src/osm_navigation/app/osm_node.cpp:13[m[K:
[1.779s] [01m[K/root/slam/slam/osm/osm-nav/src/osm_navigation/./include/osm/osm_parser.hpp:[m[K In member function ‘[01m[Kvoid osm_nav::OsmParser::planner_request_cb(osm_nav_interface::srv::Planner_Request_<std::allocator<void> >::SharedPtr, osm_nav_interface::srv::Planner_Response_<std::allocator<void> >::SharedPtr)[m[K’:
[1.779s] [01m[K/root/slam/slam/osm/osm-nav/src/osm_navigation/./include/osm/osm_parser.hpp:376:40:[m[K [01;31m[Kerror: [m[Kno matching function for call to ‘[01m[Kfind(std::__cxx11::list<osm_nav::TmpNode_t>::iterator, std::__cxx11::list<osm_nav::TmpNode_t>::iterator, osm_nav::TmpNode_t, osm_nav::OsmParser::planner_request_cb(osm_nav_interface::srv::Planner_Request_<std::allocator<void> >::SharedPtr, osm_nav_interface::srv::Planner_Response_<std::allocator<void> >::SharedPtr)::<lambda(const osm_nav::TmpNode_t&, const osm_nav::TmpNode_t&)>)[m[K’
[1.779s]   376 |                     auto it = [01;31m[Kstd::find(observed_nodes.begin(),[m[K
[1.779s]       |                               [01;31m[K~~~~~~~~~^~~~~~~~~~~~~~~~~~~~~~~~[m[K
[1.779s]   377 | [01;31m[K                                        observed_nodes.end(),[m[K
[1.779s]       |                                         [01;31m[K~~~~~~~~~~~~~~~~~~~~~[m[K
[1.779s]   378 | [01;31m[K                                        osm_nav::TmpNode_t(n.id, tmp),[m[K
[1.779s]       |                                         [01;31m[K~~~~~~~~~~~~~~~~~~~~~~~~~~~~~~[m[K
[1.779s]   379 | [01;31m[K                                        [](const osm_nav::TmpNode_t& a, const osm_nav::TmpNode_t& b){[m[K
[1.779s]       |                                         [01;31m[K~~~~~~~~~~~~~~~~~~~~~~~~~~~~~~~~~~~~~~~~~~~~~~~~~~~~~~~~~~~~~[m[K
[1.779s]   380 | [01;31m[K                                            return a.id == b.id;[m[K
[1.779s]       |                                             [01;31m[K~~~~~~~~~~~~~~~~~~~~[m[K
[1.779s]   381 | [01;31m[K                                        })[m[K;
[1.779s]       |                                         [01;31m[K~~[m[K
[1.779s] In file included from [01m[K/usr/include/c++/11/bits/locale_facets.h:48[m[K,
[1.779s]                  from [01m[K/usr/include/c++/11/bits/basic_ios.h:37[m[K,
[1.779s]                  from [01m[K/usr/include/c++/11/ios:44[m[K,
[1.779s]                  from [01m[K/usr/include/c++/11/ostream:38[m[K,
[1.779s]                  from [01m[K/usr/include/c++/11/iostream:39[m[K,
[1.779s]                  from [01m[K/root/slam/slam/osm/osm-nav/src/osm_navigation/app/osm_node.cpp:1[m[K:
[1.779s] [01m[K/usr/include/c++/11/bits/streambuf_iterator.h:421:5:[m[K [01;36m[Knote: [m[Kcandidate: ‘[01m[Ktemplate<class _CharT2> typename __gnu_cxx::__enable_if<std::__is_char<_CharT2>::__value, std::istreambuf_iterator<_CharT, std::char_traits<_CharT> > >::__type std::find(std::istreambuf_iterator<_CharT, std::char_traits<_CharT> >, std::istreambuf_iterator<_CharT, std::char_traits<_CharT> >, const _CharT2&)[m[K’
[1.779s]   421 |     [01;36m[Kfind[m[K(istreambuf_iterator<_CharT> __first,
[1.779s]       |     [01;36m[K^~~~[m[K
[1.779s] [01m[K/usr/include/c++/11/bits/streambuf_iterator.h:421:5:[m[K [01;36m[Knote: [m[K  template argument deduction/substitution failed:
[1.779s] In file included from [01m[K/root/slam/slam/osm/osm-nav/src/osm_navigation/app/osm_node.cpp:13[m[K:
[1.779s] [01m[K/root/slam/slam/osm/osm-nav/src/osm_navigation/./include/osm/osm_parser.hpp:376:40:[m[K [01;36m[Knote: [m[K  ‘[01m[Kstd::_List_iterator<osm_nav::TmpNode_t>[m[K’ is not derived from ‘[01m[Kstd::istreambuf_iterator<_CharT, std::char_traits<_CharT> >[m[K’
[1.779s]   376 |                     auto it = [01;36m[Kstd::find(observed_nodes.begin(),[m[K
[1.779s]       |                               [01;36m[K~~~~~~~~~^~~~~~~~~~~~~~~~~~~~~~~~[m[K
[1.780s]   377 | [01;36m[K                                        observed_nodes.end(),[m[K
[1.780s]       |                                         [01;36m[K~~~~~~~~~~~~~~~~~~~~~[m[K
[1.780s]   378 | [01;36m[K                                        osm_nav::TmpNode_t(n.id, tmp),[m[K
[1.780s]       |                                         [01;36m[K~~~~~~~~~~~~~~~~~~~~~~~~~~~~~~[m[K
[1.780s]   379 | [01;36m[K                                        [](const osm_nav::TmpNode_t& a, const osm_nav::TmpNode_t& b){[m[K
[1.780s]       |                                         [01;36m[K~~~~~~~~~~~~~~~~~~~~~~~~~~~~~~~~~~~~~~~~~~~~~~~~~~~~~~~~~~~~~[m[K
[1.780s]   380 | [01;36m[K                                            return a.id == b.id;[m[K
[1.780s]       |                                             [01;36m[K~~~~~~~~~~~~~~~~~~~~[m[K
[1.780s]   381 | [01;36m[K                                        })[m[K;
[1.780s]       |                                         [01;36m[K~~[m[K
[1.780s] In file included from [01m[K/usr/include/c++/11/algorithm:62[m[K,
[1.780s]                  from [01m[K/root/slam/slam/osm/osm-nav/src/osm_navigation/third_party/libosmium/include/osmium/osm/location.hpp:36[m[K,
[1.780s]                  from [01m[K/root/slam/slam/osm/osm-nav/src/osm_navigation/third_party/libosmium/include/osmium/osm/node.hpp:38[m[K,
[1.780s]                  from [01m[K/root/slam/slam/osm/osm-nav/src/osm_navigation/app/osm_node.cpp:2[m[K:
[1.780s] [01m[K/usr/include/c++/11/bits/stl_algo.h:3876:5:[m[K [01;36m[Knote: [m[Kcandidate: ‘[01m[Ktemplate<class _IIter, class _Tp> _IIter std::find(_IIter, _IIter, const _Tp&)[m[K’
[1.780s]  3876 |     [01;36m[Kfind[m[K(_InputIterator __first, _InputIterator __last,
[1.780s]       |     [01;36m[K^~~~[m[K
[1.780s] [01m[K/usr/include/c++/11/bits/stl_algo.h:3876:5:[m[K [01;36m[Knote: [m[K  template argument deduction/substitution failed:
[1.780s] In file included from [01m[K/root/slam/slam/osm/osm-nav/src/osm_navigation/app/osm_node.cpp:13[m[K:
[1.780s] [01m[K/root/slam/slam/osm/osm-nav/src/osm_navigation/./include/osm/osm_parser.hpp:376:40:[m[K [01;36m[Knote: [m[K  candidate expects 3 arguments, 4 provided
[1.780s]   376 |                     auto it = [01;36m[Kstd::find(observed_nodes.begin(),[m[K
[1.780s]       |                               [01;36m[K~~~~~~~~~^~~~~~~~~~~~~~~~~~~~~~~~[m[K
[1.780s]   377 | [01;36m[K                                        observed_nodes.end(),[m[K
[1.780s]       |                                         [01;36m[K~~~~~~~~~~~~~~~~~~~~~[m[K
[1.780s]   378 | [01;36m[K                                        osm_nav::TmpNode_t(n.id, tmp),[m[K
[1.780s]       |                                         [01;36m[K~~~~~~~~~~~~~~~~~~~~~~~~~~~~~~[m[K
[1.780s]   379 | [01;36m[K                                        [](const osm_nav::TmpNode_t& a, const osm_nav::TmpNode_t& b){[m[K
[1.780s]       |                                         [01;36m[K~~~~~~~~~~~~~~~~~~~~~~~~~~~~~~~~~~~~~~~~~~~~~~~~~~~~~~~~~~~~~[m[K
[1.780s]   380 | [01;36m[K                                            return a.id == b.id;[m[K
[1.780s]       |                                             [01;36m[K~~~~~~~~~~~~~~~~~~~~[m[K
[1.780s]   381 | [01;36m[K                                        })[m[K;
[1.780s]       |                                         [01;36m[K~~[m[K
[1.780s] In file included from [01m[K/usr/include/c++/11/algorithm:74[m[K,
[1.780s]                  from [01m[K/root/slam/slam/osm/osm-nav/src/osm_navigation/third_party/libosmium/include/osmium/osm/location.hpp:36[m[K,
[1.780s]                  from [01m[K/root/slam/slam/osm/osm-nav/src/osm_navigation/third_party/libosmium/include/osmium/osm/node.hpp:38[m[K,
[1.780s]                  from [01m[K/root/slam/slam/osm/osm-nav/src/osm_navigation/app/osm_node.cpp:2[m[K:
[1.780s] [01m[K/usr/include/c++/11/pstl/glue_algorithm_defs.h:60:1:[m[K [01;36m[Knote: [m[Kcandidate: ‘[01m[Ktemplate<class _ExecutionPolicy, class _ForwardIterator, class _Tp> __pstl::__internal::__enable_if_execution_policy<_ExecutionPolicy, _ForwardIterator> std::find(_ExecutionPolicy&&, _ForwardIterator, _ForwardIterator, const _Tp&)[m[K’
[1.780s]    60 | [01;36m[Kfind[m[K(_ExecutionPolicy&& __exec, _ForwardIterator __first, _ForwardIterator __last, const _Tp& __value);
[1.780s]       | [01;36m[K^~~~[m[K
[1.781s] [01m[K/usr/include/c++/11/pstl/glue_algorithm_defs.h:60:1:[m[K [01;36m[Knote: [m[K  template argument deduction/substitution failed:
[1.781s] In file included from [01m[K/root/slam/slam/osm/osm-nav/src/osm_navigation/app/osm_node.cpp:13[m[K:
[1.781s] [01m[K/root/slam/slam/osm/osm-nav/src/osm_navigation/./include/osm/osm_parser.hpp:376:40:[m[K [01;36m[Knote: [m[K  deduced conflicting types for parameter ‘[01m[K_ForwardIterator[m[K’ (‘[01m[Kstd::_List_iterator<osm_nav::TmpNode_t>[m[K’ and ‘[01m[Kosm_nav::TmpNode_t[m[K’)
[1.781s]   376 |                     auto it = [01;36m[Kstd::find(observed_nodes.begin(),[m[K
[1.781s]       |                               [01;36m[K~~~~~~~~~^~~~~~~~~~~~~~~~~~~~~~~~[m[K
[1.781s]   377 | [01;36m[K                                        observed_nodes.end(),[m[K
[1.781s]       |                                         [01;36m[K~~~~~~~~~~~~~~~~~~~~~[m[K
[1.781s]   378 | [01;36m[K                                        osm_nav::TmpNode_t(n.id, tmp),[m[K
[1.781s]       |                                         [01;36m[K~~~~~~~~~~~~~~~~~~~~~~~~~~~~~~[m[K
[1.781s]   379 | [01;36m[K                                        [](const osm_nav::TmpNode_t& a, const osm_nav::TmpNode_t& b){[m[K
[1.781s]       |                                         [01;36m[K~~~~~~~~~~~~~~~~~~~~~~~~~~~~~~~~~~~~~~~~~~~~~~~~~~~~~~~~~~~~~[m[K
[1.781s]   380 | [01;36m[K                                            return a.id == b.id;[m[K
[1.781s]       |                                             [01;36m[K~~~~~~~~~~~~~~~~~~~~[m[K
[1.781s]   381 | [01;36m[K                                        })[m[K;
[1.781s]       |                                         [01;36m[K~~[m[K
[1.781s] [01m[K/root/slam/slam/osm/osm-nav/src/osm_navigation/./include/osm/osm_parser.hpp:386:45:[m[K [01;31m[Kerror: [m[K‘[01m[Kosm_nav::TmpNode_t::TmpNode_t(osmium::object_id_type, double)[m[K’ is private within this context
[1.781s]   386 |                     [01;31m[Kobserved_nodes.push_back({n.id, tmp})[m[K;
[1.781s]       |                     [01;31m[K~~~~~~~~~~~~~~~~~~~~~~~~^~~~~~~~~~~~~[m[K
[1.781s] In file included from [01m[K/root/slam/slam/osm/osm-nav/src/osm_navigation/app/osm_node.cpp:13[m[K:
[1.781s] [01m[K/root/slam/slam/osm/osm-nav/src/osm_navigation/./include/osm/osm_parser.hpp:61:5:[m[K [01;36m[Knote: [m[Kdeclared private here
[1.781s]    61 |     [01;36m[KTmpNode_t[m[K(osmium::object_id_type a, double b):id(a), cost(b){}
[1.781s]       |     [01;36m[K^~~~~~~~~[m[K
[1.781s] In file included from [01m[K/root/slam/slam/osm/osm-nav/src/osm_navigation/app/osm_node.cpp:13[m[K:
[1.781s] [01m[K/root/slam/slam/osm/osm-nav/src/osm_navigation/./include/osm/osm_parser.hpp:389:25:[m[K [01;31m[Kerror: [m[K‘[01m[Kosmium::object_id_type osm_nav::TmpNode_t::id[m[K’ is private within this context
[1.781s]   389 |             if (current.[01;31m[Kid[m[K == end1)break;
[1.781s]       |                         [01;31m[K^~[m[K
[1.781s] In file included from [01m[K/root/slam/slam/osm/osm-nav/src/osm_navigation/app/osm_node.cpp:13[m[K:
[1.781s] [01m[K/root/slam/slam/osm/osm-nav/src/osm_navigation/./include/osm/osm_parser.hpp:59:28:[m[K [01;36m[Knote: [m[Kdeclared private here
[1.781s]    59 |     osmium::object_id_type [01;36m[Kid[m[K;
[1.781s]       |                            [01;36m[K^~[m[K
[3.092s] gmake[2]: *** [CMakeFiles/osm_navigation.dir/build.make:76: CMakeFiles/osm_navigation.dir/osm/osm_parser.cpp.o] Error 1
[3.092s] gmake[2]: *** Waiting for unfinished jobs....
[3.188s] gmake[2]: *** [CMakeFiles/osm_navigation.dir/build.make:90: CMakeFiles/osm_navigation.dir/app/osm_node.cpp.o] Error 1
[3.188s] gmake[1]: *** [CMakeFiles/Makefile2:137: CMakeFiles/osm_navigation.dir/all] Error 2
[3.188s] gmake: *** [Makefile:146: all] Error 2
[3.189s] Invoked command in '/root/slam/slam/osm/osm-nav/build/osm_nav' returned '2': CMAKE_PREFIX_PATH=/root/slam/slam/osm/osm-nav/install/osm_nav_interface:/root/slam/slam/osm/osm-nav/install/osm_nav:/opt/ros/humble CONDA_PROMPT_MODIFIER=(openalt) /usr/bin/cmake --build /root/slam/slam/osm/osm-nav/build/osm_nav -- -j12 -l12
