[0.198s] DEBUG:colcon:Command line arguments: ['/usr/bin/colcon', 'build']
[0.198s] DEBUG:colcon:Parsed command line arguments: Namespace(log_base=None, log_level=None, verb_name='build', build_base='build', install_base='install', merge_install=False, symlink_install=False, test_result_base=None, continue_on_error=False, executor='parallel', parallel_workers=12, event_handlers=None, ignore_user_meta=False, metas=['./colcon.meta'], base_paths=['.'], packages_ignore=None, packages_ignore_regex=None, paths=None, packages_up_to=None, packages_up_to_regex=None, packages_above=None, packages_above_and_dependencies=None, packages_above_depth=None, packages_select_by_dep=None, packages_skip_by_dep=None, packages_skip_up_to=None, packages_select_build_failed=False, packages_skip_build_finished=False, packages_select_test_failures=False, packages_skip_test_passed=False, packages_select=None, packages_skip=None, packages_select_regex=None, packages_skip_regex=None, packages_start=None, packages_end=None, cmake_args=None, cmake_target=None, cmake_target_skip_unavailable=False, cmake_clean_cache=False, cmake_clean_first=False, cmake_force_configure=False, ament_cmake_args=None, catkin_cmake_args=None, catkin_skip_building_tests=False, mixin_files=None, mixin=None, verb_parser=<colcon_mixin.mixin.mixin_argument.MixinArgumentDecorator object at 0x7f943567a170>, verb_extension=<colcon_core.verb.build.BuildVerb object at 0x7f9435e66b90>, main=<bound method BuildVerb.main of <colcon_core.verb.build.BuildVerb object at 0x7f9435e66b90>>, mixin_verb=('build',))
[0.219s] Level 1:colcon.colcon_core.package_discovery:discover_packages(colcon_meta) check parameters
[0.219s] INFO:colcon.colcon_metadata.package_discovery.colcon_meta:Using configuration from '/root/.colcon/metadata/default/Gazebo.meta'
[0.219s] INFO:colcon.colcon_metadata.package_discovery.colcon_meta:Using configuration from '/root/.colcon/metadata/default/fastrtps.meta'
[0.220s] Level 1:colcon.colcon_core.package_discovery:discover_packages(recursive) check parameters
[0.220s] Level 1:colcon.colcon_core.package_discovery:discover_packages(ignore) check parameters
[0.220s] Level 1:colcon.colcon_core.package_discovery:discover_packages(path) check parameters
[0.220s] Level 1:colcon.colcon_core.package_discovery:discover_packages(colcon_meta) discover
[0.220s] Level 1:colcon.colcon_core.package_discovery:discover_packages(recursive) discover
[0.220s] INFO:colcon.colcon_core.package_discovery:Crawling recursively for packages in '/root/slam/slam/osm/osm-nav'
[0.220s] Level 1:colcon.colcon_core.package_identification:_identify(.) by extensions ['ignore', 'ignore_ament_install']
[0.220s] Level 1:colcon.colcon_core.package_identification:_identify(.) by extension 'ignore'
[0.220s] Level 1:colcon.colcon_core.package_identification:_identify(.) by extension 'ignore_ament_install'
[0.220s] Level 1:colcon.colcon_core.package_identification:_identify(.) by extensions ['colcon_pkg']
[0.220s] Level 1:colcon.colcon_core.package_identification:_identify(.) by extension 'colcon_pkg'
[0.220s] Level 1:colcon.colcon_core.package_identification:_identify(.) by extensions ['colcon_meta']
[0.220s] Level 1:colcon.colcon_core.package_identification:_identify(.) by extension 'colcon_meta'
[0.220s] Level 1:colcon.colcon_core.package_identification:_identify(.) by extensions ['ros']
[0.220s] Level 1:colcon.colcon_core.package_identification:_identify(.) by extension 'ros'
[0.227s] Level 1:colcon.colcon_core.package_identification:_identify(.) by extensions ['cmake', 'python']
[0.227s] Level 1:colcon.colcon_core.package_identification:_identify(.) by extension 'cmake'
[0.227s] Level 1:colcon.colcon_core.package_identification:_identify(.) by extension 'python'
[0.227s] Level 1:colcon.colcon_core.package_identification:_identify(.) by extensions ['python_setup_py']
[0.227s] Level 1:colcon.colcon_core.package_identification:_identify(.) by extension 'python_setup_py'
[0.227s] Level 1:colcon.colcon_core.package_identification:_identify(build) by extensions ['ignore', 'ignore_ament_install']
[0.228s] Level 1:colcon.colcon_core.package_identification:_identify(build) by extension 'ignore'
[0.228s] Level 1:colcon.colcon_core.package_identification:_identify(build) ignored
[0.228s] Level 1:colcon.colcon_core.package_identification:_identify(install) by extensions ['ignore', 'ignore_ament_install']
[0.228s] Level 1:colcon.colcon_core.package_identification:_identify(install) by extension 'ignore'
[0.228s] Level 1:colcon.colcon_core.package_identification:_identify(install) ignored
[0.228s] Level 1:colcon.colcon_core.package_identification:_identify(log) by extensions ['ignore', 'ignore_ament_install']
[0.228s] Level 1:colcon.colcon_core.package_identification:_identify(log) by extension 'ignore'
[0.228s] Level 1:colcon.colcon_core.package_identification:_identify(log) ignored
[0.228s] Level 1:colcon.colcon_core.package_identification:_identify(src) by extensions ['ignore', 'ignore_ament_install']
[0.228s] Level 1:colcon.colcon_core.package_identification:_identify(src) by extension 'ignore'
[0.228s] Level 1:colcon.colcon_core.package_identification:_identify(src) by extension 'ignore_ament_install'
[0.228s] Level 1:colcon.colcon_core.package_identification:_identify(src) by extensions ['colcon_pkg']
[0.228s] Level 1:colcon.colcon_core.package_identification:_identify(src) by extension 'colcon_pkg'
[0.228s] Level 1:colcon.colcon_core.package_identification:_identify(src) by extensions ['colcon_meta']
[0.228s] Level 1:colcon.colcon_core.package_identification:_identify(src) by extension 'colcon_meta'
[0.228s] Level 1:colcon.colcon_core.package_identification:_identify(src) by extensions ['ros']
[0.228s] Level 1:colcon.colcon_core.package_identification:_identify(src) by extension 'ros'
[0.228s] Level 1:colcon.colcon_core.package_identification:_identify(src) by extensions ['cmake', 'python']
[0.228s] Level 1:colcon.colcon_core.package_identification:_identify(src) by extension 'cmake'
[0.228s] Level 1:colcon.colcon_core.package_identification:_identify(src) by extension 'python'
[0.228s] Level 1:colcon.colcon_core.package_identification:_identify(src) by extensions ['python_setup_py']
[0.228s] Level 1:colcon.colcon_core.package_identification:_identify(src) by extension 'python_setup_py'
[0.228s] Level 1:colcon.colcon_core.package_identification:_identify(src/osm_nav_interface) by extensions ['ignore', 'ignore_ament_install']
[0.228s] Level 1:colcon.colcon_core.package_identification:_identify(src/osm_nav_interface) by extension 'ignore'
[0.228s] Level 1:colcon.colcon_core.package_identification:_identify(src/osm_nav_interface) by extension 'ignore_ament_install'
[0.228s] Level 1:colcon.colcon_core.package_identification:_identify(src/osm_nav_interface) by extensions ['colcon_pkg']
[0.228s] Level 1:colcon.colcon_core.package_identification:_identify(src/osm_nav_interface) by extension 'colcon_pkg'
[0.228s] Level 1:colcon.colcon_core.package_identification:_identify(src/osm_nav_interface) by extensions ['colcon_meta']
[0.228s] Level 1:colcon.colcon_core.package_identification:_identify(src/osm_nav_interface) by extension 'colcon_meta'
[0.228s] Level 1:colcon.colcon_core.package_identification:_identify(src/osm_nav_interface) by extensions ['ros']
[0.228s] Level 1:colcon.colcon_core.package_identification:_identify(src/osm_nav_interface) by extension 'ros'
[0.230s] DEBUG:colcon.colcon_core.package_identification:Package 'src/osm_nav_interface' with type 'ros.ament_cmake' and name 'osm_nav_interface'
[0.230s] Level 1:colcon.colcon_core.package_identification:_identify(src/osm_navigation) by extensions ['ignore', 'ignore_ament_install']
[0.230s] Level 1:colcon.colcon_core.package_identification:_identify(src/osm_navigation) by extension 'ignore'
[0.230s] Level 1:colcon.colcon_core.package_identification:_identify(src/osm_navigation) by extension 'ignore_ament_install'
[0.230s] Level 1:colcon.colcon_core.package_identification:_identify(src/osm_navigation) by extensions ['colcon_pkg']
[0.230s] Level 1:colcon.colcon_core.package_identification:_identify(src/osm_navigation) by extension 'colcon_pkg'
[0.230s] Level 1:colcon.colcon_core.package_identification:_identify(src/osm_navigation) by extensions ['colcon_meta']
[0.230s] Level 1:colcon.colcon_core.package_identification:_identify(src/osm_navigation) by extension 'colcon_meta'
[0.230s] Level 1:colcon.colcon_core.package_identification:_identify(src/osm_navigation) by extensions ['ros']
[0.230s] Level 1:colcon.colcon_core.package_identification:_identify(src/osm_navigation) by extension 'ros'
[0.231s] DEBUG:colcon.colcon_core.package_identification:Package 'src/osm_navigation' with type 'ros.ament_cmake' and name 'osm_nav'
[0.231s] Level 1:colcon.colcon_core.package_discovery:discover_packages(recursive) using defaults
[0.231s] Level 1:colcon.colcon_core.package_discovery:discover_packages(ignore) discover
[0.231s] Level 1:colcon.colcon_core.package_discovery:discover_packages(ignore) using defaults
[0.231s] Level 1:colcon.colcon_core.package_discovery:discover_packages(path) discover
[0.231s] Level 1:colcon.colcon_core.package_discovery:discover_packages(path) using defaults
[0.245s] Level 5:colcon.colcon_core.verb:set package 'osm_nav_interface' build argument 'cmake_args' from command line to 'None'
[0.245s] Level 5:colcon.colcon_core.verb:set package 'osm_nav_interface' build argument 'cmake_target' from command line to 'None'
[0.246s] Level 5:colcon.colcon_core.verb:set package 'osm_nav_interface' build argument 'cmake_target_skip_unavailable' from command line to 'False'
[0.246s] Level 5:colcon.colcon_core.verb:set package 'osm_nav_interface' build argument 'cmake_clean_cache' from command line to 'False'
[0.246s] Level 5:colcon.colcon_core.verb:set package 'osm_nav_interface' build argument 'cmake_clean_first' from command line to 'False'
[0.246s] Level 5:colcon.colcon_core.verb:set package 'osm_nav_interface' build argument 'cmake_force_configure' from command line to 'False'
[0.246s] Level 5:colcon.colcon_core.verb:set package 'osm_nav_interface' build argument 'ament_cmake_args' from command line to 'None'
[0.246s] Level 5:colcon.colcon_core.verb:set package 'osm_nav_interface' build argument 'catkin_cmake_args' from command line to 'None'
[0.246s] Level 5:colcon.colcon_core.verb:set package 'osm_nav_interface' build argument 'catkin_skip_building_tests' from command line to 'False'
[0.246s] DEBUG:colcon.colcon_core.verb:Building package 'osm_nav_interface' with the following arguments: {'ament_cmake_args': None, 'build_base': '/root/slam/slam/osm/osm-nav/build/osm_nav_interface', 'catkin_cmake_args': None, 'catkin_skip_building_tests': False, 'cmake_args': None, 'cmake_clean_cache': False, 'cmake_clean_first': False, 'cmake_force_configure': False, 'cmake_target': None, 'cmake_target_skip_unavailable': False, 'install_base': '/root/slam/slam/osm/osm-nav/install/osm_nav_interface', 'merge_install': False, 'path': '/root/slam/slam/osm/osm-nav/src/osm_nav_interface', 'symlink_install': False, 'test_result_base': None}
[0.246s] Level 5:colcon.colcon_core.verb:set package 'osm_nav' build argument 'cmake_args' from command line to 'None'
[0.246s] Level 5:colcon.colcon_core.verb:set package 'osm_nav' build argument 'cmake_target' from command line to 'None'
[0.246s] Level 5:colcon.colcon_core.verb:set package 'osm_nav' build argument 'cmake_target_skip_unavailable' from command line to 'False'
[0.246s] Level 5:colcon.colcon_core.verb:set package 'osm_nav' build argument 'cmake_clean_cache' from command line to 'False'
[0.246s] Level 5:colcon.colcon_core.verb:set package 'osm_nav' build argument 'cmake_clean_first' from command line to 'False'
[0.246s] Level 5:colcon.colcon_core.verb:set package 'osm_nav' build argument 'cmake_force_configure' from command line to 'False'
[0.246s] Level 5:colcon.colcon_core.verb:set package 'osm_nav' build argument 'ament_cmake_args' from command line to 'None'
[0.246s] Level 5:colcon.colcon_core.verb:set package 'osm_nav' build argument 'catkin_cmake_args' from command line to 'None'
[0.246s] Level 5:colcon.colcon_core.verb:set package 'osm_nav' build argument 'catkin_skip_building_tests' from command line to 'False'
[0.246s] DEBUG:colcon.colcon_core.verb:Building package 'osm_nav' with the following arguments: {'ament_cmake_args': None, 'build_base': '/root/slam/slam/osm/osm-nav/build/osm_nav', 'catkin_cmake_args': None, 'catkin_skip_building_tests': False, 'cmake_args': None, 'cmake_clean_cache': False, 'cmake_clean_first': False, 'cmake_force_configure': False, 'cmake_target': None, 'cmake_target_skip_unavailable': False, 'install_base': '/root/slam/slam/osm/osm-nav/install/osm_nav', 'merge_install': False, 'path': '/root/slam/slam/osm/osm-nav/src/osm_navigation', 'symlink_install': False, 'test_result_base': None}
[0.247s] INFO:colcon.colcon_core.executor:Executing jobs using 'parallel' executor
[0.250s] DEBUG:colcon.colcon_parallel_executor.executor.parallel:run_until_complete
[0.250s] INFO:colcon.colcon_ros.task.ament_cmake.build:Building ROS package in '/root/slam/slam/osm/osm-nav/src/osm_nav_interface' with build type 'ament_cmake'
[0.250s] INFO:colcon.colcon_cmake.task.cmake.build:Building CMake package in '/root/slam/slam/osm/osm-nav/src/osm_nav_interface'
[0.253s] INFO:colcon.colcon_core.plugin_system:Skipping extension 'colcon_core.shell.bat': Not used on non-Windows systems
[0.253s] INFO:colcon.colcon_core.shell:Skip shell extension 'powershell' for command environment: Not usable outside of PowerShell
[0.253s] DEBUG:colcon.colcon_core.shell:Skip shell extension 'dsv' for command environment
[0.261s] DEBUG:colcon.colcon_core.event_handler.log_command:Invoking command in '/root/slam/slam/osm/osm-nav/build/osm_nav_interface': CMAKE_PREFIX_PATH=${CMAKE_PREFIX_PATH}:/opt/ros/humble CONDA_PROMPT_MODIFIER=(base) /usr/bin/cmake --build /root/slam/slam/osm/osm-nav/build/osm_nav_interface -- -j12 -l12
[0.483s] DEBUG:colcon.colcon_core.event_handler.log_command:Invoked command in '/root/slam/slam/osm/osm-nav/build/osm_nav_interface' returned '0': CMAKE_PREFIX_PATH=${CMAKE_PREFIX_PATH}:/opt/ros/humble CONDA_PROMPT_MODIFIER=(base) /usr/bin/cmake --build /root/slam/slam/osm/osm-nav/build/osm_nav_interface -- -j12 -l12
[0.529s] DEBUG:colcon.colcon_core.event_handler.log_command:Invoking command in '/root/slam/slam/osm/osm-nav/build/osm_nav_interface': CMAKE_PREFIX_PATH=${CMAKE_PREFIX_PATH}:/opt/ros/humble CONDA_PROMPT_MODIFIER=(base) /usr/bin/cmake --install /root/slam/slam/osm/osm-nav/build/osm_nav_interface
[0.562s] Level 1:colcon.colcon_core.environment:create_environment_scripts_only(osm_nav_interface)
[0.562s] DEBUG:colcon.colcon_core.event_handler.log_command:Invoked command in '/root/slam/slam/osm/osm-nav/build/osm_nav_interface' returned '0': CMAKE_PREFIX_PATH=${CMAKE_PREFIX_PATH}:/opt/ros/humble CONDA_PROMPT_MODIFIER=(base) /usr/bin/cmake --install /root/slam/slam/osm/osm-nav/build/osm_nav_interface
[0.565s] Level 1:colcon.colcon_core.environment:checking '/root/slam/slam/osm/osm-nav/install/osm_nav_interface' for CMake module files
[0.566s] Level 1:colcon.colcon_core.environment:checking '/root/slam/slam/osm/osm-nav/install/osm_nav_interface' for CMake config files
[0.566s] Level 1:colcon.colcon_core.shell:create_environment_hook('osm_nav_interface', 'cmake_prefix_path')
[0.567s] INFO:colcon.colcon_core.shell:Creating environment hook '/root/slam/slam/osm/osm-nav/install/osm_nav_interface/share/osm_nav_interface/hook/cmake_prefix_path.ps1'
[0.567s] INFO:colcon.colcon_core.shell:Creating environment descriptor '/root/slam/slam/osm/osm-nav/install/osm_nav_interface/share/osm_nav_interface/hook/cmake_prefix_path.dsv'
[0.568s] INFO:colcon.colcon_core.shell:Creating environment hook '/root/slam/slam/osm/osm-nav/install/osm_nav_interface/share/osm_nav_interface/hook/cmake_prefix_path.sh'
[0.569s] Level 1:colcon.colcon_core.environment:checking '/root/slam/slam/osm/osm-nav/install/osm_nav_interface/lib'
[0.569s] Level 1:colcon.colcon_core.shell:create_environment_hook('osm_nav_interface', 'ld_library_path_lib')
[0.571s] INFO:colcon.colcon_core.shell:Creating environment hook '/root/slam/slam/osm/osm-nav/install/osm_nav_interface/share/osm_nav_interface/hook/ld_library_path_lib.ps1'
[0.571s] INFO:colcon.colcon_core.shell:Creating environment descriptor '/root/slam/slam/osm/osm-nav/install/osm_nav_interface/share/osm_nav_interface/hook/ld_library_path_lib.dsv'
[0.572s] INFO:colcon.colcon_core.shell:Creating environment hook '/root/slam/slam/osm/osm-nav/install/osm_nav_interface/share/osm_nav_interface/hook/ld_library_path_lib.sh'
[0.572s] Level 1:colcon.colcon_core.environment:checking '/root/slam/slam/osm/osm-nav/install/osm_nav_interface/bin'
[0.572s] Level 1:colcon.colcon_core.environment:checking '/root/slam/slam/osm/osm-nav/install/osm_nav_interface/lib/pkgconfig/osm_nav_interface.pc'
[0.574s] Level 1:colcon.colcon_core.environment:checking '/root/slam/slam/osm/osm-nav/install/osm_nav_interface/lib/python3.10/site-packages'
[0.574s] Level 1:colcon.colcon_core.environment:checking '/root/slam/slam/osm/osm-nav/install/osm_nav_interface/bin'
[0.575s] INFO:colcon.colcon_core.shell:Creating package script '/root/slam/slam/osm/osm-nav/install/osm_nav_interface/share/osm_nav_interface/package.ps1'
[0.575s] INFO:colcon.colcon_core.shell:Creating package descriptor '/root/slam/slam/osm/osm-nav/install/osm_nav_interface/share/osm_nav_interface/package.dsv'
[0.576s] INFO:colcon.colcon_core.shell:Creating package script '/root/slam/slam/osm/osm-nav/install/osm_nav_interface/share/osm_nav_interface/package.sh'
[0.576s] INFO:colcon.colcon_core.shell:Creating package script '/root/slam/slam/osm/osm-nav/install/osm_nav_interface/share/osm_nav_interface/package.bash'
[0.577s] INFO:colcon.colcon_core.shell:Creating package script '/root/slam/slam/osm/osm-nav/install/osm_nav_interface/share/osm_nav_interface/package.zsh'
[0.577s] Level 1:colcon.colcon_core.environment:create_file_with_runtime_dependencies(/root/slam/slam/osm/osm-nav/install/osm_nav_interface/share/colcon-core/packages/osm_nav_interface)
[0.609s] Level 1:colcon.colcon_core.environment:create_environment_scripts_only(osm_nav_interface)
[0.610s] Level 1:colcon.colcon_core.environment:checking '/root/slam/slam/osm/osm-nav/install/osm_nav_interface' for CMake module files
[0.611s] Level 1:colcon.colcon_core.environment:checking '/root/slam/slam/osm/osm-nav/install/osm_nav_interface' for CMake config files
[0.611s] Level 1:colcon.colcon_core.shell:create_environment_hook('osm_nav_interface', 'cmake_prefix_path')
[0.611s] INFO:colcon.colcon_core.shell:Creating environment hook '/root/slam/slam/osm/osm-nav/install/osm_nav_interface/share/osm_nav_interface/hook/cmake_prefix_path.ps1'
[0.612s] INFO:colcon.colcon_core.shell:Creating environment descriptor '/root/slam/slam/osm/osm-nav/install/osm_nav_interface/share/osm_nav_interface/hook/cmake_prefix_path.dsv'
[0.612s] INFO:colcon.colcon_core.shell:Creating environment hook '/root/slam/slam/osm/osm-nav/install/osm_nav_interface/share/osm_nav_interface/hook/cmake_prefix_path.sh'
[0.612s] Level 1:colcon.colcon_core.environment:checking '/root/slam/slam/osm/osm-nav/install/osm_nav_interface/lib'
[0.612s] Level 1:colcon.colcon_core.shell:create_environment_hook('osm_nav_interface', 'ld_library_path_lib')
[0.613s] INFO:colcon.colcon_core.shell:Creating environment hook '/root/slam/slam/osm/osm-nav/install/osm_nav_interface/share/osm_nav_interface/hook/ld_library_path_lib.ps1'
[0.613s] INFO:colcon.colcon_core.shell:Creating environment descriptor '/root/slam/slam/osm/osm-nav/install/osm_nav_interface/share/osm_nav_interface/hook/ld_library_path_lib.dsv'
[0.613s] INFO:colcon.colcon_core.shell:Creating environment hook '/root/slam/slam/osm/osm-nav/install/osm_nav_interface/share/osm_nav_interface/hook/ld_library_path_lib.sh'
[0.613s] Level 1:colcon.colcon_core.environment:checking '/root/slam/slam/osm/osm-nav/install/osm_nav_interface/bin'
[0.613s] Level 1:colcon.colcon_core.environment:checking '/root/slam/slam/osm/osm-nav/install/osm_nav_interface/lib/pkgconfig/osm_nav_interface.pc'
[0.614s] Level 1:colcon.colcon_core.environment:checking '/root/slam/slam/osm/osm-nav/install/osm_nav_interface/lib/python3.10/site-packages'
[0.614s] Level 1:colcon.colcon_core.environment:checking '/root/slam/slam/osm/osm-nav/install/osm_nav_interface/bin'
[0.615s] INFO:colcon.colcon_core.shell:Creating package script '/root/slam/slam/osm/osm-nav/install/osm_nav_interface/share/osm_nav_interface/package.ps1'
[0.615s] INFO:colcon.colcon_core.shell:Creating package descriptor '/root/slam/slam/osm/osm-nav/install/osm_nav_interface/share/osm_nav_interface/package.dsv'
[0.615s] INFO:colcon.colcon_core.shell:Creating package script '/root/slam/slam/osm/osm-nav/install/osm_nav_interface/share/osm_nav_interface/package.sh'
[0.615s] INFO:colcon.colcon_core.shell:Creating package script '/root/slam/slam/osm/osm-nav/install/osm_nav_interface/share/osm_nav_interface/package.bash'
[0.615s] INFO:colcon.colcon_core.shell:Creating package script '/root/slam/slam/osm/osm-nav/install/osm_nav_interface/share/osm_nav_interface/package.zsh'
[0.616s] Level 1:colcon.colcon_core.environment:create_file_with_runtime_dependencies(/root/slam/slam/osm/osm-nav/install/osm_nav_interface/share/colcon-core/packages/osm_nav_interface)
[0.616s] INFO:colcon.colcon_ros.task.ament_cmake.build:Building ROS package in '/root/slam/slam/osm/osm-nav/src/osm_navigation' with build type 'ament_cmake'
[0.616s] INFO:colcon.colcon_cmake.task.cmake.build:Building CMake package in '/root/slam/slam/osm/osm-nav/src/osm_navigation'
[0.617s] INFO:colcon.colcon_core.shell:Skip shell extension 'powershell' for command environment: Not usable outside of PowerShell
[0.617s] DEBUG:colcon.colcon_core.shell:Skip shell extension 'dsv' for command environment
[0.623s] DEBUG:colcon.colcon_core.event_handler.log_command:Invoking command in '/root/slam/slam/osm/osm-nav/build/osm_nav': CMAKE_PREFIX_PATH=/root/slam/slam/osm/osm-nav/install/osm_nav_interface:/root/slam/slam/osm/osm-nav/install/osm_nav:/opt/ros/humble CONDA_PROMPT_MODIFIER=(base) /usr/bin/cmake --build /root/slam/slam/osm/osm-nav/build/osm_nav -- -j12 -l12
[4.270s] DEBUG:colcon.colcon_core.event_handler.log_command:Invoked command in '/root/slam/slam/osm/osm-nav/build/osm_nav' returned '2': CMAKE_PREFIX_PATH=/root/slam/slam/osm/osm-nav/install/osm_nav_interface:/root/slam/slam/osm/osm-nav/install/osm_nav:/opt/ros/humble CONDA_PROMPT_MODIFIER=(base) /usr/bin/cmake --build /root/slam/slam/osm/osm-nav/build/osm_nav -- -j12 -l12
[4.288s] Level 1:colcon.colcon_core.environment:create_environment_scripts_only(osm_nav)
[4.289s] Level 1:colcon.colcon_core.environment:checking '/root/slam/slam/osm/osm-nav/install/osm_nav' for CMake module files
[4.289s] Level 1:colcon.colcon_core.environment:checking '/root/slam/slam/osm/osm-nav/install/osm_nav' for CMake config files
[4.289s] Level 1:colcon.colcon_core.shell:create_environment_hook('osm_nav', 'cmake_prefix_path')
[4.290s] INFO:colcon.colcon_core.shell:Creating environment hook '/root/slam/slam/osm/osm-nav/install/osm_nav/share/osm_nav/hook/cmake_prefix_path.ps1'
[4.290s] INFO:colcon.colcon_core.shell:Creating environment descriptor '/root/slam/slam/osm/osm-nav/install/osm_nav/share/osm_nav/hook/cmake_prefix_path.dsv'
[4.291s] INFO:colcon.colcon_core.shell:Creating environment hook '/root/slam/slam/osm/osm-nav/install/osm_nav/share/osm_nav/hook/cmake_prefix_path.sh'
[4.291s] Level 1:colcon.colcon_core.environment:checking '/root/slam/slam/osm/osm-nav/install/osm_nav/lib'
[4.291s] Level 1:colcon.colcon_core.environment:checking '/root/slam/slam/osm/osm-nav/install/osm_nav/bin'
[4.291s] Level 1:colcon.colcon_core.environment:checking '/root/slam/slam/osm/osm-nav/install/osm_nav/lib/pkgconfig/osm_nav.pc'
[4.291s] Level 1:colcon.colcon_core.environment:checking '/root/slam/slam/osm/osm-nav/install/osm_nav/lib/python3.10/site-packages'
[4.291s] Level 1:colcon.colcon_core.environment:checking '/root/slam/slam/osm/osm-nav/install/osm_nav/bin'
[4.292s] INFO:colcon.colcon_core.shell:Creating package script '/root/slam/slam/osm/osm-nav/install/osm_nav/share/osm_nav/package.ps1'
[4.292s] INFO:colcon.colcon_core.shell:Creating package descriptor '/root/slam/slam/osm/osm-nav/install/osm_nav/share/osm_nav/package.dsv'
[4.292s] INFO:colcon.colcon_core.shell:Creating package script '/root/slam/slam/osm/osm-nav/install/osm_nav/share/osm_nav/package.sh'
[4.293s] INFO:colcon.colcon_core.shell:Creating package script '/root/slam/slam/osm/osm-nav/install/osm_nav/share/osm_nav/package.bash'
[4.293s] INFO:colcon.colcon_core.shell:Creating package script '/root/slam/slam/osm/osm-nav/install/osm_nav/share/osm_nav/package.zsh'
[4.293s] Level 1:colcon.colcon_core.environment:create_file_with_runtime_dependencies(/root/slam/slam/osm/osm-nav/install/osm_nav/share/colcon-core/packages/osm_nav)
[4.303s] DEBUG:colcon.colcon_parallel_executor.executor.parallel:closing loop
[4.304s] DEBUG:colcon.colcon_parallel_executor.executor.parallel:loop closed
[4.304s] DEBUG:colcon.colcon_parallel_executor.executor.parallel:run_until_complete finished with '2'
[4.304s] DEBUG:colcon.colcon_core.event_reactor:joining thread
[4.307s] INFO:colcon.colcon_core.plugin_system:Skipping extension 'colcon_notification.desktop_notification.notify_send': Could not find 'notify-send'
[4.307s] INFO:colcon.colcon_core.plugin_system:Skipping extension 'colcon_notification.desktop_notification.terminal_notifier': Not used on non-Darwin systems
[4.307s] INFO:colcon.colcon_core.plugin_system:Skipping extension 'colcon_notification.desktop_notification.win32': Not used on non-Windows systems
[4.307s] INFO:colcon.colcon_notification.desktop_notification:Sending desktop notification using 'notify2'
[4.308s] DEBUG:colcon.colcon_notification.desktop_notification.notify2:Failed to initialize notify2: org.freedesktop.DBus.Error.Spawn.ExecFailed: /usr/bin/dbus-launch terminated abnormally without any error message
[4.309s] DEBUG:colcon.colcon_core.event_reactor:joined thread
[4.311s] INFO:colcon.colcon_core.shell:Creating prefix script '/root/slam/slam/osm/osm-nav/install/local_setup.ps1'
[4.313s] INFO:colcon.colcon_core.shell:Creating prefix util module '/root/slam/slam/osm/osm-nav/install/_local_setup_util_ps1.py'
[4.314s] INFO:colcon.colcon_core.shell:Creating prefix chain script '/root/slam/slam/osm/osm-nav/install/setup.ps1'
[4.316s] INFO:colcon.colcon_core.shell:Creating prefix script '/root/slam/slam/osm/osm-nav/install/local_setup.sh'
[4.317s] INFO:colcon.colcon_core.shell:Creating prefix util module '/root/slam/slam/osm/osm-nav/install/_local_setup_util_sh.py'
[4.317s] INFO:colcon.colcon_core.shell:Creating prefix chain script '/root/slam/slam/osm/osm-nav/install/setup.sh'
[4.318s] INFO:colcon.colcon_core.shell:Creating prefix script '/root/slam/slam/osm/osm-nav/install/local_setup.bash'
[4.318s] INFO:colcon.colcon_core.shell:Creating prefix chain script '/root/slam/slam/osm/osm-nav/install/setup.bash'
[4.319s] INFO:colcon.colcon_core.shell:Creating prefix script '/root/slam/slam/osm/osm-nav/install/local_setup.zsh'
[4.320s] INFO:colcon.colcon_core.shell:Creating prefix chain script '/root/slam/slam/osm/osm-nav/install/setup.zsh'
